Log file open, 05/16/17 21:57:01
LogInit:Display: Running engine for game: TwinStickShooter
LogPlatformFile: Not using cached read wrapper
LogInit:Display: RandInit(1316852339) SRandInit(1316852339).
LogTaskGraph: Started task graph with 5 named threads and 8 total threads with 1 sets of task threads.
LogStats: Stats thread started at 0.070152
LogInit: Using libcurl 7.47.1
LogInit:  - built for x86_64-pc-win32
LogInit:  - supports SSL with OpenSSL/1.0.2g
LogInit:  - supports HTTP deflate (compression) using libz 1.2.8
LogInit:  - other features:
LogInit:      CURL_VERSION_SSL
LogInit:      CURL_VERSION_LIBZ
LogInit:      CURL_VERSION_IPV6
LogInit:      CURL_VERSION_ASYNCHDNS
LogInit:      CURL_VERSION_LARGEFILE
LogInit:      CURL_VERSION_IDN
LogInit:  CurlRequestOptions (configurable via config and command line):
LogInit:  - bVerifyPeer = false  - Libcurl will NOT verify peer certificate
LogInit:  - bUseHttpProxy = false  - Libcurl will NOT use HTTP proxy
LogInit:  - bDontReuseConnections = false  - Libcurl will reuse connections
LogInit:  - CertBundlePath = nullptr  - Libcurl will use whatever was configured at build time.
LogInit: Build: ++UE4+Release-4.15-CL-3416026
LogInit: Engine Version: 4.15.2-3416026+++UE4+Release-4.15
LogInit: Compatible Engine Version: 4.15.0-3299760+++UE4+Release-4.15
LogInit: Net CL: 3299760
LogDevObjectVersion: Number of dev versions registered: 14
LogDevObjectVersion:   Dev-Blueprints (B0D832E4-1F89-4F0D-ACCF-7EB736FD4AA2): 8
LogDevObjectVersion:   Dev-Build (E1C64328-A22C-4D53-A36C-8E866417BD8C): 0
LogDevObjectVersion:   Dev-Core (375EC13C-06E4-48FB-B500-84F0262A717E): 2
LogDevObjectVersion:   Dev-Editor (E4B068ED-F494-42E9-A231-DA0B2E46BB41): 14
LogDevObjectVersion:   Dev-Framework (CFFC743F-43B0-4480-9391-14DF171D2073): 22
LogDevObjectVersion:   Dev-Mobile (B02B49B5-BB20-44E9-A304-32B752E40360): 0
LogDevObjectVersion:   Dev-Networking (A4E4105C-59A1-49B5-A7C5-40C4547EDFEE): 0
LogDevObjectVersion:   Dev-Online (39C831C9-5AE6-47DC-9A44-9C173E1C8E7C): 0
LogDevObjectVersion:   Dev-Physics (78F01B33-EBEA-4F98-B9B4-84EACCB95AA2): 0
LogDevObjectVersion:   Dev-Platform (6631380F-2D4D-43E0-8009-CF276956A95A): 0
LogDevObjectVersion:   Dev-Rendering (12F88B9F-8875-4AFC-A67C-D90C383ABD29): 12
LogDevObjectVersion:   Dev-Sequencer (7B5AE74C-D270-4C10-A958-57980B212A5A): 3
LogDevObjectVersion:   Dev-VR (D7296918-1DD6-4BDD-9DE2-64A83CC13884): 0
LogDevObjectVersion:   Dev-LoadTimes (C2A15278-BFE7-4AFE-6C17-90FF531DF755): 1
LogInit: Compiled (64-bit): May  1 2017 13:11:28
LogInit: Compiled with Visual C++: 19.00.23026.00
LogInit: Build Configuration: Development
LogInit: Branch Name: ++UE4+Release-4.15
LogInit: Command line:  
LogInit: Base directory: D:/Programme/UnrealEngine4/UE_4.15/Engine/Binaries/Win64/
LogInit: Installed Engine Build: 1
LogInit: Presizing for max 8388607 objects, including 0 objects not considered by GC, pre-allocating 0 bytes for permanent pool.
LogInit: Object subsystem initialized
[2017.05.16-19.57.01:779][  0]LogInit: Selected Device Profile: [Windows]
[2017.05.16-19.57.01:779][  0]LogInit: Applying CVar settings loaded from the selected device profile: [Windows]
[2017.05.16-19.57.01:788][  0]LogInit: Computer: DESKTOP-HG70O20
[2017.05.16-19.57.01:788][  0]LogInit: User: Felix
[2017.05.16-19.57.01:788][  0]LogInit: CPU Page size=65536, Cores=4
[2017.05.16-19.57.01:788][  0]LogInit: High frequency timer resolution =3.319352 MHz
[2017.05.16-19.57.01:788][  0]LogMemory: Memory total: Physical=15.9GB (16GB approx)
[2017.05.16-19.57.01:788][  0]LogMemory: Platform Memory Stats for Windows
[2017.05.16-19.57.01:788][  0]LogMemory: Process Physical Memory: 263.00 MB used, 263.00 MB peak
[2017.05.16-19.57.01:788][  0]LogMemory: Process Virtual Memory: 262.56 MB used, 262.56 MB peak
[2017.05.16-19.57.01:788][  0]LogMemory: Physical Memory: 5184.39 MB used,  11148.05 MB free, 16332.44 MB total
[2017.05.16-19.57.01:788][  0]LogMemory: Virtual Memory: 644.54 MB used,  11148.05 MB free, 134217728.00 MB total
[2017.05.16-19.57.01:852][  0]LogTextLocalizationManager: No translations for ('de-DE') exist, falling back to 'en' for localization and internationalization data.
[2017.05.16-19.57.02:382][  0]LogD3D11RHI: D3D11 adapters:
[2017.05.16-19.57.02:414][  0]LogD3D11RHI:    0. 'NVIDIA GeForce GTX 760' (Feature Level 11_0)
[2017.05.16-19.57.02:414][  0]LogD3D11RHI:       2017/0/8166 MB DedicatedVideo/DedicatedSystem/SharedSystem, Outputs:2, VendorId:0x10de
[2017.05.16-19.57.02:415][  0]LogD3D11RHI:    1. 'Microsoft Basic Render Driver' (Feature Level 11_0)
[2017.05.16-19.57.02:415][  0]LogD3D11RHI:       0/0/8166 MB DedicatedVideo/DedicatedSystem/SharedSystem, Outputs:0, VendorId:0x1414
[2017.05.16-19.57.02:415][  0]LogD3D11RHI: Chosen D3D11 Adapter: 0
[2017.05.16-19.57.02:418][  0]LogD3D11RHI: Creating new Direct3DDevice
[2017.05.16-19.57.02:418][  0]LogD3D11RHI:     GPU DeviceId: 0x1187 (for the marketing name, search the web for "GPU Device Id")
[2017.05.16-19.57.02:418][  0]LogWindows: EnumDisplayDevices:
[2017.05.16-19.57.02:418][  0]LogWindows:    0. 'NVIDIA GeForce GTX 760' (P:1 D:1)
[2017.05.16-19.57.02:419][  0]LogWindows:    1. 'NVIDIA GeForce GTX 760' (P:0 D:1)
[2017.05.16-19.57.02:419][  0]LogWindows:    2. 'NVIDIA GeForce GTX 760' (P:0 D:0)
[2017.05.16-19.57.02:419][  0]LogWindows:    3. 'NVIDIA GeForce GTX 760' (P:0 D:0)
[2017.05.16-19.57.02:419][  0]LogWindows: DebugString: FoundDriverCount:4 
[2017.05.16-19.57.02:419][  0]LogD3D11RHI:     Adapter Name: NVIDIA GeForce GTX 760
[2017.05.16-19.57.02:419][  0]LogD3D11RHI:   Driver Version: 381.65 (internal:22.21.13.8165, unified:381.65)
[2017.05.16-19.57.02:419][  0]LogD3D11RHI:      Driver Date: 3-31-2017
[2017.05.16-19.57.02:419][  0]LogRHI: Texture pool is 1361 MB (70% of 1945 MB)
[2017.05.16-19.57.02:439][  0]LogD3D11RHI:Warning: Timestamp queries are currently disabled on this hardware due to instability. Realtime GPU stats will not be available. You can override this behaviour by setting r.NVIDIATimestampWorkaround to 0
[2017.05.16-19.57.02:441][  0]LogD3D11RHI: [Aftermath] Aftermath enabled and primed
[2017.05.16-19.57.02:441][  0]LogD3D11RHI: Async texture creation enabled
[2017.05.16-19.57.02:456][  0]LogD3D11RHI: GPU Timing Frequency: 1000.000000 (Debug: 2 2)
[2017.05.16-19.57.02:554][  0]LogShaderCompilers: Guid format shader working directory is -20 characters bigger than the processId version (../../../../../../UnrealProjekte/TwinStickShooter/TwinStickShooter/Intermediate/Shaders/WorkingDirectory/8068/).
[2017.05.16-19.57.02:555][  0]LogShaderCompilers: Cleaned the shader compiler working directory 'C:/Users/Felix/AppData/Local/Temp/UnrealShaderWorkingDir/C9BB79874BCA5855B63EFEBF3214B3C3/'.
[2017.05.16-19.57.02:555][  0]LogShaderCompilers:Display: Using Local Shader Compiler.
[2017.05.16-19.57.03:534][  0]LogTemp:Display: Loaded TP AllDesktopTargetPlatform
[2017.05.16-19.57.03:576][  0]LogTemp:Display: Loaded TP MacClientTargetPlatform
[2017.05.16-19.57.03:619][  0]LogTemp:Display: Loaded TP MacNoEditorTargetPlatform
[2017.05.16-19.57.03:661][  0]LogTemp:Display: Loaded TP MacServerTargetPlatform
[2017.05.16-19.57.03:705][  0]LogTemp:Display: Loaded TP MacTargetPlatform
[2017.05.16-19.57.03:749][  0]LogTemp:Display: Loaded TP WindowsClientTargetPlatform
[2017.05.16-19.57.03:788][  0]LogTemp:Display: Loaded TP WindowsNoEditorTargetPlatform
[2017.05.16-19.57.03:828][  0]LogTemp:Display: Loaded TP WindowsServerTargetPlatform
[2017.05.16-19.57.03:859][  0]LogTemp:Display: Loaded TP WindowsTargetPlatform
[2017.05.16-19.57.03:897][  0]LogTemp:Display: Loaded TP AndroidTargetPlatform
[2017.05.16-19.57.03:936][  0]LogTemp:Display: Loaded TP Android_ASTCTargetPlatform
[2017.05.16-19.57.03:978][  0]LogTemp:Display: Loaded TP Android_ATCTargetPlatform
[2017.05.16-19.57.04:020][  0]LogTemp:Display: Loaded TP Android_DXTTargetPlatform
[2017.05.16-19.57.04:061][  0]LogTemp:Display: Loaded TP Android_ETC1TargetPlatform
[2017.05.16-19.57.04:102][  0]LogTemp:Display: Loaded TP Android_ETC2TargetPlatform
[2017.05.16-19.57.04:181][  0]LogTemp:Display: Loaded TP Android_MultiTargetPlatform
[2017.05.16-19.57.04:182][  0]LogTemp:Display: Loaded TP Android_PVRTCTargetPlatform
[2017.05.16-19.57.04:206][  0]LogTemp:Display: Loaded TP HTML5TargetPlatform
[2017.05.16-19.57.04:282][  0]LogTemp:Display: Loaded TP IOSTargetPlatform
[2017.05.16-19.57.04:309][  0]LogTemp:Display: Loaded TP TVOSTargetPlatform
[2017.05.16-19.57.04:348][  0]LogTemp:Display: Loaded TP LinuxClientTargetPlatform
[2017.05.16-19.57.04:386][  0]LogTemp:Display: Loaded TP LinuxNoEditorTargetPlatform
[2017.05.16-19.57.04:427][  0]LogTemp:Display: Loaded TP LinuxServerTargetPlatform
[2017.05.16-19.57.04:471][  0]LogTemp:Display: Loaded TP LinuxTargetPlatform
[2017.05.16-19.57.04:471][  0]LogTargetPlatformManager:Display: Building Assets For Windows
[2017.05.16-19.57.04:787][  0]LogDerivedDataCache:Display: Max Cache Size: 512 MB
[2017.05.16-19.57.04:833][  0]LogDerivedDataCache: Loaded boot cache 0.05s 50MB C:/Users/Felix/AppData/Local/UnrealEngine/4.15/DerivedDataCache/Boot.ddc.
[2017.05.16-19.57.04:833][  0]LogDerivedDataCache:Display: Loaded Boot cache: C:/Users/Felix/AppData/Local/UnrealEngine/4.15/DerivedDataCache/Boot.ddc
[2017.05.16-19.57.04:833][  0]LogDerivedDataCache: FDerivedDataBackendGraph:  Pak pak cache file ../../../../../../UnrealProjekte/TwinStickShooter/TwinStickShooter/DerivedDataCache/DDC.ddp not found, will not use a pak cache.
[2017.05.16-19.57.04:833][  0]LogDerivedDataCache: Unable to find inner node Pak for hierarchical cache Hierarchy.
[2017.05.16-19.57.04:833][  0]LogDerivedDataCache: FDerivedDataBackendGraph:  CompressedPak pak cache file ../../../../../../UnrealProjekte/TwinStickShooter/TwinStickShooter/DerivedDataCache/Compressed.ddp not found, will not use a pak cache.
[2017.05.16-19.57.04:833][  0]LogDerivedDataCache: Unable to find inner node CompressedPak for hierarchical cache Hierarchy.
[2017.05.16-19.57.04:850][  0]LogDerivedDataCache:Display: Pak cache opened for reading ../../../Engine/DerivedDataCache/Compressed.ddp.
[2017.05.16-19.57.04:862][  0]LogDerivedDataCache: Using Local data cache path C:/Users/Felix/AppData/Local/UnrealEngine/Common/DerivedDataCache: Writable
[2017.05.16-19.57.04:870][  0]LogSlate: Using Freetype 2.6.0
[2017.05.16-19.57.04:871][  0]LogSlate: SlateFontCache - WITH_FREETYPE: 1, WITH_HARFBUZZ: 1
[2017.05.16-19.57.04:871][  0]LogSlate: SlateFontCache - WITH_FREETYPE: 1, WITH_HARFBUZZ: 1
[2017.05.16-19.57.05:094][  0]LogInit: Selected Device Profile: [Windows]
[2017.05.16-19.57.05:095][  0]LogContentStreaming: Texture pool size is 0.00 MB
[2017.05.16-19.57.05:259][  0]LogMeshUtilities: Using QuadricMeshReduction for automatic static mesh reduction
[2017.05.16-19.57.05:288][  0]LogSimplygon: Simplygon DLL not present - disabling.
[2017.05.16-19.57.05:320][  0]LogMeshUtilities: Using SimplygonSwarm for distributed automatic mesh merging
[2017.05.16-19.57.05:320][  0]LogMeshUtilities: No automatic skeletal mesh reduction module available
[2017.05.16-19.57.05:320][  0]LogMeshUtilities: No automatic mesh merging module available
[2017.05.16-19.57.05:759][  0]LogNetVersion: GetLocalNetworkVersion: CL: 3299760, ProjectName: twinstickshooter, ProjectVersion: , EngineNetworkVersion: 2, GameNetworkVersion: 0, NetworkChecksum: 2279078725
[2017.05.16-19.57.05:797][  0]LogAssetRegistry: FAssetRegistry took 0.0215 seconds to start up
[2017.05.16-19.57.05:821][  0]LogPackageLocalizationCache: Processed 3 localized package path(s) for 1 prioritized culture(s) in 0.010272 seconds
[2017.05.16-19.57.05:826][  0]LogUObjectArray: 32493 objects as part of root set at end of initial load.
[2017.05.16-19.57.05:826][  0]LogUObjectAllocator: 7077024 out of 0 bytes used by permanent object pool.
[2017.05.16-19.57.05:826][  0]LogUObjectArray: CloseDisregardForGC: 0/0 objects in disregard for GC pool
[2017.05.16-19.57.05:867][  0]LogInit: WinSock: version 1.1 (2.2), MaxSocks=32767, MaxUdp=65467
[2017.05.16-19.57.07:063][  0]LogTcpMessaging: Initializing TcpMessaging bridge
[2017.05.16-19.57.07:094][  0]LogUdpMessaging: Initializing bridge on interface 0.0.0.0:0 to multicast group 230.0.0.1:6666.
[2017.05.16-19.57.07:431][  0]LogMaterial: Uniform references updated for custom material expression Custom.
[2017.05.16-19.57.07:730][  0]SourceControl: Info Source control is disabled
[2017.05.16-19.57.07:782][  0]SourceControl: Info Source control is disabled
[2017.05.16-19.57.07:814][  0]SourceControl: Info Source control is disabled
[2017.05.16-19.57.07:845][  0]SourceControl: Info Source control is disabled
[2017.05.16-19.57.08:749][  0]LogEngine: Initializing Engine...
[2017.05.16-19.57.08:750][  0]LogHMD: Failed to initialize OpenVR with code 110
[2017.05.16-19.57.08:851][  0]LogStats: UGameplayTagsManager::ConstructGameplayTagTree: Construct from data asset -  0.000 s
[2017.05.16-19.57.08:851][  0]LogStats: UGameplayTagsManager::ConstructGameplayTagTree: GameplayTagTreeChangedEvent.Broadcast -  0.000 s
[2017.05.16-19.57.08:935][  0]LogAIModule: Creating AISystem for world Untitled
[2017.05.16-19.57.08:947][  0]LogInit: XAudio2 using 'Lautsprecher (Realtek High Definition Audio)' : 2 channels at 48 kHz using 32 bits per sample (channel mask 0x3)
[2017.05.16-19.57.08:957][  0]LogInit: FAudioDevice initialized.
[2017.05.16-19.57.08:984][  0]LogDerivedDataCache: Saved boot cache 0.03s 50MB C:/Users/Felix/AppData/Local/UnrealEngine/4.15/DerivedDataCache/Boot.ddc.
[2017.05.16-19.57.08:992][  0]LogInit: Texture streaming: Enabled
[2017.05.16-19.57.09:065][  0]LogEngineSessionManager: EngineSessionManager initialized
[2017.05.16-19.57.09:133][  0]LogInit: Transaction tracking system initialized
[2017.05.16-19.57.09:382][  0]BlueprintLog: New page: Editor Load
[2017.05.16-19.57.09:997][  0]LocalizationService: Info Localization service is disabled
[2017.05.16-19.57.10:481][  0]LogConsoleResponse:Display: 
[2017.05.16-19.57.10:585][  0]LogCook:Display: Max memory allowance for cook 16384mb min free memory 0mb
[2017.05.16-19.57.10:585][  0]LogCook:Display: Mobile HDR setting 1
[2017.05.16-19.57.11:341][  0]LogFileCache: Scanning file cache for directory 'D:/UnrealProjekte/TwinStickShooter/TwinStickShooter/Content/' took 0.01s
[2017.05.16-19.57.11:341][  0]SourceControl: Info Source control is disabled
[2017.05.16-19.57.11:341][  0]Cmd: MAP LOAD FILE="../../../Engine/Content/Maps/Templates/Template_Default.umap" TEMPLATE=1 SHOWPROGRESS=1 FEATURELEVEL=3
[2017.05.16-19.57.11:342][  0]LightingResults: New page: Lighting Build
[2017.05.16-19.57.11:370][  0]MapCheck: New page: Map Check
[2017.05.16-19.57.11:370][  0]LightingResults: New page: Lighting Build
[2017.05.16-19.57.11:555][  0]LogAIModule: Creating AISystem for world Untitled_1
[2017.05.16-19.57.11:573][  0]LogActorComponent: RegisterComponentWithWorld: (/Temp/Untitled_1.Untitled_1:PersistentLevel.WorldSettings_1.StaticMeshComponent0) Trying to register component with IsPendingKill() == true. Aborting.
[2017.05.16-19.57.11:576][  0]LogEditorServer: Finished looking for orphan Actors (0.000 secs)
[2017.05.16-19.57.11:580][  0]Cmd: MAP CHECKDEP NOCLEARLOG
[2017.05.16-19.57.11:608][  0]MapCheck: Info Map check complete: 0 Error(s), 0 Warning(s), took 28.176ms to complete.
[2017.05.16-19.57.11:608][  0]LogFileHelpers: Loading map 'Template_Default' took 0.267
[2017.05.16-19.57.11:769][  0]LogCollectionManager: Loaded 0 collections in 0.001189 seconds
[2017.05.16-19.57.11:871][  0]LogFileCache: Scanning file cache for directory 'D:/UnrealProjekte/TwinStickShooter/TwinStickShooter/Saved/Collections/' took 0.01s
[2017.05.16-19.57.11:871][  0]LogFileCache: Scanning file cache for directory 'D:/UnrealProjekte/TwinStickShooter/TwinStickShooter/Content/Developers/Felix/Collections/' took 0.01s
[2017.05.16-19.57.11:871][  0]LogFileCache: Scanning file cache for directory 'D:/UnrealProjekte/TwinStickShooter/TwinStickShooter/Content/Collections/' took 0.01s
[2017.05.16-19.57.11:871][  0]LogCollectionManager: Rebuilt the GUID cache for 0 collections in 0.000002 seconds
[2017.05.16-19.57.11:881][  0]LogContentBrowser: Native class hierarchy populated in 0.0098 seconds. Added 2245 classes and 453 folders.
[2017.05.16-19.57.11:937][  0]LogContentBrowser: Native class hierarchy updated for 'WidgetCarousel' in 0.0004 seconds. Added 0 classes and 0 folders.
[2017.05.16-19.57.11:968][  0]LogContentBrowser: Native class hierarchy updated for 'AddContentDialog' in 0.0004 seconds. Added 0 classes and 0 folders.
[2017.05.16-19.57.12:004][  0]LogContentBrowser: Native class hierarchy updated for 'WorldBrowser' in 0.0005 seconds. Added 1 classes and 3 folders.
[2017.05.16-19.57.12:041][  0]LogContentBrowser: Native class hierarchy updated for 'SceneOutliner' in 0.0005 seconds. Added 1 classes and 2 folders.
[2017.05.16-19.57.12:080][  0]LogCrashTracker: Crashtracker disabled due to settings.
[2017.05.16-19.57.12:087][  0]LogUObjectGlobals:Warning: Failed to find object 'Class None.'
[2017.05.16-19.57.12:144][  0]LogContentBrowser: Native class hierarchy updated for 'HierarchicalLODOutliner' in 0.0005 seconds. Added 1 classes and 2 folders.
[2017.05.16-19.57.12:144][  0]LogLoad: (Engine Initialization) Total time: 11.78 seconds
[2017.05.16-19.57.12:144][  0]LogLoad: (Engine Initialization) Total Blueprint compile time: 0.07 seconds
[2017.05.16-19.57.12:144][  0]LogExternalProfiler: Found external profiler: VSPerf
[2017.05.16-19.57.12:144][  0]LogExternalProfiler: Using external profiler: VSPerf
[2017.05.16-19.57.12:485][  0]LogOcInput: OculusInput pre-init called
[2017.05.16-19.57.12:513][  0]LogContentStreaming: Texture pool size now 1000 MB
[2017.05.16-19.57.12:515][  0]LogSlate: Took 0.000407 seconds to synchronously load lazily loaded font '../../../Engine/Content/Slate/Fonts/Roboto-Regular.ttf' (155K)
[2017.05.16-19.57.12:524][  0]LogSlate: Took 0.000429 seconds to synchronously load lazily loaded font '../../../Engine/Content/Slate/Fonts/Roboto-Bold.ttf' (160K)
[2017.05.16-19.57.12:537][  0]LogSlate: Took 0.000385 seconds to synchronously load lazily loaded font '../../../Engine/Content/Editor/Slate/Fonts/FontAwesome.ttf' (139K)
[2017.05.16-19.57.12:748][  0]LogRenderer: Reallocating scene render targets to support 1220x668 NumSamples 1 (Frame:2).
[2017.05.16-19.57.12:825][  1]LogAssetRegistry: Asset discovery search completed in 7.0498 seconds
[2017.05.16-19.57.12:825][  1]LogCollectionManager: Rebuilt the object cache for 0 collections in 0.000005 seconds (found 0 objects)
[2017.05.16-19.57.12:825][  1]LogCollectionManager: Fixed up redirectors for 0 collections in 0.000021 seconds (updated 0 objects)
