Log file open, 11/24/17 23:48:26
LogWindows: Failed to load 'aqProf.dll' (GetLastError=126)
LogWindows: File 'aqProf.dll' does not exist
LogWindows: Failed to load 'VSPerf140.dll' (GetLastError=126)
LogWindows: File 'VSPerf140.dll' does not exist
LogWindows: Failed to load 'VtuneApi.dll' (GetLastError=126)
LogWindows: File 'VtuneApi.dll' does not exist
LogWindows: Failed to load 'VtuneApi32e.dll' (GetLastError=126)
LogWindows: File 'VtuneApi32e.dll' does not exist
LogInit: Display: Running engine for game: TwinStickShooter
LogPlatformFile: Not using cached read wrapper
LogInit: Display: RandInit(1079172823) SRandInit(1079172823).
LogInit: Read version file with build ID '3709383'
LogInit: Overriding engine version to CL 3754814, compatible CL 3709383
LogInit: Registered custom module enumerator with build ID '3709383'
LogTaskGraph: Started task graph with 5 named threads and 14 total threads with 3 sets of task threads.
LogStats: Stats thread started at 0.188067
LogD3D11RHI: Aftermath initialized
LogModuleManager: Display: Found up-to-date module file ../../../Engine/Plugins/2D/Paper2D/Binaries/Win64/UE4Editor-Paper2D.dll (API version 3709383).
LogModuleManager: Display: Found up-to-date module file ../../../Engine/Plugins/2D/Paper2D/Binaries/Win64/UE4Editor-Paper2DEditor.dll (API version 3709383).
LogModuleManager: Display: Found up-to-date module file ../../../Engine/Plugins/2D/Paper2D/Binaries/Win64/UE4Editor-PaperSpriteSheetImporter.dll (API version 3709383).
LogModuleManager: Display: Found up-to-date module file ../../../Engine/Plugins/2D/Paper2D/Binaries/Win64/UE4Editor-PaperTiledImporter.dll (API version 3709383).
LogModuleManager: Display: Found up-to-date module file ../../../Engine/Plugins/2D/Paper2D/Binaries/Win64/UE4Editor-SmartSnapping.dll (API version 3709383).
LogModuleManager: Display: Found up-to-date module file ../../../Engine/Plugins/Blendables/LightPropagationVolume/Binaries/Win64/UE4Editor-LightPropagationVolumeRuntime.dll (API version 3709383).
LogModuleManager: Display: Found up-to-date module file ../../../Engine/Plugins/Blendables/LightPropagationVolume/Binaries/Win64/UE4Editor-LightPropagationVolumeEditor.dll (API version 3709383).
LogModuleManager: Display: Found up-to-date module file ../../../Engine/Plugins/Developer/GitSourceControl/Binaries/Win64/UE4Editor-GitSourceControl.dll (API version 3709383).
LogModuleManager: Display: Found up-to-date module file ../../../Engine/Plugins/Developer/PerforceSourceControl/Binaries/Win64/UE4Editor-PerforceSourceControl.dll (API version 3709383).
LogModuleManager: Display: Found up-to-date module file ../../../Engine/Plugins/Developer/SubversionSourceControl/Binaries/Win64/UE4Editor-SubversionSourceControl.dll (API version 3709383).
LogModuleManager: Display: Found up-to-date module file ../../../Engine/Plugins/Developer/UObjectPlugin/Binaries/Win64/UE4Editor-UObjectPlugin.dll (API version 3709383).
LogModuleManager: Display: Found up-to-date module file ../../../Engine/Plugins/Developer/VisualStudioCodeSourceCodeAccess/Binaries/Win64/UE4Editor-VisualStudioCodeSourceCodeAccess.dll (API version 3709383).
LogModuleManager: Display: Found up-to-date module file ../../../Engine/Plugins/Developer/VisualStudioSourceCodeAccess/Binaries/Win64/UE4Editor-VisualStudioSourceCodeAccess.dll (API version 3709383).
LogModuleManager: Display: Found up-to-date module file ../../../Engine/Plugins/Editor/AssetManagerEditor/Binaries/Win64/UE4Editor-AssetManagerEditor.dll (API version 3709383).
LogModuleManager: Display: Found up-to-date module file ../../../Engine/Plugins/Editor/AudioCapture/Binaries/Win64/UE4Editor-AudioCapture.dll (API version 3709383).
LogModuleManager: Display: Found up-to-date module file ../../../Engine/Plugins/Editor/FacialAnimation/Binaries/Win64/UE4Editor-FacialAnimation.dll (API version 3709383).
LogModuleManager: Display: Found up-to-date module file ../../../Engine/Plugins/Editor/FacialAnimation/Binaries/Win64/UE4Editor-FacialAnimationEditor.dll (API version 3709383).
LogModuleManager: Display: Found up-to-date module file ../../../Engine/Plugins/Editor/GameplayTagsEditor/Binaries/Win64/UE4Editor-GameplayTagsEditor.dll (API version 3709383).
LogModuleManager: Display: Found up-to-date module file ../../../Engine/Plugins/Editor/MobileLauncherProfileWizard/Binaries/Win64/UE4Editor-MobileLauncherProfileWizard.dll (API version 3709383).
LogModuleManager: Display: Found up-to-date module file ../../../Engine/Plugins/Editor/PluginBrowser/Binaries/Win64/UE4Editor-PluginBrowser.dll (API version 3709383).
LogModuleManager: Display: Found up-to-date module file ../../../Engine/Plugins/Editor/SpeedTreeImporter/Binaries/Win64/UE4Editor-SpeedTreeImporter.dll (API version 3709383).
LogModuleManager: Display: Found up-to-date module file ../../../Engine/Plugins/Experimental/AlembicImporter/Binaries/Win64/UE4Editor-AlembicImporter.dll (API version 3709383).
LogModuleManager: Display: Found up-to-date module file ../../../Engine/Plugins/Experimental/AlembicImporter/Binaries/Win64/UE4Editor-AlembicLibrary.dll (API version 3709383).
LogModuleManager: Display: Found up-to-date module file ../../../Engine/Plugins/Experimental/CharacterAI/Binaries/Win64/UE4Editor-CharacterAI.dll (API version 3709383).
LogModuleManager: Display: Found up-to-date module file ../../../Engine/Plugins/Experimental/HTML5Networking/Binaries/Win64/UE4Editor-HTML5Networking.dll (API version 3709383).
LogModuleManager: Display: Found up-to-date module file ../../../Engine/Plugins/Media/AndroidMedia/Binaries/Win64/UE4Editor-AndroidMediaEditor.dll (API version 3709383).
LogModuleManager: Display: Found up-to-date module file ../../../Engine/Plugins/Media/AndroidMedia/Binaries/Win64/UE4Editor-AndroidMediaFactory.dll (API version 3709383).
LogModuleManager: Display: Found up-to-date module file ../../../Engine/Plugins/Media/AvfMedia/Binaries/Win64/UE4Editor-AvfMediaEditor.dll (API version 3709383).
LogModuleManager: Display: Found up-to-date module file ../../../Engine/Plugins/Media/AvfMedia/Binaries/Win64/UE4Editor-AvfMediaFactory.dll (API version 3709383).
LogModuleManager: Display: Found up-to-date module file ../../../Engine/Plugins/Media/AvfMedia/Binaries/Win64/UE4Editor-AvfMediaFactory.dll (API version 3709383).
LogModuleManager: Display: Found up-to-date module file ../../../Engine/Plugins/Media/ImgMedia/Binaries/Win64/UE4Editor-ImgMedia.dll (API version 3709383).
LogModuleManager: Display: Found up-to-date module file ../../../Engine/Plugins/Media/ImgMedia/Binaries/Win64/UE4Editor-ImgMediaEditor.dll (API version 3709383).
LogModuleManager: Display: Found up-to-date module file ../../../Engine/Plugins/Media/ImgMedia/Binaries/Win64/UE4Editor-ImgMediaFactory.dll (API version 3709383).
LogModuleManager: Display: Found up-to-date module file ../../../Engine/Plugins/Media/ImgMedia/Binaries/Win64/UE4Editor-ImgMediaFactory.dll (API version 3709383).
LogModuleManager: Display: Found up-to-date module file ../../../Engine/Plugins/Media/ImgMedia/Binaries/Win64/UE4Editor-OpenExrWrapper.dll (API version 3709383).
LogModuleManager: Display: Found up-to-date module file ../../../Engine/Plugins/Media/MediaCompositing/Binaries/Win64/UE4Editor-MediaCompositing.dll (API version 3709383).
LogModuleManager: Display: Found up-to-date module file ../../../Engine/Plugins/Media/MediaCompositing/Binaries/Win64/UE4Editor-MediaCompositingEditor.dll (API version 3709383).
LogModuleManager: Display: Found up-to-date module file ../../../Engine/Plugins/Media/MediaPlayerEditor/Binaries/Win64/UE4Editor-MediaPlayerEditor.dll (API version 3709383).
LogModuleManager: Display: Found up-to-date module file ../../../Engine/Plugins/Media/WmfMedia/Binaries/Win64/UE4Editor-WmfMedia.dll (API version 3709383).
LogModuleManager: Display: Found up-to-date module file ../../../Engine/Plugins/Media/WmfMedia/Binaries/Win64/UE4Editor-WmfMediaEditor.dll (API version 3709383).
LogModuleManager: Display: Found up-to-date module file ../../../Engine/Plugins/Media/WmfMedia/Binaries/Win64/UE4Editor-WmfMediaFactory.dll (API version 3709383).
LogModuleManager: Display: Found up-to-date module file ../../../Engine/Plugins/Media/WmfMedia/Binaries/Win64/UE4Editor-WmfMediaFactory.dll (API version 3709383).
LogModuleManager: Display: Found up-to-date module file ../../../Engine/Plugins/Messaging/TcpMessaging/Binaries/Win64/UE4Editor-TcpMessaging.dll (API version 3709383).
LogModuleManager: Display: Found up-to-date module file ../../../Engine/Plugins/Messaging/UdpMessaging/Binaries/Win64/UE4Editor-UdpMessaging.dll (API version 3709383).
LogModuleManager: Display: Found up-to-date module file ../../../Engine/Plugins/MovieScene/ActorSequence/Binaries/Win64/UE4Editor-ActorSequence.dll (API version 3709383).
LogModuleManager: Display: Found up-to-date module file ../../../Engine/Plugins/MovieScene/LevelSequenceEditor/Binaries/Win64/UE4Editor-LevelSequenceEditor.dll (API version 3709383).
LogModuleManager: Display: Found up-to-date module file ../../../Engine/Plugins/MovieScene/MatineeToLevelSequence/Binaries/Win64/UE4Editor-MatineeToLevelSequence.dll (API version 3709383).
LogModuleManager: Display: Found up-to-date module file ../../../Engine/Plugins/Online/OnlineSubsystem/Binaries/Win64/UE4Editor-OnlineSubsystem.dll (API version 3709383).
LogModuleManager: Display: Found up-to-date module file ../../../Engine/Plugins/Runtime/AndroidPermission/Binaries/Win64/UE4Editor-AndroidPermission.dll (API version 3709383).
LogModuleManager: Display: Found up-to-date module file ../../../Engine/Plugins/Online/OnlineSubsystemNull/Binaries/Win64/UE4Editor-OnlineSubsystemNull.dll (API version 3709383).
LogModuleManager: Display: Found up-to-date module file ../../../Engine/Plugins/Online/OnlineSubsystemUtils/Binaries/Win64/UE4Editor-OnlineSubsystemUtils.dll (API version 3709383).
LogModuleManager: Display: Found up-to-date module file ../../../Engine/Plugins/Online/OnlineSubsystemUtils/Binaries/Win64/UE4Editor-OnlineBlueprintSupport.dll (API version 3709383).
LogModuleManager: Display: Found up-to-date module file ../../../Engine/Plugins/Runtime/AndroidDeviceProfileSelector/Binaries/Win64/UE4Editor-AndroidDeviceProfileSelector.dll (API version 3709383).
LogModuleManager: Display: Found up-to-date module file ../../../Engine/Plugins/Runtime/AppleARKit/Binaries/Win64/UE4Editor-AppleARKit.dll (API version 3709383).
LogModuleManager: Display: Found up-to-date module file ../../../Engine/Plugins/Runtime/ArchVisCharacter/Binaries/Win64/UE4Editor-ArchVisCharacter.dll (API version 3709383).
LogModuleManager: Display: Found up-to-date module file ../../../Engine/Plugins/Runtime/CableComponent/Binaries/Win64/UE4Editor-CableComponent.dll (API version 3709383).
LogModuleManager: Display: Found up-to-date module file ../../../Engine/Plugins/Runtime/CustomMeshComponent/Binaries/Win64/UE4Editor-CustomMeshComponent.dll (API version 3709383).
LogModuleManager: Display: Found up-to-date module file ../../../Engine/Plugins/Runtime/ExampleDeviceProfileSelector/Binaries/Win64/UE4Editor-ExampleDeviceProfileSelector.dll (API version 3709383).
LogModuleManager: Display: Found up-to-date module file ../../../Engine/Plugins/Runtime/ImmediatePhysics/Binaries/Win64/UE4Editor-ImmediatePhysics.dll (API version 3709383).
LogModuleManager: Display: Found up-to-date module file ../../../Engine/Plugins/Runtime/ImmediatePhysics/Binaries/Win64/UE4Editor-ImmediatePhysicsEditor.dll (API version 3709383).
LogModuleManager: Display: Found up-to-date module file ../../../Engine/Plugins/Runtime/LocationServicesBPLibrary/Binaries/Win64/UE4Editor-LocationServicesBPLibrary.dll (API version 3709383).
LogModuleManager: Display: Found up-to-date module file ../../../Engine/Plugins/Runtime/MobilePatchingUtils/Binaries/Win64/UE4Editor-MobilePatchingUtils.dll (API version 3709383).
LogModuleManager: Display: Found up-to-date module file ../../../Engine/Plugins/Runtime/Oculus/OculusVR/Binaries/Win64/UE4Editor-OculusHMD.dll (API version 3709383).
LogModuleManager: Display: Found up-to-date module file ../../../Engine/Plugins/Runtime/Oculus/OculusVR/Binaries/Win64/UE4Editor-OculusInput.dll (API version 3709383).
LogModuleManager: Display: Found up-to-date module file ../../../Engine/Plugins/Runtime/Oculus/OculusVR/Binaries/Win64/UE4Editor-OculusEditor.dll (API version 3709383).
LogModuleManager: Display: Found up-to-date module file ../../../Engine/Plugins/Runtime/PhysXVehicles/Binaries/Win64/UE4Editor-PhysXVehicles.dll (API version 3709383).
LogModuleManager: Display: Found up-to-date module file ../../../Engine/Plugins/Runtime/PhysXVehicles/Binaries/Win64/UE4Editor-PhysXVehiclesEditor.dll (API version 3709383).
LogModuleManager: Display: Found up-to-date module file ../../../Engine/Plugins/Runtime/ProceduralMeshComponent/Binaries/Win64/UE4Editor-ProceduralMeshComponent.dll (API version 3709383).
LogModuleManager: Display: Found up-to-date module file ../../../Engine/Plugins/Runtime/ProceduralMeshComponent/Binaries/Win64/UE4Editor-ProceduralMeshComponentEditor.dll (API version 3709383).
LogModuleManager: Display: Found up-to-date module file ../../../Engine/Plugins/Runtime/RuntimePhysXCooking/Binaries/Win64/UE4Editor-RuntimePhysXCooking.dll (API version 3709383).
LogModuleManager: Display: Found up-to-date module file ../../../Engine/Plugins/Runtime/Steam/SteamVR/Binaries/Win64/UE4Editor-SteamVR.dll (API version 3709383).
LogModuleManager: Display: Found up-to-date module file ../../../Engine/Plugins/Runtime/Steam/SteamVR/Binaries/Win64/UE4Editor-SteamVRController.dll (API version 3709383).
LogModuleManager: Display: Found up-to-date module file ../../../Engine/Plugins/Runtime/WindowsMoviePlayer/Binaries/Win64/UE4Editor-WindowsMoviePlayer.dll (API version 3709383).
LogPluginManager: Mounting plugin Paper2D
LogPluginManager: Mounting plugin LightPropagationVolume
LogPluginManager: Mounting plugin CodeLiteSourceCodeAccess
LogPluginManager: Mounting plugin GitSourceControl
LogPluginManager: Mounting plugin KDevelopSourceCodeAccess
LogPluginManager: Mounting plugin NullSourceCodeAccess
LogPluginManager: Mounting plugin PerforceSourceControl
LogPluginManager: Mounting plugin SubversionSourceControl
LogPluginManager: Mounting plugin UObjectPlugin
LogPluginManager: Mounting plugin VisualStudioCodeSourceCodeAccess
LogPluginManager: Mounting plugin VisualStudioSourceCodeAccess
LogPluginManager: Mounting plugin XCodeSourceCodeAccess
LogPluginManager: Mounting plugin AssetManagerEditor
LogPluginManager: Mounting plugin AudioCapture
LogPluginManager: Mounting plugin FacialAnimation
LogPluginManager: Mounting plugin GameplayTagsEditor
LogPluginManager: Mounting plugin MobileLauncherProfileWizard
LogPluginManager: Mounting plugin PluginBrowser
LogPluginManager: Mounting plugin SpeedTreeImporter
LogPluginManager: Mounting plugin AlembicImporter
LogPluginManager: Mounting plugin CharacterAI
LogPluginManager: Mounting plugin HTML5Networking
LogPluginManager: Mounting plugin AndroidMedia
LogPluginManager: Mounting plugin AvfMedia
LogPluginManager: Mounting plugin ImgMedia
LogPluginManager: Mounting plugin MediaCompositing
LogPluginManager: Mounting plugin MediaPlayerEditor
LogPluginManager: Mounting plugin WmfMedia
LogPluginManager: Mounting plugin TcpMessaging
LogPluginManager: Mounting plugin UdpMessaging
LogPluginManager: Mounting plugin ActorSequence
LogPluginManager: Mounting plugin LevelSequenceEditor
LogPluginManager: Mounting plugin MatineeToLevelSequence
LogPluginManager: Mounting plugin OnlineSubsystemGooglePlay
LogPluginManager: Mounting plugin OnlineSubsystemIOS
LogPluginManager: Mounting plugin OnlineSubsystem
LogPluginManager: Mounting plugin OnlineSubsystemNull
LogPluginManager: Mounting plugin OnlineSubsystemUtils
LogPluginManager: Mounting plugin AndroidDeviceProfileSelector
LogPluginManager: Mounting plugin AndroidMoviePlayer
LogPluginManager: Mounting plugin AndroidPermission
LogPluginManager: Mounting plugin AppleARKit
LogPluginManager: Mounting plugin AppleMoviePlayer
LogPluginManager: Mounting plugin ArchVisCharacter
LogPluginManager: Mounting plugin CableComponent
LogPluginManager: Mounting plugin CustomMeshComponent
LogPluginManager: Mounting plugin ExampleDeviceProfileSelector
LogPluginManager: Mounting plugin GoogleCloudMessaging
LogPluginManager: Mounting plugin ImmediatePhysics
LogPluginManager: Mounting plugin IOSDeviceProfileSelector
LogPluginManager: Mounting plugin LinuxDeviceProfileSelector
LogPluginManager: Mounting plugin LocationServicesBPLibrary
LogPluginManager: Mounting plugin MobilePatchingUtils
LogPluginManager: Mounting plugin OculusVR
LogPluginManager: Plugin shader directory ../../../Engine/Plugins/Runtime/Oculus/OculusVR/Shaders found
LogPluginManager: Mapping shader source directory ../../../Engine/Plugins/Runtime/Oculus/OculusVR/Shaders to virtual directory /Plugin/OculusVR
LogPluginManager: Mounting plugin PhysXVehicles
LogPluginManager: Mounting plugin ProceduralMeshComponent
LogPluginManager: Mounting plugin RuntimePhysXCooking
LogPluginManager: Mounting plugin SteamVR
LogPluginManager: Mounting plugin WindowsMoviePlayer
LogInit: Using libcurl 7.47.1
LogInit:  - built for x86_64-pc-win32
LogInit:  - supports SSL with OpenSSL/1.0.2g
LogInit:  - supports HTTP deflate (compression) using libz 1.2.8
LogInit:  - other features:
LogInit:      CURL_VERSION_SSL
LogInit:      CURL_VERSION_LIBZ
LogInit:      CURL_VERSION_IPV6
LogInit:      CURL_VERSION_ASYNCHDNS
LogInit:      CURL_VERSION_LARGEFILE
LogInit:      CURL_VERSION_IDN
LogInit:  CurlRequestOptions (configurable via config and command line):
LogInit:  - bVerifyPeer = false  - Libcurl will NOT verify peer certificate
LogInit:  - bUseHttpProxy = false  - Libcurl will NOT use HTTP proxy
LogInit:  - bDontReuseConnections = false  - Libcurl will reuse connections
LogInit:  - CertBundlePath = nullptr  - Libcurl will use whatever was configured at build time.
LogInit: Build: ++UE4+Release-4.18-CL-3754814
LogInit: Engine Version: 4.18.1-3754814+++UE4+Release-4.18
LogInit: Compatible Engine Version: 4.18.0-3709383+++UE4+Release-4.18
LogInit: Net CL: 3709383
LogDevObjectVersion: Number of dev versions registered: 16
LogDevObjectVersion:   Dev-Blueprints (B0D832E4-1F89-4F0D-ACCF-7EB736FD4AA2): 10
LogDevObjectVersion:   Dev-Build (E1C64328-A22C-4D53-A36C-8E866417BD8C): 0
LogDevObjectVersion:   Dev-Core (375EC13C-06E4-48FB-B500-84F0262A717E): 2
LogDevObjectVersion:   Dev-Editor (E4B068ED-F494-42E9-A231-DA0B2E46BB41): 20
LogDevObjectVersion:   Dev-Framework (CFFC743F-43B0-4480-9391-14DF171D2073): 30
LogDevObjectVersion:   Dev-Mobile (B02B49B5-BB20-44E9-A304-32B752E40360): 0
LogDevObjectVersion:   Dev-Networking (A4E4105C-59A1-49B5-A7C5-40C4547EDFEE): 0
LogDevObjectVersion:   Dev-Online (39C831C9-5AE6-47DC-9A44-9C173E1C8E7C): 0
LogDevObjectVersion:   Dev-Physics (78F01B33-EBEA-4F98-B9B4-84EACCB95AA2): 0
LogDevObjectVersion:   Dev-Platform (6631380F-2D4D-43E0-8009-CF276956A95A): 0
LogDevObjectVersion:   Dev-Rendering (12F88B9F-8875-4AFC-A67C-D90C383ABD29): 20
LogDevObjectVersion:   Dev-Sequencer (7B5AE74C-D270-4C10-A958-57980B212A5A): 4
LogDevObjectVersion:   Dev-VR (D7296918-1DD6-4BDD-9DE2-64A83CC13884): 0
LogDevObjectVersion:   Dev-LoadTimes (C2A15278-BFE7-4AFE-6C17-90FF531DF755): 1
LogDevObjectVersion:   Private-Geometry (6EACA3D4-40EC-4CC1-B786-8BED09428FC5): 1
LogDevObjectVersion:   Dev-AnimPhys (29E575DD-E0A3-4627-9D10-D276232CDCEA): 12
LogInit: Compiled (64-bit): Nov 14 2017 02:05:55
LogInit: Compiled with Visual C++: 19.00.24215.01
LogInit: Build Configuration: Development
LogInit: Branch Name: ++UE4+Release-4.18
LogInit: Command line: -EpicPortal 
LogInit: Base directory: D:/Program Files/Epic Games/UE_4.18/Engine/Binaries/Win64/
LogInit: Installed Engine Build: 1
LogInit: Presizing for max 8388607 objects, including 0 objects not considered by GC, pre-allocating 0 bytes for permanent pool.
LogInit: Object subsystem initialized
[2017.11.24-22.48.27:992][  0]LogInit: Selected Device Profile: [Windows]
[2017.11.24-22.48.27:992][  0]LogInit: Applying CVar settings loaded from the selected device profile: [Windows]
[2017.11.24-22.48.28:002][  0]LogInit: Computer: DESKTOP-24DTVUA
[2017.11.24-22.48.28:003][  0]LogInit: User: Tobi
[2017.11.24-22.48.28:003][  0]LogInit: CPU Page size=4096, Cores=4
[2017.11.24-22.48.28:003][  0]LogInit: High frequency timer resolution =3.905117 MHz
[2017.11.24-22.48.28:003][  0]LogMemory: Memory total: Physical=31.9GB (32GB approx)
[2017.11.24-22.48.28:003][  0]LogMemory: Platform Memory Stats for Windows
[2017.11.24-22.48.28:003][  0]LogMemory: Process Physical Memory: 273.80 MB used, 273.80 MB peak
[2017.11.24-22.48.28:003][  0]LogMemory: Process Virtual Memory: 270.79 MB used, 270.79 MB peak
[2017.11.24-22.48.28:003][  0]LogMemory: Physical Memory: 10263.27 MB used,  22453.03 MB free, 32716.30 MB total
[2017.11.24-22.48.28:003][  0]LogMemory: Virtual Memory: 635.71 MB used,  22453.03 MB free, 134217728.00 MB total
[2017.11.24-22.48.28:112][  0]LogInit: Using OS detected language (en-US).
[2017.11.24-22.48.28:112][  0]LogInit: Using OS detected locale (de-DE).
[2017.11.24-22.48.28:117][  0]LogTextLocalizationManager: No specific localization for 'en-US' exists, so the 'en' localization will be used.
[2017.11.24-22.48.28:117][  0]LogTextLocalizationManager: No localization for 'de-DE' exists, so 'en-US' will be used for the locale.
[2017.11.24-22.48.28:491][  0]LogInit: Setting process to per monitor DPI aware
[2017.11.24-22.48.28:803][  0]LogD3D11RHI: D3D11 adapters:
[2017.11.24-22.48.28:852][  0]LogD3D11RHI:    0. 'NVIDIA GeForce GTX 1070' (Feature Level 11_0)
[2017.11.24-22.48.28:852][  0]LogD3D11RHI:       8096/0/16358 MB DedicatedVideo/DedicatedSystem/SharedSystem, Outputs:1, VendorId:0x10de
[2017.11.24-22.48.28:902][  0]LogD3D11RHI:    1. 'NVIDIA GeForce GTX 1070' (Feature Level 11_0)
[2017.11.24-22.48.28:902][  0]LogD3D11RHI:       8096/0/16358 MB DedicatedVideo/DedicatedSystem/SharedSystem, Outputs:0, VendorId:0x10de
[2017.11.24-22.48.28:903][  0]LogD3D11RHI:    2. 'Microsoft Basic Render Driver' (Feature Level 11_0)
[2017.11.24-22.48.28:903][  0]LogD3D11RHI:       0/0/16358 MB DedicatedVideo/DedicatedSystem/SharedSystem, Outputs:0, VendorId:0x1414
[2017.11.24-22.48.28:903][  0]LogD3D11RHI: Chosen D3D11 Adapter: 0
[2017.11.24-22.48.28:910][  0]LogD3D11RHI: Creating new Direct3DDevice
[2017.11.24-22.48.28:910][  0]LogD3D11RHI:     GPU DeviceId: 0x1b81 (for the marketing name, search the web for "GPU Device Id")
[2017.11.24-22.48.28:910][  0]LogWindows: EnumDisplayDevices:
[2017.11.24-22.48.28:910][  0]LogWindows:    0. 'NVIDIA GeForce GTX 1070' (P:1 D:1)
[2017.11.24-22.48.28:911][  0]LogWindows:    1. 'NVIDIA GeForce GTX 1070' (P:0 D:0)
[2017.11.24-22.48.28:911][  0]LogWindows:    2. 'NVIDIA GeForce GTX 1070' (P:0 D:0)
[2017.11.24-22.48.28:911][  0]LogWindows:    3. 'NVIDIA GeForce GTX 1070' (P:0 D:0)
[2017.11.24-22.48.28:911][  0]LogWindows:    4. 'NVIDIA GeForce GTX 1070' (P:0 D:0)
[2017.11.24-22.48.28:911][  0]LogWindows:    5. 'NVIDIA GeForce GTX 1070' (P:0 D:0)
[2017.11.24-22.48.28:912][  0]LogWindows:    6. 'NVIDIA GeForce GTX 1070' (P:0 D:0)
[2017.11.24-22.48.28:912][  0]LogWindows:    7. 'NVIDIA GeForce GTX 1070' (P:0 D:0)
[2017.11.24-22.48.28:912][  0]LogWindows: DebugString: FoundDriverCount:8 
[2017.11.24-22.48.28:912][  0]LogD3D11RHI:     Adapter Name: NVIDIA GeForce GTX 1070
[2017.11.24-22.48.28:912][  0]LogD3D11RHI:   Driver Version: 388.13 (internal:23.21.13.8813, unified:388.13)
[2017.11.24-22.48.28:912][  0]LogD3D11RHI:      Driver Date: 10-27-2017
[2017.11.24-22.48.28:912][  0]LogRHI: Texture pool is 5667 MB (70% of 8096 MB)
[2017.11.24-22.48.28:945][  0]LogD3D11RHI: Async texture creation enabled
[2017.11.24-22.48.28:980][  0]LogD3D11RHI: GPU Timing Frequency: 1000.000000 (Debug: 2 1)
[2017.11.24-22.48.29:028][  0]LogShaderCompilers: Guid format shader working directory is -40 characters bigger than the processId version (../../../../../../Repository/TwinStickShooter/TwinStickShooter/TwinStickShooter 4.18/Intermediate/Shaders/WorkingDirectory/11172/).
[2017.11.24-22.48.29:028][  0]LogShaderCompilers: Cleaned the shader compiler working directory 'C:/Users/Tobi/AppData/Local/Temp/UnrealShaderWorkingDir/633073DC43B7FF0FA4EF139B03372721/'.
[2017.11.24-22.48.29:029][  0]LogShaderCompilers: Display: Using Local Shader Compiler.
[2017.11.24-22.48.29:858][  0]LogTemp: Display: Loaded TP AllDesktopTargetPlatform
[2017.11.24-22.48.29:902][  0]LogTemp: Display: Loaded TP MacClientTargetPlatform
[2017.11.24-22.48.29:944][  0]LogTemp: Display: Loaded TP MacNoEditorTargetPlatform
[2017.11.24-22.48.29:987][  0]LogTemp: Display: Loaded TP MacServerTargetPlatform
[2017.11.24-22.48.30:028][  0]LogTemp: Display: Loaded TP MacTargetPlatform
[2017.11.24-22.48.30:077][  0]LogTemp: Display: Loaded TP WindowsClientTargetPlatform
[2017.11.24-22.48.30:119][  0]LogTemp: Display: Loaded TP WindowsNoEditorTargetPlatform
[2017.11.24-22.48.30:165][  0]LogTemp: Display: Loaded TP WindowsServerTargetPlatform
[2017.11.24-22.48.30:206][  0]LogTemp: Display: Loaded TP WindowsTargetPlatform
[2017.11.24-22.48.30:250][  0]LogTemp: Display: Loaded TP Android_ASTCTargetPlatform
[2017.11.24-22.48.30:292][  0]LogTemp: Display: Loaded TP Android_ATCTargetPlatform
[2017.11.24-22.48.30:332][  0]LogTemp: Display: Loaded TP Android_DXTTargetPlatform
[2017.11.24-22.48.30:373][  0]LogTemp: Display: Loaded TP Android_ETC1TargetPlatform
[2017.11.24-22.48.30:413][  0]LogTemp: Display: Loaded TP Android_ETC2TargetPlatform
[2017.11.24-22.48.30:497][  0]LogTemp: Display: Loaded TP Android_MultiTargetPlatform
[2017.11.24-22.48.30:498][  0]LogTemp: Display: Loaded TP Android_PVRTCTargetPlatform
[2017.11.24-22.48.30:543][  0]LogTemp: Display: Loaded TP AndroidTargetPlatform
[2017.11.24-22.48.30:580][  0]LogTemp: Display: Loaded TP HTML5TargetPlatform
[2017.11.24-22.48.30:661][  0]LogTemp: Display: Loaded TP IOSTargetPlatform
[2017.11.24-22.48.30:681][  0]LogTemp: Display: Loaded TP TVOSTargetPlatform
[2017.11.24-22.48.30:724][  0]LogTemp: Display: Loaded TP LinuxClientTargetPlatform
[2017.11.24-22.48.30:764][  0]LogTemp: Display: Loaded TP LinuxNoEditorTargetPlatform
[2017.11.24-22.48.30:805][  0]LogTemp: Display: Loaded TP LinuxServerTargetPlatform
[2017.11.24-22.48.30:848][  0]LogTemp: Display: Loaded TP LinuxTargetPlatform
[2017.11.24-22.48.30:848][  0]LogTargetPlatformManager: Display: Building Assets For Windows
[2017.11.24-22.48.31:269][  0]LogDerivedDataCache: Display: Max Cache Size: 512 MB
[2017.11.24-22.48.31:342][  0]LogDerivedDataCache: Loaded boot cache 0.07s 69MB C:/Users/Tobi/AppData/Local/UnrealEngine/4.18/DerivedDataCache/Boot.ddc.
[2017.11.24-22.48.31:342][  0]LogDerivedDataCache: Display: Loaded Boot cache: C:/Users/Tobi/AppData/Local/UnrealEngine/4.18/DerivedDataCache/Boot.ddc
[2017.11.24-22.48.31:342][  0]LogDerivedDataCache: FDerivedDataBackendGraph:  Pak pak cache file ../../../../../../Repository/TwinStickShooter/TwinStickShooter/TwinStickShooter 4.18/DerivedDataCache/DDC.ddp not found, will not use a pak cache.
[2017.11.24-22.48.31:342][  0]LogDerivedDataCache: Unable to find inner node Pak for hierarchical cache Hierarchy.
[2017.11.24-22.48.31:342][  0]LogDerivedDataCache: FDerivedDataBackendGraph:  CompressedPak pak cache file ../../../../../../Repository/TwinStickShooter/TwinStickShooter/TwinStickShooter 4.18/DerivedDataCache/Compressed.ddp not found, will not use a pak cache.
[2017.11.24-22.48.31:342][  0]LogDerivedDataCache: Unable to find inner node CompressedPak for hierarchical cache Hierarchy.
[2017.11.24-22.48.31:358][  0]LogDerivedDataCache: Display: Pak cache opened for reading ../../../Engine/DerivedDataCache/Compressed.ddp.
[2017.11.24-22.48.31:370][  0]LogDerivedDataCache: Using Local data cache path C:/Users/Tobi/AppData/Local/UnrealEngine/Common/DerivedDataCache: Writable
[2017.11.24-22.48.31:380][  0]LogMaterial: Verifying Global Shaders for PCD3D_SM5
[2017.11.24-22.48.31:381][  0]LogSlate: Using Freetype 2.6.0
[2017.11.24-22.48.31:382][  0]LogSlate: SlateFontCache - WITH_FREETYPE: 1, WITH_HARFBUZZ: 1
[2017.11.24-22.48.31:382][  0]LogSlate: SlateFontCache - WITH_FREETYPE: 1, WITH_HARFBUZZ: 1
[2017.11.24-22.48.31:752][  0]LogInit: Selected Device Profile: [Windows]
[2017.11.24-22.48.32:042][  0]LogSimplygon: Simplygon DLL not present - disabling.
[2017.11.24-22.48.32:076][  0]LogMeshReduction: Using SimplygonSwarm for distributed automatic mesh merging
[2017.11.24-22.48.32:076][  0]LogMeshReduction: Using QuadricMeshReduction for automatic static mesh reduction
[2017.11.24-22.48.32:076][  0]LogMeshReduction: No automatic skeletal mesh reduction module available
[2017.11.24-22.48.32:076][  0]LogMeshReduction: No automatic mesh merging module available
[2017.11.24-22.48.32:076][  0]LogMeshMerging: No automatic mesh merging module available
[2017.11.24-22.48.32:105][  0]LogNetVersion: TwinStickShooter , NetCL: 3709383, EngineNetVer: 2, GameNetVer: 0 (Checksum: 4163484994)
[2017.11.24-22.48.32:254][  0]LogAssetRegistry: FAssetRegistry took 0.0257 seconds to start up
[2017.11.24-22.48.32:732][  0]LogPackageLocalizationCache: Processed 7 localized package path(s) for 2 prioritized culture(s) in 0.068593 seconds
[2017.11.24-22.48.32:740][  0]LogUObjectArray: 35900 objects as part of root set at end of initial load.
[2017.11.24-22.48.32:740][  0]LogUObjectAllocator: 7372024 out of 0 bytes used by permanent object pool.
[2017.11.24-22.48.32:740][  0]LogUObjectArray: CloseDisregardForGC: 0/0 objects in disregard for GC pool
[2017.11.24-22.48.32:779][  0]LogInit: WinSock: version 1.1 (2.2), MaxSocks=32767, MaxUdp=65467
[2017.11.24-22.48.35:300][  0]LogTcpMessaging: Initializing TcpMessaging bridge
[2017.11.24-22.48.35:342][  0]LogUdpMessaging: Initializing bridge on interface 0.0.0.0:0 to multicast group 230.0.0.1:6666.
[2017.11.24-22.48.35:965][  0]LogMaterial: Missing cached shader map for material BaseColor, compiling. 
[2017.11.24-22.48.35:978][  0]LogMaterial: Missing cached shader map for material CustomDepth, compiling. 
[2017.11.24-22.48.36:000][  0]LogMaterial: Uniform references updated for custom material expression Custom.
[2017.11.24-22.48.36:002][  0]LogMaterial: Missing cached shader map for material CustomStencil, compiling. 
[2017.11.24-22.48.36:013][  0]LogMaterial: Missing cached shader map for material FinalImage, compiling. 
[2017.11.24-22.48.36:025][  0]LogMaterial: Missing cached shader map for material LightingModel, compiling. 
[2017.11.24-22.48.36:035][  0]LogMaterial: Missing cached shader map for material MaterialAO, compiling. 
[2017.11.24-22.48.36:046][  0]LogMaterial: Missing cached shader map for material Metallic, compiling. 
[2017.11.24-22.48.36:059][  0]LogMaterial: Missing cached shader map for material Opacity, compiling. 
[2017.11.24-22.48.36:071][  0]LogMaterial: Missing cached shader map for material Roughness, compiling. 
[2017.11.24-22.48.36:084][  0]LogMaterial: Missing cached shader map for material SceneColor, compiling. 
[2017.11.24-22.48.36:096][  0]LogMaterial: Missing cached shader map for material SceneDepth, compiling. 
[2017.11.24-22.48.36:108][  0]LogMaterial: Missing cached shader map for material SeparateTranslucencyRGB, compiling. 
[2017.11.24-22.48.36:121][  0]LogMaterial: Missing cached shader map for material SeparateTranslucencyA, compiling. 
[2017.11.24-22.48.36:135][  0]LogMaterial: Missing cached shader map for material Specular, compiling. 
[2017.11.24-22.48.36:147][  0]LogMaterial: Missing cached shader map for material SubsurfaceColor, compiling. 
[2017.11.24-22.48.36:157][  0]LogMaterial: Missing cached shader map for material WorldNormal, compiling. 
[2017.11.24-22.48.36:167][  0]LogMaterial: Missing cached shader map for material AmbientOcclusion, compiling. 
[2017.11.24-22.48.36:186][  0]LogMaterial: Missing cached shader map for material CustomDepthWorldUnits, compiling. 
[2017.11.24-22.48.36:200][  0]LogMaterial: Missing cached shader map for material SceneDepthWorldUnits, compiling. 
[2017.11.24-22.48.36:214][  0]LogMaterial: Missing cached shader map for material PreTonemapHDRColor, compiling. 
[2017.11.24-22.48.36:225][  0]LogMaterial: Missing cached shader map for material PostTonemapHDRColor, compiling. 
[2017.11.24-22.48.36:746][  0]SourceControl: Source control is disabled
[2017.11.24-22.48.36:747][  0]SourceControl: Source control is disabled
[2017.11.24-22.48.36:833][  0]SourceControl: Source control is disabled
[2017.11.24-22.48.36:911][  0]SourceControl: Source control is disabled
[2017.11.24-22.48.37:707][  0]LogMaterial: Missing cached shader map for material DefaultMediaPlaneMaterial, compiling. 
[2017.11.24-22.48.38:141][  0]LogAndroidPermission: UAndroidPermissionCallbackProxy::GetInstance
[2017.11.24-22.48.38:547][  0]LogOcInput: OculusInput pre-init called
[2017.11.24-22.48.38:908][  0]LogMaterial: Missing cached shader map for material HighResScreenshot, compiling. 
[2017.11.24-22.48.38:928][  0]LogMaterial: Missing cached shader map for material HighResScreenshotMask, compiling. 
[2017.11.24-22.48.38:951][  0]LogMaterial: Missing cached shader map for material HighResScreenshotCaptureRegion, compiling. 
[2017.11.24-22.48.39:007][  0]LogEngine: Initializing Engine...
[2017.11.24-22.48.39:010][  0]LogHMD: Failed to initialize OpenVR with code 110
[2017.11.24-22.48.39:015][  0]LogMaterial: Missing cached shader map for material WireframeMaterial, compiling. Is special engine material.
[2017.11.24-22.48.39:325][  0]LogMaterial: Missing cached shader map for material LevelColorationLitMaterial, compiling. Is special engine material.
[2017.11.24-22.48.40:134][  0]LogMaterial: Missing cached shader map for material LevelColorationUnlitMaterial, compiling. Is special engine material.
[2017.11.24-22.48.40:365][  0]LogMaterial: Missing cached shader map for material MAT_LevelColorationLitLightmapUV, compiling. Is special engine material.
[2017.11.24-22.48.41:138][  0]LogMaterial: Missing cached shader map for material ShadedLevelColorationLitMaterial, compiling. Is special engine material.
[2017.11.24-22.48.41:905][  0]LogMaterial: Missing cached shader map for material ShadedLevelColorationUnlitMateri, compiling. Is special engine material.
[2017.11.24-22.48.42:141][  0]LogMaterial: Missing cached shader map for material VertexColorMaterial, compiling. 
[2017.11.24-22.48.42:261][  0]LogMaterial: Missing cached shader map for material VertexColorViewMode_ColorOnly, compiling. 
[2017.11.24-22.48.42:290][  0]LogMaterial: Missing cached shader map for material VertexColorViewMode_AlphaAsColor, compiling. 
[2017.11.24-22.48.42:310][  0]LogMaterial: Missing cached shader map for material VertexColorViewMode_RedOnly, compiling. 
[2017.11.24-22.48.42:335][  0]LogMaterial: Missing cached shader map for material VertexColorViewMode_GreenOnly, compiling. 
[2017.11.24-22.48.42:360][  0]LogMaterial: Missing cached shader map for material VertexColorViewMode_BlueOnly, compiling. 
[2017.11.24-22.48.42:383][  0]LogMaterial: Missing cached shader map for material RemoveSurfaceMaterial, compiling. 
[2017.11.24-22.48.42:396][  0]LogMaterial: Missing cached shader map for material DebugMeshMaterial, compiling. 
[2017.11.24-22.48.42:421][  0]LogMaterial: Missing cached shader map for material M_InvalidLightmapSettings, compiling. 
[2017.11.24-22.48.42:476][  0]LogMaterial: Missing cached shader map for material GizmoMaterial, compiling. 
[2017.11.24-22.48.42:503][  0]LogMaterial: Missing cached shader map for material PhAT_JointLimitMaterial, compiling. 
[2017.11.24-22.48.42:537][  0]LogMaterial: Missing cached shader map for material GeomMaterial, compiling. 
[2017.11.24-22.48.42:559][  0]LogMaterial: Missing cached shader map for material EditorBrushMaterial, compiling. 
[2017.11.24-22.48.42:583][  0]LogMaterial: Missing cached shader map for material BoneWeightMaterial, compiling. 
[2017.11.24-22.48.42:708][  0]LogMaterial: Missing cached shader map for material ClothMaterial, compiling. 
[2017.11.24-22.48.42:735][  0]LogMaterial: Missing cached shader map for material ClothMaterial_WF, compiling. 
[2017.11.24-22.48.42:769][  0]LogMaterial: Missing cached shader map for material DebugEditorMaterial, compiling. 
[2017.11.24-22.48.42:792][  0]LogMaterial: Missing cached shader map for material PreviewShadowIndicatorMaterial, compiling. 
[2017.11.24-22.48.42:919][  0]LogStats: UGameplayTagsManager::ConstructGameplayTagTree: Construct from data asset -  0.000 s
[2017.11.24-22.48.42:919][  0]LogStats: UGameplayTagsManager::ConstructGameplayTagTree: GameplayTagTreeChangedEvent.Broadcast -  0.000 s
[2017.11.24-22.48.43:113][  0]LogAIModule: Creating AISystem for world Untitled
[2017.11.24-22.48.43:134][  0]LogInit: XAudio2 using 'LG ULTRAWIDE-4 (2- NVIDIA High Definition Audio)' : 2 channels at 48 kHz using 16 bits per sample (channel mask 0x3)
[2017.11.24-22.48.43:165][  0]LogInit: FAudioDevice initialized.
[2017.11.24-22.48.43:252][  0]LogDerivedDataCache: Saved boot cache 0.09s 71MB C:/Users/Tobi/AppData/Local/UnrealEngine/4.18/DerivedDataCache/Boot.ddc.
[2017.11.24-22.48.43:269][  0]LogInit: Texture streaming: Enabled
[2017.11.24-22.48.43:389][  0]LogEngineSessionManager: EngineSessionManager initialized
[2017.11.24-22.48.43:571][  0]LogInit: Transaction tracking system initialized
[2017.11.24-22.48.43:990][  0]BlueprintLog: New page: Editor Load
[2017.11.24-22.48.45:227][  0]LocalizationService: Localization service is disabled
[2017.11.24-22.48.46:257][  0]LogConsoleResponse: Display: 
[2017.11.24-22.48.46:286][  0]LogMaterial: Missing cached shader map for material Cross_Mat, compiling. 
[2017.11.24-22.48.46:316][  0]LogMaterial: Missing cached shader map for material PhAT_BoneSelectedMaterial, compiling. 
[2017.11.24-22.48.46:337][  0]LogMaterial: Missing cached shader map for material PhAT_ElemSelectedMaterial, compiling. 
[2017.11.24-22.48.46:356][  0]LogMaterial: Missing cached shader map for material PhAT_NoCollisionMaterial, compiling. 
[2017.11.24-22.48.46:375][  0]LogMaterial: Missing cached shader map for material PhAT_UnselectedMaterial, compiling. 
[2017.11.24-22.48.46:398][  0]LogMaterial: Missing cached shader map for material Tick_Mat, compiling. 
[2017.11.24-22.48.46:427][  0]LogMaterial: Missing cached shader map for material WidgetGridVertexColorMaterial_Ma, compiling. 
[2017.11.24-22.48.46:446][  0]LogMaterial: Missing cached shader map for material WidgetMaterial, compiling. 
[2017.11.24-22.48.46:463][  0]LogMaterial: Missing cached shader map for material WidgetMaterial_Current, compiling. 
[2017.11.24-22.48.46:480][  0]LogMaterial: Missing cached shader map for material WidgetMaterial_X, compiling. 
[2017.11.24-22.48.46:497][  0]LogMaterial: Missing cached shader map for material WidgetMaterial_Y, compiling. 
[2017.11.24-22.48.46:514][  0]LogMaterial: Missing cached shader map for material WidgetMaterial_Z, compiling. 
[2017.11.24-22.48.46:532][  0]LogMaterial: Missing cached shader map for material WidgetVertexColorMaterial, compiling. 
[2017.11.24-22.48.46:591][  0]LogMaterial: Missing cached shader map for material LevelGridMaterial, compiling. 
[2017.11.24-22.48.46:649][  0]LogMaterial: Missing cached shader map for material BlinkingCaret, compiling. 
[2017.11.24-22.48.46:698][  0]LogMaterial: Missing cached shader map for material M_StreamingPause, compiling. 
[2017.11.24-22.48.46:752][  0]LogCook: Display: Max memory allowance for cook 16384mb min free memory 0mb
[2017.11.24-22.48.46:753][  0]LogCook: Display: Mobile HDR setting 1
[2017.11.24-22.48.46:753][  0]LogGameplayTags: Display: UGameplayTagsManager::DoneAddingNativeTags. DelegateIsBound: 0
[2017.11.24-22.48.47:492][  0]LogFileCache: Scanning file cache for directory 'D:/Repository/TwinStickShooter/TwinStickShooter/TwinStickShooter 4.18/Content/' took 0.02s
[2017.11.24-22.48.48:581][  0]SourceControl: Source control is disabled
[2017.11.24-22.48.48:581][  0]Cmd: MAP LOAD FILE="../../../../../../Repository/TwinStickShooter/TwinStickShooter/TwinStickShooter 4.18/Content/ThirdPersonBP/Maps/ThirdPersonExampleMap.umap" TEMPLATE=0 SHOWPROGRESS=1 FEATURELEVEL=3
[2017.11.24-22.48.48:582][  0]LightingResults: New page: Lighting Build
[2017.11.24-22.48.48:642][  0]MapCheck: New page: Map Check
[2017.11.24-22.48.48:642][  0]LightingResults: New page: Lighting Build
[2017.11.24-22.48.49:311][  0]LogMaterial: Missing cached shader map for material M_UE4Man_Body, compiling. 
[2017.11.24-22.48.49:463][  0]LogMaterial: Missing cached shader map for material BasicShapeMaterial, compiling. 
[2017.11.24-22.48.49:615][  0]LogMaterial: Missing cached shader map for material M_Sky_Panning_Clouds2, compiling. 
[2017.11.24-22.48.49:673][  0]LogMaterial: Missing cached shader map for material M_UE4Man_Body, compiling. 
[2017.11.24-22.48.50:016][  0]LogMaterial: Missing cached shader map for material RampMaterial, compiling. 
[2017.11.24-22.48.50:056][  0]LogMaterial: Missing cached shader map for material CubeMaterial, compiling. 
[2017.11.24-22.48.50:098][  0]LogAIModule: Creating AISystem for world ThirdPersonExampleMap
[2017.11.24-22.48.50:221][  0]LogEditorServer: Finished looking for orphan Actors (0.000 secs)
[2017.11.24-22.48.50:241][  0]Cmd: MAP CHECKDEP NOCLEARLOG
[2017.11.24-22.48.50:340][  0]MapCheck: Map check complete: 0 Error(s), 0 Warning(s), took 98.528ms to complete.
[2017.11.24-22.48.50:340][  0]LogFileHelpers: Loading map 'ThirdPersonExampleMap' took 1.759
[2017.11.24-22.48.50:619][  0]LogCollectionManager: Loaded 0 collections in 0.001213 seconds
[2017.11.24-22.48.50:736][  0]LogFileCache: Scanning file cache for directory 'D:/Repository/TwinStickShooter/TwinStickShooter/TwinStickShooter 4.18/Saved/Collections/' took 0.01s
[2017.11.24-22.48.50:736][  0]LogFileCache: Scanning file cache for directory 'D:/Repository/TwinStickShooter/TwinStickShooter/TwinStickShooter 4.18/Content/Developers/Tobi/Collections/' took 0.01s
[2017.11.24-22.48.50:736][  0]LogFileCache: Scanning file cache for directory 'D:/Repository/TwinStickShooter/TwinStickShooter/TwinStickShooter 4.18/Content/Collections/' took 0.01s
[2017.11.24-22.48.50:736][  0]LogCollectionManager: Rebuilt the GUID cache for 0 collections in 0.000001 seconds
[2017.11.24-22.48.50:751][  0]LogContentBrowser: Native class hierarchy populated in 0.0146 seconds. Added 2363 classes and 519 folders.
[2017.11.24-22.48.50:837][  0]LogContentBrowser: Native class hierarchy updated for 'WidgetCarousel' in 0.0004 seconds. Added 0 classes and 0 folders.
[2017.11.24-22.48.51:597][  0]LogContentBrowser: Native class hierarchy updated for 'AddContentDialog' in 0.0005 seconds. Added 0 classes and 0 folders.
[2017.11.24-22.48.51:686][  0]LogContentBrowser: Native class hierarchy updated for 'SceneOutliner' in 0.0006 seconds. Added 1 classes and 2 folders.
[2017.11.24-22.48.51:735][  0]LogSlate: Took 0.000347 seconds to synchronously load lazily loaded font '../../../Engine/Content/Slate/Fonts/Roboto-Regular.ttf' (155K)
[2017.11.24-22.48.51:738][  0]LogSlate: Took 0.000362 seconds to synchronously load lazily loaded font '../../../Engine/Content/Slate/Fonts/Roboto-Bold.ttf' (160K)
[2017.11.24-22.48.51:759][  0]LogSlate: Took 0.014182 seconds to synchronously load lazily loaded font '../../../Engine/Content/Editor/Slate/Fonts/FontAwesome.ttf' (139K)
[2017.11.24-22.48.51:830][  0]LogMaterial: Missing cached shader map for material LevelGridMaterial2, compiling. 
[2017.11.24-22.48.51:931][  0]LogRenderer: Reallocating scene render targets to support 1616x576 Format 10 NumSamples 1 (Frame:1).
[2017.11.24-22.48.52:520][  0]LogContentBrowser: Native class hierarchy updated for 'HierarchicalLODOutliner' in 0.0005 seconds. Added 1 classes and 2 folders.
[2017.11.24-22.48.52:520][  0]LogLoad: (Engine Initialization) Total time: 27.37 seconds
[2017.11.24-22.48.52:520][  0]LogLoad: (Engine Initialization) Total Blueprint compile time: 0.00 seconds
[2017.11.24-22.48.52:520][  0]LogExternalProfiler: No external profilers were discovered.  External profiling features will not be available.
[2017.11.24-22.48.52:881][  0]LogContentStreaming: Texture pool size now 3000 MB
[2017.11.24-22.48.53:532][  2]LogAssetRegistry: Asset discovery search completed in 21.3000 seconds
[2017.11.24-22.48.53:535][  2]LogCollectionManager: Rebuilt the object cache for 0 collections in 0.000000 seconds (found 0 objects)
[2017.11.24-22.48.53:535][  2]LogCollectionManager: Fixed up redirectors for 0 collections in 0.000079 seconds (updated 0 objects)
[2017.11.24-22.48.57:246][ 13]LogSlate: Took 0.007716 seconds to synchronously load lazily loaded font '../../../Engine/Content/Slate/Fonts/Roboto-Light.ttf' (159K)
[2017.11.24-22.50.17:269][569]LogTemp: Repeating last play command: Selected Viewport
[2017.11.24-22.50.17:346][569]LogBlueprintUserMessages: Early PlayInEditor Detection: Level '/Game/ThirdPersonBP/Maps/ThirdPersonExampleMap.ThirdPersonExampleMap:PersistentLevel' has LevelScriptBlueprint '/Game/ThirdPersonBP/Maps/ThirdPersonExampleMap.ThirdPersonExampleMap:PersistentLevel.ThirdPersonExampleMap' with GeneratedClass '/Game/ThirdPersonBP/Maps/ThirdPersonExampleMap.ThirdPersonExampleMap_C' with ClassGeneratedBy '/Game/ThirdPersonBP/Maps/ThirdPersonExampleMap.ThirdPersonExampleMap:PersistentLevel.ThirdPersonExampleMap'
[2017.11.24-22.50.17:347][569]LogPlayLevel: PlayLevel: No blueprints needed recompiling
[2017.11.24-22.50.17:363][569]PIE: New page: PIE session: ThirdPersonExampleMap (Nov 25, 2017, 12:50:17 AM)
[2017.11.24-22.50.17:364][569]LogPlayLevel: Creating play world package: /Game/ThirdPersonBP/Maps/UEDPIE_0_ThirdPersonExampleMap
[2017.11.24-22.50.17:415][569]LogPlayLevel: PIE: StaticDuplicateObject took: (0.051343s)
[2017.11.24-22.50.17:416][569]LogAIModule: Creating AISystem for world ThirdPersonExampleMap
[2017.11.24-22.50.17:416][569]LogPlayLevel: PIE: World Init took: (0.001251s)
[2017.11.24-22.50.17:417][569]LogPlayLevel: PIE: Created PIE world by copying editor world from /Game/ThirdPersonBP/Maps/ThirdPersonExampleMap.ThirdPersonExampleMap to /Game/ThirdPersonBP/Maps/UEDPIE_0_ThirdPersonExampleMap.ThirdPersonExampleMap (0.053092s)
[2017.11.24-22.50.17:444][569]LogInit: XAudio2 using 'LG ULTRAWIDE-4 (2- NVIDIA High Definition Audio)' : 2 channels at 48 kHz using 16 bits per sample (channel mask 0x3)
[2017.11.24-22.50.17:457][569]LogInit: FAudioDevice initialized.
[2017.11.24-22.50.17:526][569]LogLinker: Warning: Can't find file '/Game/ThirdPersonBP/Blueprints/ThirdPersonGameMode'
[2017.11.24-22.50.17:527][569]LogLinker: Warning: Can't find file '/Game/ThirdPersonBP/Blueprints/ThirdPersonGameMode'
[2017.11.24-22.50.17:527][569]LogUObjectGlobals: Warning: Failed to find object 'Class /Game/ThirdPersonBP/Blueprints/ThirdPersonGameMode.ThirdPersonGameMode_C'
[2017.11.24-22.50.17:527][569]LogLoad: Game class is 'GameModeBase'
[2017.11.24-22.50.17:563][569]LogWorld: Bringing World /Game/ThirdPersonBP/Maps/UEDPIE_0_ThirdPersonExampleMap.ThirdPersonExampleMap up for play (max tick rate 0) at 2017.11.24-23.50.17
[2017.11.24-22.50.17:566][569]LogWorld: Bringing up level for play took: 0.006173
[2017.11.24-22.50.17:624][569]LogContentBrowser: Native class hierarchy updated for 'MovieSceneCapture' in 0.0004 seconds. Added 11 classes and 0 folders.
[2017.11.24-22.50.17:625][569]PIE: Play in editor start time for /Game/ThirdPersonBP/Maps/UEDPIE_0_ThirdPersonExampleMap 0.576
[2017.11.24-22.50.17:626][569]LogBlueprintUserMessages: Late PlayInEditor Detection: Level '/Game/ThirdPersonBP/Maps/ThirdPersonExampleMap.ThirdPersonExampleMap:PersistentLevel' has LevelScriptBlueprint '/Game/ThirdPersonBP/Maps/ThirdPersonExampleMap.ThirdPersonExampleMap:PersistentLevel.ThirdPersonExampleMap' with GeneratedClass '/Game/ThirdPersonBP/Maps/ThirdPersonExampleMap.ThirdPersonExampleMap_C' with ClassGeneratedBy '/Game/ThirdPersonBP/Maps/ThirdPersonExampleMap.ThirdPersonExampleMap:PersistentLevel.ThirdPersonExampleMap'
[2017.11.24-22.50.35:269][530]LogBlueprintUserMessages: Early EndPlayMap Detection: Level '/Game/ThirdPersonBP/Maps/ThirdPersonExampleMap.ThirdPersonExampleMap:PersistentLevel' has LevelScriptBlueprint '/Game/ThirdPersonBP/Maps/ThirdPersonExampleMap.ThirdPersonExampleMap:PersistentLevel.ThirdPersonExampleMap' with GeneratedClass '/Game/ThirdPersonBP/Maps/ThirdPersonExampleMap.ThirdPersonExampleMap_C' with ClassGeneratedBy '/Game/ThirdPersonBP/Maps/ThirdPersonExampleMap.ThirdPersonExampleMap:PersistentLevel.ThirdPersonExampleMap'
[2017.11.24-22.50.35:309][530]LogBlueprintUserMessages: Late EndPlayMap Detection: Level '/Game/ThirdPersonBP/Maps/ThirdPersonExampleMap.ThirdPersonExampleMap:PersistentLevel' has LevelScriptBlueprint '/Game/ThirdPersonBP/Maps/ThirdPersonExampleMap.ThirdPersonExampleMap:PersistentLevel.ThirdPersonExampleMap' with GeneratedClass '/Game/ThirdPersonBP/Maps/ThirdPersonExampleMap.ThirdPersonExampleMap_C' with ClassGeneratedBy '/Game/ThirdPersonBP/Maps/ThirdPersonExampleMap.ThirdPersonExampleMap:PersistentLevel.ThirdPersonExampleMap'
[2017.11.24-22.50.43:586][352]LogRenderer: Reallocating scene render targets to support 1616x596 Format 10 NumSamples 1 (Frame:3264).
[2017.11.24-22.50.43:682][354]LogRenderer: Reallocating scene render targets to support 1616x620 Format 10 NumSamples 1 (Frame:3266).
[2017.11.24-22.50.43:778][355]LogRenderer: Reallocating scene render targets to support 1616x860 Format 10 NumSamples 1 (Frame:3269).
[2017.11.24-22.50.44:074][356]LogRenderer: Reallocating scene render targets to support 1616x948 Format 10 NumSamples 1 (Frame:3270).
[2017.11.24-22.50.44:226][358]LogRenderer: Reallocating scene render targets to support 1616x968 Format 10 NumSamples 1 (Frame:3272).
[2017.11.24-22.50.45:134][452]LogRenderer: Reallocating scene render targets to support 1616x972 Format 10 NumSamples 1 (Frame:3367).
[2017.11.24-22.50.56:012][555]LogRenderer: Reallocating scene render targets to support 1708x972 Format 10 NumSamples 1 (Frame:4492).
[2017.11.24-22.50.56:066][556]LogRenderer: Reallocating scene render targets to support 1800x972 Format 10 NumSamples 1 (Frame:4494).
[2017.11.24-22.50.56:118][557]LogRenderer: Reallocating scene render targets to support 1856x972 Format 10 NumSamples 1 (Frame:4496).
[2017.11.24-22.50.59:313][705]LogRenderer: Reallocating scene render targets to support 1876x972 Format 10 NumSamples 1 (Frame:4694).
[2017.11.24-22.50.59:380][706]LogRenderer: Reallocating scene render targets to support 1944x972 Format 10 NumSamples 1 (Frame:4696).
[2017.11.24-22.50.59:442][707]LogRenderer: Reallocating scene render targets to support 1960x972 Format 10 NumSamples 1 (Frame:4698).
[2017.11.24-22.50.59:548][709]LogRenderer: Reallocating scene render targets to support 1964x972 Format 10 NumSamples 1 (Frame:4701).
[2017.11.24-22.50.59:640][710]LogRenderer: Reallocating scene render targets to support 1976x972 Format 10 NumSamples 1 (Frame:4703).
[2017.11.24-22.50.59:739][711]LogRenderer: Reallocating scene render targets to support 1992x972 Format 10 NumSamples 1 (Frame:4705).
[2017.11.24-22.51.22:913][251]LogEditorViewport: Clicking on Actor (LMB): BP_Sky_Sphere_C (SkySphereBlueprint)
[2017.11.24-22.51.24:396][372]LogEditorViewport: Clicking on Actor (LMB): BP_Sky_Sphere_C (SkySphereBlueprint)
[2017.11.24-22.51.24:990][422]LogEditorViewport: Clicking on Actor (LMB): StaticMeshActor (Floor)
[2017.11.24-22.51.27:362][606]LogEditorViewport: Clicking on Actor (LMB): StaticMeshActor (Wall11)
[2017.11.24-22.51.28:986][740]LogEditorViewport: Clicking on Actor (LMB): BP_Sky_Sphere_C (SkySphereBlueprint)
[2017.11.24-22.51.29:801][804]LogTemp: Repeating last play command: Selected Viewport
[2017.11.24-22.51.29:818][804]LogBlueprintUserMessages: Early PlayInEditor Detection: Level '/Game/ThirdPersonBP/Maps/ThirdPersonExampleMap.ThirdPersonExampleMap:PersistentLevel' has LevelScriptBlueprint '/Game/ThirdPersonBP/Maps/ThirdPersonExampleMap.ThirdPersonExampleMap:PersistentLevel.ThirdPersonExampleMap' with GeneratedClass '/Game/ThirdPersonBP/Maps/ThirdPersonExampleMap.ThirdPersonExampleMap_C' with ClassGeneratedBy '/Game/ThirdPersonBP/Maps/ThirdPersonExampleMap.ThirdPersonExampleMap:PersistentLevel.ThirdPersonExampleMap'
[2017.11.24-22.51.29:818][804]LogPlayLevel: PlayLevel: No blueprints needed recompiling
[2017.11.24-22.51.29:818][804]PIE: New page: PIE session: ThirdPersonExampleMap (Nov 25, 2017, 12:51:29 AM)
[2017.11.24-22.51.29:818][804]LogPlayLevel: Creating play world package: /Game/ThirdPersonBP/Maps/UEDPIE_0_ThirdPersonExampleMap
[2017.11.24-22.51.29:840][804]LogPlayLevel: PIE: StaticDuplicateObject took: (0.022072s)
[2017.11.24-22.51.29:841][804]LogAIModule: Creating AISystem for world ThirdPersonExampleMap
[2017.11.24-22.51.29:841][804]LogPlayLevel: PIE: World Init took: (0.000975s)
[2017.11.24-22.51.29:842][804]LogPlayLevel: PIE: Created PIE world by copying editor world from /Game/ThirdPersonBP/Maps/ThirdPersonExampleMap.ThirdPersonExampleMap to /Game/ThirdPersonBP/Maps/UEDPIE_0_ThirdPersonExampleMap.ThirdPersonExampleMap (0.023436s)
[2017.11.24-22.51.29:865][804]LogInit: XAudio2 using 'LG ULTRAWIDE-4 (2- NVIDIA High Definition Audio)' : 2 channels at 48 kHz using 16 bits per sample (channel mask 0x3)
[2017.11.24-22.51.29:877][804]LogInit: FAudioDevice initialized.
[2017.11.24-22.51.29:912][804]LogLoad: Game class is 'GameModeBase'
[2017.11.24-22.51.29:916][804]LogWorld: Bringing World /Game/ThirdPersonBP/Maps/UEDPIE_0_ThirdPersonExampleMap.ThirdPersonExampleMap up for play (max tick rate 0) at 2017.11.24-23.51.29
[2017.11.24-22.51.29:917][804]LogWorld: Bringing up level for play took: 0.004039
[2017.11.24-22.51.29:919][804]PIE: Play in editor start time for /Game/ThirdPersonBP/Maps/UEDPIE_0_ThirdPersonExampleMap 0.869
[2017.11.24-22.51.29:919][804]LogBlueprintUserMessages: Late PlayInEditor Detection: Level '/Game/ThirdPersonBP/Maps/ThirdPersonExampleMap.ThirdPersonExampleMap:PersistentLevel' has LevelScriptBlueprint '/Game/ThirdPersonBP/Maps/ThirdPersonExampleMap.ThirdPersonExampleMap:PersistentLevel.ThirdPersonExampleMap' with GeneratedClass '/Game/ThirdPersonBP/Maps/ThirdPersonExampleMap.ThirdPersonExampleMap_C' with ClassGeneratedBy '/Game/ThirdPersonBP/Maps/ThirdPersonExampleMap.ThirdPersonExampleMap:PersistentLevel.ThirdPersonExampleMap'
[2017.11.24-22.51.32:485][ 80]LogBlueprintUserMessages: Early EndPlayMap Detection: Level '/Game/ThirdPersonBP/Maps/ThirdPersonExampleMap.ThirdPersonExampleMap:PersistentLevel' has LevelScriptBlueprint '/Game/ThirdPersonBP/Maps/ThirdPersonExampleMap.ThirdPersonExampleMap:PersistentLevel.ThirdPersonExampleMap' with GeneratedClass '/Game/ThirdPersonBP/Maps/ThirdPersonExampleMap.ThirdPersonExampleMap_C' with ClassGeneratedBy '/Game/ThirdPersonBP/Maps/ThirdPersonExampleMap.ThirdPersonExampleMap:PersistentLevel.ThirdPersonExampleMap'
[2017.11.24-22.51.32:526][ 80]LogBlueprintUserMessages: Late EndPlayMap Detection: Level '/Game/ThirdPersonBP/Maps/ThirdPersonExampleMap.ThirdPersonExampleMap:PersistentLevel' has LevelScriptBlueprint '/Game/ThirdPersonBP/Maps/ThirdPersonExampleMap.ThirdPersonExampleMap:PersistentLevel.ThirdPersonExampleMap' with GeneratedClass '/Game/ThirdPersonBP/Maps/ThirdPersonExampleMap.ThirdPersonExampleMap_C' with ClassGeneratedBy '/Game/ThirdPersonBP/Maps/ThirdPersonExampleMap.ThirdPersonExampleMap:PersistentLevel.ThirdPersonExampleMap'
[2017.11.24-22.51.38:136][616]LogEditorViewport: Clicking on Actor (LMB): StaticMeshActor (Floor)
[2017.11.24-22.52.22:706][238]LogEditorViewport: Clicking on Actor (LMB): StaticMeshActor (Floor)
