Log file open, 11/19/17 21:38:10
LogWindows: Failed to load 'aqProf.dll' (GetLastError=126)
LogWindows: File 'aqProf.dll' does not exist
LogWindows: Failed to load 'VtuneApi.dll' (GetLastError=126)
LogWindows: File 'VtuneApi.dll' does not exist
LogWindows: Failed to load 'VtuneApi32e.dll' (GetLastError=126)
LogWindows: File 'VtuneApi32e.dll' does not exist
LogInit: Display: Running engine for game: TwinStickShooter
LogPlatformFile: Not using cached read wrapper
LogInit: Display: RandInit(287828544) SRandInit(287828545).
LogInit: Read version file with build ID '3709383'
LogInit: Overriding engine version to CL 3754814, compatible CL 3709383
LogInit: Registered custom module enumerator with build ID '3709383'
LogTaskGraph: Started task graph with 5 named threads and 14 total threads with 3 sets of task threads.
LogStats: Stats thread started at 0.709464
LogD3D11RHI: Aftermath initialized
LogModuleManager: Display: Found up-to-date module file ../../../Engine/Plugins/2D/Paper2D/Binaries/Win64/UE4Editor-Paper2D.dll (API version 3709383).
LogModuleManager: Display: Found up-to-date module file ../../../Engine/Plugins/2D/Paper2D/Binaries/Win64/UE4Editor-Paper2DEditor.dll (API version 3709383).
LogModuleManager: Display: Found up-to-date module file ../../../Engine/Plugins/2D/Paper2D/Binaries/Win64/UE4Editor-PaperSpriteSheetImporter.dll (API version 3709383).
LogModuleManager: Display: Found up-to-date module file ../../../Engine/Plugins/2D/Paper2D/Binaries/Win64/UE4Editor-PaperTiledImporter.dll (API version 3709383).
LogModuleManager: Display: Found up-to-date module file ../../../Engine/Plugins/2D/Paper2D/Binaries/Win64/UE4Editor-SmartSnapping.dll (API version 3709383).
LogModuleManager: Display: Found up-to-date module file ../../../Engine/Plugins/Blendables/LightPropagationVolume/Binaries/Win64/UE4Editor-LightPropagationVolumeRuntime.dll (API version 3709383).
LogModuleManager: Display: Found up-to-date module file ../../../Engine/Plugins/Blendables/LightPropagationVolume/Binaries/Win64/UE4Editor-LightPropagationVolumeEditor.dll (API version 3709383).
LogModuleManager: Display: Found up-to-date module file ../../../Engine/Plugins/Developer/GitSourceControl/Binaries/Win64/UE4Editor-GitSourceControl.dll (API version 3709383).
LogModuleManager: Display: Found up-to-date module file ../../../Engine/Plugins/Developer/PerforceSourceControl/Binaries/Win64/UE4Editor-PerforceSourceControl.dll (API version 3709383).
LogModuleManager: Display: Found up-to-date module file ../../../Engine/Plugins/Developer/SubversionSourceControl/Binaries/Win64/UE4Editor-SubversionSourceControl.dll (API version 3709383).
LogModuleManager: Display: Found up-to-date module file ../../../Engine/Plugins/Developer/UObjectPlugin/Binaries/Win64/UE4Editor-UObjectPlugin.dll (API version 3709383).
LogModuleManager: Display: Found up-to-date module file ../../../Engine/Plugins/Developer/VisualStudioCodeSourceCodeAccess/Binaries/Win64/UE4Editor-VisualStudioCodeSourceCodeAccess.dll (API version 3709383).
LogModuleManager: Display: Found up-to-date module file ../../../Engine/Plugins/Developer/VisualStudioSourceCodeAccess/Binaries/Win64/UE4Editor-VisualStudioSourceCodeAccess.dll (API version 3709383).
LogModuleManager: Display: Found up-to-date module file ../../../Engine/Plugins/Editor/AssetManagerEditor/Binaries/Win64/UE4Editor-AssetManagerEditor.dll (API version 3709383).
LogModuleManager: Display: Found up-to-date module file ../../../Engine/Plugins/Editor/AudioCapture/Binaries/Win64/UE4Editor-AudioCapture.dll (API version 3709383).
LogModuleManager: Display: Found up-to-date module file ../../../Engine/Plugins/Editor/FacialAnimation/Binaries/Win64/UE4Editor-FacialAnimation.dll (API version 3709383).
LogModuleManager: Display: Found up-to-date module file ../../../Engine/Plugins/Editor/FacialAnimation/Binaries/Win64/UE4Editor-FacialAnimationEditor.dll (API version 3709383).
LogModuleManager: Display: Found up-to-date module file ../../../Engine/Plugins/Editor/GameplayTagsEditor/Binaries/Win64/UE4Editor-GameplayTagsEditor.dll (API version 3709383).
LogModuleManager: Display: Found up-to-date module file ../../../Engine/Plugins/Editor/MobileLauncherProfileWizard/Binaries/Win64/UE4Editor-MobileLauncherProfileWizard.dll (API version 3709383).
LogModuleManager: Display: Found up-to-date module file ../../../Engine/Plugins/Editor/PluginBrowser/Binaries/Win64/UE4Editor-PluginBrowser.dll (API version 3709383).
LogModuleManager: Display: Found up-to-date module file ../../../Engine/Plugins/Editor/SpeedTreeImporter/Binaries/Win64/UE4Editor-SpeedTreeImporter.dll (API version 3709383).
LogModuleManager: Display: Found up-to-date module file ../../../Engine/Plugins/Experimental/AlembicImporter/Binaries/Win64/UE4Editor-AlembicImporter.dll (API version 3709383).
LogModuleManager: Display: Found up-to-date module file ../../../Engine/Plugins/Experimental/AlembicImporter/Binaries/Win64/UE4Editor-AlembicLibrary.dll (API version 3709383).
LogModuleManager: Display: Found up-to-date module file ../../../Engine/Plugins/Experimental/CharacterAI/Binaries/Win64/UE4Editor-CharacterAI.dll (API version 3709383).
LogModuleManager: Display: Found up-to-date module file ../../../Engine/Plugins/Experimental/HTML5Networking/Binaries/Win64/UE4Editor-HTML5Networking.dll (API version 3709383).
LogModuleManager: Display: Found up-to-date module file ../../../Engine/Plugins/Media/AndroidMedia/Binaries/Win64/UE4Editor-AndroidMediaEditor.dll (API version 3709383).
LogModuleManager: Display: Found up-to-date module file ../../../Engine/Plugins/Media/AndroidMedia/Binaries/Win64/UE4Editor-AndroidMediaFactory.dll (API version 3709383).
LogModuleManager: Display: Found up-to-date module file ../../../Engine/Plugins/Media/AvfMedia/Binaries/Win64/UE4Editor-AvfMediaEditor.dll (API version 3709383).
LogModuleManager: Display: Found up-to-date module file ../../../Engine/Plugins/Media/AvfMedia/Binaries/Win64/UE4Editor-AvfMediaFactory.dll (API version 3709383).
LogModuleManager: Display: Found up-to-date module file ../../../Engine/Plugins/Media/AvfMedia/Binaries/Win64/UE4Editor-AvfMediaFactory.dll (API version 3709383).
LogModuleManager: Display: Found up-to-date module file ../../../Engine/Plugins/Media/ImgMedia/Binaries/Win64/UE4Editor-ImgMedia.dll (API version 3709383).
LogModuleManager: Display: Found up-to-date module file ../../../Engine/Plugins/Media/ImgMedia/Binaries/Win64/UE4Editor-ImgMediaEditor.dll (API version 3709383).
LogModuleManager: Display: Found up-to-date module file ../../../Engine/Plugins/Media/ImgMedia/Binaries/Win64/UE4Editor-ImgMediaFactory.dll (API version 3709383).
LogModuleManager: Display: Found up-to-date module file ../../../Engine/Plugins/Media/ImgMedia/Binaries/Win64/UE4Editor-ImgMediaFactory.dll (API version 3709383).
LogModuleManager: Display: Found up-to-date module file ../../../Engine/Plugins/Media/ImgMedia/Binaries/Win64/UE4Editor-OpenExrWrapper.dll (API version 3709383).
LogModuleManager: Display: Found up-to-date module file ../../../Engine/Plugins/Media/MediaCompositing/Binaries/Win64/UE4Editor-MediaCompositing.dll (API version 3709383).
LogModuleManager: Display: Found up-to-date module file ../../../Engine/Plugins/Media/MediaCompositing/Binaries/Win64/UE4Editor-MediaCompositingEditor.dll (API version 3709383).
LogModuleManager: Display: Found up-to-date module file ../../../Engine/Plugins/Media/MediaPlayerEditor/Binaries/Win64/UE4Editor-MediaPlayerEditor.dll (API version 3709383).
LogModuleManager: Display: Found up-to-date module file ../../../Engine/Plugins/Media/WmfMedia/Binaries/Win64/UE4Editor-WmfMedia.dll (API version 3709383).
LogModuleManager: Display: Found up-to-date module file ../../../Engine/Plugins/Media/WmfMedia/Binaries/Win64/UE4Editor-WmfMediaEditor.dll (API version 3709383).
LogModuleManager: Display: Found up-to-date module file ../../../Engine/Plugins/Media/WmfMedia/Binaries/Win64/UE4Editor-WmfMediaFactory.dll (API version 3709383).
LogModuleManager: Display: Found up-to-date module file ../../../Engine/Plugins/Media/WmfMedia/Binaries/Win64/UE4Editor-WmfMediaFactory.dll (API version 3709383).
LogModuleManager: Display: Found up-to-date module file ../../../Engine/Plugins/Messaging/TcpMessaging/Binaries/Win64/UE4Editor-TcpMessaging.dll (API version 3709383).
LogModuleManager: Display: Found up-to-date module file ../../../Engine/Plugins/Messaging/UdpMessaging/Binaries/Win64/UE4Editor-UdpMessaging.dll (API version 3709383).
LogModuleManager: Display: Found up-to-date module file ../../../Engine/Plugins/MovieScene/ActorSequence/Binaries/Win64/UE4Editor-ActorSequence.dll (API version 3709383).
LogModuleManager: Display: Found up-to-date module file ../../../Engine/Plugins/MovieScene/LevelSequenceEditor/Binaries/Win64/UE4Editor-LevelSequenceEditor.dll (API version 3709383).
LogModuleManager: Display: Found up-to-date module file ../../../Engine/Plugins/MovieScene/MatineeToLevelSequence/Binaries/Win64/UE4Editor-MatineeToLevelSequence.dll (API version 3709383).
LogModuleManager: Display: Found up-to-date module file ../../../Engine/Plugins/Online/OnlineSubsystem/Binaries/Win64/UE4Editor-OnlineSubsystem.dll (API version 3709383).
LogModuleManager: Display: Found up-to-date module file ../../../Engine/Plugins/Runtime/AndroidPermission/Binaries/Win64/UE4Editor-AndroidPermission.dll (API version 3709383).
LogModuleManager: Display: Found up-to-date module file ../../../Engine/Plugins/Online/OnlineSubsystemNull/Binaries/Win64/UE4Editor-OnlineSubsystemNull.dll (API version 3709383).
LogModuleManager: Display: Found up-to-date module file ../../../Engine/Plugins/Online/OnlineSubsystemUtils/Binaries/Win64/UE4Editor-OnlineSubsystemUtils.dll (API version 3709383).
LogModuleManager: Display: Found up-to-date module file ../../../Engine/Plugins/Online/OnlineSubsystemUtils/Binaries/Win64/UE4Editor-OnlineBlueprintSupport.dll (API version 3709383).
LogModuleManager: Display: Found up-to-date module file ../../../Engine/Plugins/Runtime/AndroidDeviceProfileSelector/Binaries/Win64/UE4Editor-AndroidDeviceProfileSelector.dll (API version 3709383).
LogModuleManager: Display: Found up-to-date module file ../../../Engine/Plugins/Runtime/AppleARKit/Binaries/Win64/UE4Editor-AppleARKit.dll (API version 3709383).
LogModuleManager: Display: Found up-to-date module file ../../../Engine/Plugins/Runtime/ArchVisCharacter/Binaries/Win64/UE4Editor-ArchVisCharacter.dll (API version 3709383).
LogModuleManager: Display: Found up-to-date module file ../../../Engine/Plugins/Runtime/CableComponent/Binaries/Win64/UE4Editor-CableComponent.dll (API version 3709383).
LogModuleManager: Display: Found up-to-date module file ../../../Engine/Plugins/Runtime/CustomMeshComponent/Binaries/Win64/UE4Editor-CustomMeshComponent.dll (API version 3709383).
LogModuleManager: Display: Found up-to-date module file ../../../Engine/Plugins/Runtime/ExampleDeviceProfileSelector/Binaries/Win64/UE4Editor-ExampleDeviceProfileSelector.dll (API version 3709383).
LogModuleManager: Display: Found up-to-date module file ../../../Engine/Plugins/Runtime/ImmediatePhysics/Binaries/Win64/UE4Editor-ImmediatePhysics.dll (API version 3709383).
LogModuleManager: Display: Found up-to-date module file ../../../Engine/Plugins/Runtime/ImmediatePhysics/Binaries/Win64/UE4Editor-ImmediatePhysicsEditor.dll (API version 3709383).
LogModuleManager: Display: Found up-to-date module file ../../../Engine/Plugins/Runtime/LocationServicesBPLibrary/Binaries/Win64/UE4Editor-LocationServicesBPLibrary.dll (API version 3709383).
LogModuleManager: Display: Found up-to-date module file ../../../Engine/Plugins/Runtime/MobilePatchingUtils/Binaries/Win64/UE4Editor-MobilePatchingUtils.dll (API version 3709383).
LogModuleManager: Display: Found up-to-date module file ../../../Engine/Plugins/Runtime/Oculus/OculusVR/Binaries/Win64/UE4Editor-OculusHMD.dll (API version 3709383).
LogModuleManager: Display: Found up-to-date module file ../../../Engine/Plugins/Runtime/Oculus/OculusVR/Binaries/Win64/UE4Editor-OculusInput.dll (API version 3709383).
LogModuleManager: Display: Found up-to-date module file ../../../Engine/Plugins/Runtime/Oculus/OculusVR/Binaries/Win64/UE4Editor-OculusEditor.dll (API version 3709383).
LogModuleManager: Display: Found up-to-date module file ../../../Engine/Plugins/Runtime/PhysXVehicles/Binaries/Win64/UE4Editor-PhysXVehicles.dll (API version 3709383).
LogModuleManager: Display: Found up-to-date module file ../../../Engine/Plugins/Runtime/PhysXVehicles/Binaries/Win64/UE4Editor-PhysXVehiclesEditor.dll (API version 3709383).
LogModuleManager: Display: Found up-to-date module file ../../../Engine/Plugins/Runtime/ProceduralMeshComponent/Binaries/Win64/UE4Editor-ProceduralMeshComponent.dll (API version 3709383).
LogModuleManager: Display: Found up-to-date module file ../../../Engine/Plugins/Runtime/ProceduralMeshComponent/Binaries/Win64/UE4Editor-ProceduralMeshComponentEditor.dll (API version 3709383).
LogModuleManager: Display: Found up-to-date module file ../../../Engine/Plugins/Runtime/RuntimePhysXCooking/Binaries/Win64/UE4Editor-RuntimePhysXCooking.dll (API version 3709383).
LogModuleManager: Display: Found up-to-date module file ../../../Engine/Plugins/Runtime/Steam/SteamVR/Binaries/Win64/UE4Editor-SteamVR.dll (API version 3709383).
LogModuleManager: Display: Found up-to-date module file ../../../Engine/Plugins/Runtime/Steam/SteamVR/Binaries/Win64/UE4Editor-SteamVRController.dll (API version 3709383).
LogModuleManager: Display: Found up-to-date module file ../../../Engine/Plugins/Runtime/WindowsMoviePlayer/Binaries/Win64/UE4Editor-WindowsMoviePlayer.dll (API version 3709383).
LogPluginManager: Mounting plugin Paper2D
LogPluginManager: Mounting plugin LightPropagationVolume
LogPluginManager: Mounting plugin CodeLiteSourceCodeAccess
LogPluginManager: Mounting plugin GitSourceControl
LogPluginManager: Mounting plugin KDevelopSourceCodeAccess
LogPluginManager: Mounting plugin NullSourceCodeAccess
LogPluginManager: Mounting plugin PerforceSourceControl
LogPluginManager: Mounting plugin SubversionSourceControl
LogPluginManager: Mounting plugin UObjectPlugin
LogPluginManager: Mounting plugin VisualStudioCodeSourceCodeAccess
LogPluginManager: Mounting plugin VisualStudioSourceCodeAccess
LogPluginManager: Mounting plugin XCodeSourceCodeAccess
LogPluginManager: Mounting plugin AssetManagerEditor
LogPluginManager: Mounting plugin AudioCapture
LogPluginManager: Mounting plugin FacialAnimation
LogPluginManager: Mounting plugin GameplayTagsEditor
LogPluginManager: Mounting plugin MobileLauncherProfileWizard
LogPluginManager: Mounting plugin PluginBrowser
LogPluginManager: Mounting plugin SpeedTreeImporter
LogPluginManager: Mounting plugin AlembicImporter
LogPluginManager: Mounting plugin CharacterAI
LogPluginManager: Mounting plugin HTML5Networking
LogPluginManager: Mounting plugin AndroidMedia
LogPluginManager: Mounting plugin AvfMedia
LogPluginManager: Mounting plugin ImgMedia
LogPluginManager: Mounting plugin MediaCompositing
LogPluginManager: Mounting plugin MediaPlayerEditor
LogPluginManager: Mounting plugin WmfMedia
LogPluginManager: Mounting plugin TcpMessaging
LogPluginManager: Mounting plugin UdpMessaging
LogPluginManager: Mounting plugin ActorSequence
LogPluginManager: Mounting plugin LevelSequenceEditor
LogPluginManager: Mounting plugin MatineeToLevelSequence
LogPluginManager: Mounting plugin OnlineSubsystemGooglePlay
LogPluginManager: Mounting plugin OnlineSubsystemIOS
LogPluginManager: Mounting plugin OnlineSubsystem
LogPluginManager: Mounting plugin OnlineSubsystemNull
LogPluginManager: Mounting plugin OnlineSubsystemUtils
LogPluginManager: Mounting plugin AndroidDeviceProfileSelector
LogPluginManager: Mounting plugin AndroidMoviePlayer
LogPluginManager: Mounting plugin AndroidPermission
LogPluginManager: Mounting plugin AppleARKit
LogPluginManager: Mounting plugin AppleMoviePlayer
LogPluginManager: Mounting plugin ArchVisCharacter
LogPluginManager: Mounting plugin CableComponent
LogPluginManager: Mounting plugin CustomMeshComponent
LogPluginManager: Mounting plugin ExampleDeviceProfileSelector
LogPluginManager: Mounting plugin GoogleCloudMessaging
LogPluginManager: Mounting plugin ImmediatePhysics
LogPluginManager: Mounting plugin IOSDeviceProfileSelector
LogPluginManager: Mounting plugin LinuxDeviceProfileSelector
LogPluginManager: Mounting plugin LocationServicesBPLibrary
LogPluginManager: Mounting plugin MobilePatchingUtils
LogPluginManager: Mounting plugin OculusVR
LogPluginManager: Plugin shader directory ../../../Engine/Plugins/Runtime/Oculus/OculusVR/Shaders found
LogPluginManager: Mapping shader source directory ../../../Engine/Plugins/Runtime/Oculus/OculusVR/Shaders to virtual directory /Plugin/OculusVR
LogPluginManager: Mounting plugin PhysXVehicles
LogPluginManager: Mounting plugin ProceduralMeshComponent
LogPluginManager: Mounting plugin RuntimePhysXCooking
LogPluginManager: Mounting plugin SteamVR
LogPluginManager: Mounting plugin WindowsMoviePlayer
LogInit: Using libcurl 7.47.1
LogInit:  - built for x86_64-pc-win32
LogInit:  - supports SSL with OpenSSL/1.0.2g
LogInit:  - supports HTTP deflate (compression) using libz 1.2.8
LogInit:  - other features:
LogInit:      CURL_VERSION_SSL
LogInit:      CURL_VERSION_LIBZ
LogInit:      CURL_VERSION_IPV6
LogInit:      CURL_VERSION_ASYNCHDNS
LogInit:      CURL_VERSION_LARGEFILE
LogInit:      CURL_VERSION_IDN
LogInit:  CurlRequestOptions (configurable via config and command line):
LogInit:  - bVerifyPeer = false  - Libcurl will NOT verify peer certificate
LogInit:  - bUseHttpProxy = false  - Libcurl will NOT use HTTP proxy
LogInit:  - bDontReuseConnections = false  - Libcurl will reuse connections
LogInit:  - CertBundlePath = nullptr  - Libcurl will use whatever was configured at build time.
LogInit: Build: ++UE4+Release-4.18-CL-3754814
LogInit: Engine Version: 4.18.1-3754814+++UE4+Release-4.18
LogInit: Compatible Engine Version: 4.18.0-3709383+++UE4+Release-4.18
LogInit: Net CL: 3709383
LogDevObjectVersion: Number of dev versions registered: 16
LogDevObjectVersion:   Dev-Blueprints (B0D832E4-1F89-4F0D-ACCF-7EB736FD4AA2): 10
LogDevObjectVersion:   Dev-Build (E1C64328-A22C-4D53-A36C-8E866417BD8C): 0
LogDevObjectVersion:   Dev-Core (375EC13C-06E4-48FB-B500-84F0262A717E): 2
LogDevObjectVersion:   Dev-Editor (E4B068ED-F494-42E9-A231-DA0B2E46BB41): 20
LogDevObjectVersion:   Dev-Framework (CFFC743F-43B0-4480-9391-14DF171D2073): 30
LogDevObjectVersion:   Dev-Mobile (B02B49B5-BB20-44E9-A304-32B752E40360): 0
LogDevObjectVersion:   Dev-Networking (A4E4105C-59A1-49B5-A7C5-40C4547EDFEE): 0
LogDevObjectVersion:   Dev-Online (39C831C9-5AE6-47DC-9A44-9C173E1C8E7C): 0
LogDevObjectVersion:   Dev-Physics (78F01B33-EBEA-4F98-B9B4-84EACCB95AA2): 0
LogDevObjectVersion:   Dev-Platform (6631380F-2D4D-43E0-8009-CF276956A95A): 0
LogDevObjectVersion:   Dev-Rendering (12F88B9F-8875-4AFC-A67C-D90C383ABD29): 20
LogDevObjectVersion:   Dev-Sequencer (7B5AE74C-D270-4C10-A958-57980B212A5A): 4
LogDevObjectVersion:   Dev-VR (D7296918-1DD6-4BDD-9DE2-64A83CC13884): 0
LogDevObjectVersion:   Dev-LoadTimes (C2A15278-BFE7-4AFE-6C17-90FF531DF755): 1
LogDevObjectVersion:   Private-Geometry (6EACA3D4-40EC-4CC1-B786-8BED09428FC5): 1
LogDevObjectVersion:   Dev-AnimPhys (29E575DD-E0A3-4627-9D10-D276232CDCEA): 12
LogInit: Compiled (64-bit): Nov 14 2017 02:05:55
LogInit: Compiled with Visual C++: 19.00.24215.01
LogInit: Build Configuration: Development
LogInit: Branch Name: ++UE4+Release-4.18
LogInit: Command line: -EpicPortal 
LogInit: Base directory: D:/Programme/UnrealEngine4/UE_4.18/Engine/Binaries/Win64/
LogInit: Installed Engine Build: 1
LogInit: Presizing for max 8388607 objects, including 0 objects not considered by GC, pre-allocating 0 bytes for permanent pool.
LogInit: Object subsystem initialized
[2017.11.19-20.38.13:279][  0]LogInit: Selected Device Profile: [Windows]
[2017.11.19-20.38.13:279][  0]LogInit: Applying CVar settings loaded from the selected device profile: [Windows]
[2017.11.19-20.38.13:319][  0]LogInit: Computer: DESKTOP-HG70O20
[2017.11.19-20.38.13:319][  0]LogInit: User: Felix
[2017.11.19-20.38.13:319][  0]LogInit: CPU Page size=4096, Cores=4
[2017.11.19-20.38.13:319][  0]LogInit: High frequency timer resolution =3.319354 MHz
[2017.11.19-20.38.13:319][  0]LogMemory: Memory total: Physical=15.9GB (16GB approx)
[2017.11.19-20.38.13:319][  0]LogMemory: Platform Memory Stats for Windows
[2017.11.19-20.38.13:319][  0]LogMemory: Process Physical Memory: 272.07 MB used, 272.07 MB peak
[2017.11.19-20.38.13:319][  0]LogMemory: Process Virtual Memory: 269.82 MB used, 269.82 MB peak
[2017.11.19-20.38.13:319][  0]LogMemory: Physical Memory: 11630.13 MB used,  4702.31 MB free, 16332.44 MB total
[2017.11.19-20.38.13:319][  0]LogMemory: Virtual Memory: 643.72 MB used,  4702.31 MB free, 134217728.00 MB total
[2017.11.19-20.38.13:425][  0]LogInit: Using OS detected language (de-DE).
[2017.11.19-20.38.13:425][  0]LogInit: Using OS detected locale (de-DE).
[2017.11.19-20.38.13:427][  0]LogTextLocalizationManager: No localization for 'de-DE' exists, so 'en' will be used for the language.
[2017.11.19-20.38.13:427][  0]LogTextLocalizationManager: No localization for 'de-DE' exists, so 'en' will be used for the locale.
[2017.11.19-20.38.13:830][  0]LogInit: Setting process to per monitor DPI aware
[2017.11.19-20.38.32:082][  0]LogD3D11RHI: D3D11 adapters:
[2017.11.19-20.38.32:148][  0]LogD3D11RHI:    0. 'NVIDIA GeForce GTX 760' (Feature Level 11_0)
[2017.11.19-20.38.32:148][  0]LogD3D11RHI:       2017/0/8166 MB DedicatedVideo/DedicatedSystem/SharedSystem, Outputs:2, VendorId:0x10de
[2017.11.19-20.38.32:149][  0]LogD3D11RHI:    1. 'Microsoft Basic Render Driver' (Feature Level 11_0)
[2017.11.19-20.38.32:149][  0]LogD3D11RHI:       0/0/8166 MB DedicatedVideo/DedicatedSystem/SharedSystem, Outputs:0, VendorId:0x1414
[2017.11.19-20.38.32:149][  0]LogD3D11RHI: Chosen D3D11 Adapter: 0
[2017.11.19-20.38.32:152][  0]LogD3D11RHI: Creating new Direct3DDevice
[2017.11.19-20.38.32:152][  0]LogD3D11RHI:     GPU DeviceId: 0x1187 (for the marketing name, search the web for "GPU Device Id")
[2017.11.19-20.38.32:152][  0]LogWindows: EnumDisplayDevices:
[2017.11.19-20.38.32:152][  0]LogWindows:    0. 'NVIDIA GeForce GTX 760' (P:1 D:1)
[2017.11.19-20.38.32:152][  0]LogWindows:    1. 'NVIDIA GeForce GTX 760' (P:0 D:1)
[2017.11.19-20.38.32:152][  0]LogWindows:    2. 'NVIDIA GeForce GTX 760' (P:0 D:0)
[2017.11.19-20.38.32:152][  0]LogWindows:    3. 'NVIDIA GeForce GTX 760' (P:0 D:0)
[2017.11.19-20.38.32:152][  0]LogWindows: DebugString: FoundDriverCount:4 
[2017.11.19-20.38.32:152][  0]LogD3D11RHI:     Adapter Name: NVIDIA GeForce GTX 760
[2017.11.19-20.38.32:152][  0]LogD3D11RHI:   Driver Version: 388.13 (internal:23.21.13.8813, unified:388.13)
[2017.11.19-20.38.32:152][  0]LogD3D11RHI:      Driver Date: 10-27-2017
[2017.11.19-20.38.32:152][  0]LogRHI: Texture pool is 1412 MB (70% of 2017 MB)
[2017.11.19-20.38.32:182][  0]LogD3D11RHI: Async texture creation enabled
[2017.11.19-20.38.32:193][  0]LogD3D11RHI: GPU Timing Frequency: 1000.000000 (Debug: 2 1)
[2017.11.19-20.38.32:297][  0]LogShaderCompilers: Guid format shader working directory is -25 characters bigger than the processId version (../../../../../../UnrealProjekte/TwinStickShooter/TwinStickShooter 4.18/Intermediate/Shaders/WorkingDirectory/9244/).
[2017.11.19-20.38.32:297][  0]LogShaderCompilers: Cleaned the shader compiler working directory 'C:/Users/Felix/AppData/Local/Temp/UnrealShaderWorkingDir/4A37DC234112333D1417B4AE401B18C6/'.
[2017.11.19-20.38.32:297][  0]LogShaderCompilers: Display: Using Local Shader Compiler.
[2017.11.19-20.38.41:308][  0]LogTemp: Display: Loaded TP AllDesktopTargetPlatform
[2017.11.19-20.38.41:369][  0]LogTemp: Display: Loaded TP MacClientTargetPlatform
[2017.11.19-20.38.41:425][  0]LogTemp: Display: Loaded TP MacNoEditorTargetPlatform
[2017.11.19-20.38.41:476][  0]LogTemp: Display: Loaded TP MacServerTargetPlatform
[2017.11.19-20.38.41:566][  0]LogTemp: Display: Loaded TP MacTargetPlatform
[2017.11.19-20.38.41:632][  0]LogTemp: Display: Loaded TP WindowsClientTargetPlatform
[2017.11.19-20.38.41:698][  0]LogTemp: Display: Loaded TP WindowsNoEditorTargetPlatform
[2017.11.19-20.38.41:764][  0]LogTemp: Display: Loaded TP WindowsServerTargetPlatform
[2017.11.19-20.38.41:813][  0]LogTemp: Display: Loaded TP WindowsTargetPlatform
[2017.11.19-20.38.41:886][  0]LogTemp: Display: Loaded TP Android_ASTCTargetPlatform
[2017.11.19-20.38.41:941][  0]LogTemp: Display: Loaded TP Android_ATCTargetPlatform
[2017.11.19-20.38.41:994][  0]LogTemp: Display: Loaded TP Android_DXTTargetPlatform
[2017.11.19-20.38.42:051][  0]LogTemp: Display: Loaded TP Android_ETC1TargetPlatform
[2017.11.19-20.38.42:117][  0]LogTemp: Display: Loaded TP Android_ETC2TargetPlatform
[2017.11.19-20.38.42:253][  0]LogTemp: Display: Loaded TP Android_MultiTargetPlatform
[2017.11.19-20.38.42:253][  0]LogTemp: Display: Loaded TP Android_PVRTCTargetPlatform
[2017.11.19-20.38.42:467][  0]LogTemp: Display: Loaded TP AndroidTargetPlatform
[2017.11.19-20.38.42:897][  0]LogTemp: Display: Loaded TP HTML5TargetPlatform
[2017.11.19-20.38.43:494][  0]LogTemp: Display: Loaded TP IOSTargetPlatform
[2017.11.19-20.38.43:517][  0]LogTemp: Display: Loaded TP TVOSTargetPlatform
[2017.11.19-20.38.43:571][  0]LogTemp: Display: Loaded TP LinuxClientTargetPlatform
[2017.11.19-20.38.43:627][  0]LogTemp: Display: Loaded TP LinuxNoEditorTargetPlatform
[2017.11.19-20.38.43:688][  0]LogTemp: Display: Loaded TP LinuxServerTargetPlatform
[2017.11.19-20.38.44:287][  0]LogTemp: Display: Loaded TP LinuxTargetPlatform
[2017.11.19-20.38.44:287][  0]LogTargetPlatformManager: Display: Building Assets For Windows
[2017.11.19-20.38.46:396][  0]LogDerivedDataCache: Display: Max Cache Size: 512 MB
[2017.11.19-20.38.46:459][  0]LogDerivedDataCache: Loaded boot cache 0.06s 78MB C:/Users/Felix/AppData/Local/UnrealEngine/4.18/DerivedDataCache/Boot.ddc.
[2017.11.19-20.38.46:460][  0]LogDerivedDataCache: Display: Loaded Boot cache: C:/Users/Felix/AppData/Local/UnrealEngine/4.18/DerivedDataCache/Boot.ddc
[2017.11.19-20.38.46:460][  0]LogDerivedDataCache: FDerivedDataBackendGraph:  Pak pak cache file ../../../../../../UnrealProjekte/TwinStickShooter/TwinStickShooter 4.18/DerivedDataCache/DDC.ddp not found, will not use a pak cache.
[2017.11.19-20.38.46:460][  0]LogDerivedDataCache: Unable to find inner node Pak for hierarchical cache Hierarchy.
[2017.11.19-20.38.46:460][  0]LogDerivedDataCache: FDerivedDataBackendGraph:  CompressedPak pak cache file ../../../../../../UnrealProjekte/TwinStickShooter/TwinStickShooter 4.18/DerivedDataCache/Compressed.ddp not found, will not use a pak cache.
[2017.11.19-20.38.46:460][  0]LogDerivedDataCache: Unable to find inner node CompressedPak for hierarchical cache Hierarchy.
[2017.11.19-20.38.46:478][  0]LogDerivedDataCache: Display: Pak cache opened for reading ../../../Engine/DerivedDataCache/Compressed.ddp.
[2017.11.19-20.38.46:491][  0]LogDerivedDataCache: Using Local data cache path C:/Users/Felix/AppData/Local/UnrealEngine/Common/DerivedDataCache: Writable
[2017.11.19-20.38.46:501][  0]LogMaterial: Verifying Global Shaders for PCD3D_SM5
[2017.11.19-20.38.46:501][  0]LogSlate: Using Freetype 2.6.0
[2017.11.19-20.38.46:672][  0]LogSlate: SlateFontCache - WITH_FREETYPE: 1, WITH_HARFBUZZ: 1
[2017.11.19-20.38.46:672][  0]LogSlate: SlateFontCache - WITH_FREETYPE: 1, WITH_HARFBUZZ: 1
[2017.11.19-20.39.04:102][  0]LogInit: Selected Device Profile: [Windows]
[2017.11.19-20.39.05:461][  0]LogSimplygon: Simplygon DLL not present - disabling.
[2017.11.19-20.39.05:725][  0]LogMeshReduction: Using SimplygonSwarm for distributed automatic mesh merging
[2017.11.19-20.39.05:725][  0]LogMeshReduction: Using QuadricMeshReduction for automatic static mesh reduction
[2017.11.19-20.39.05:725][  0]LogMeshReduction: No automatic skeletal mesh reduction module available
[2017.11.19-20.39.05:725][  0]LogMeshReduction: No automatic mesh merging module available
[2017.11.19-20.39.05:725][  0]LogMeshMerging: No automatic mesh merging module available
[2017.11.19-20.39.05:766][  0]LogNetVersion: TwinStickShooter , NetCL: 3709383, EngineNetVer: 2, GameNetVer: 0 (Checksum: 4163484994)
[2017.11.19-20.39.05:919][  0]LogAssetRegistry: FAssetRegistry took 0.0270 seconds to start up
[2017.11.19-20.39.06:535][  0]LogPackageLocalizationCache: Processed 7 localized package path(s) for 1 prioritized culture(s) in 0.188201 seconds
[2017.11.19-20.39.06:540][  0]LogUObjectArray: 35900 objects as part of root set at end of initial load.
[2017.11.19-20.39.06:540][  0]LogUObjectAllocator: 7372024 out of 0 bytes used by permanent object pool.
[2017.11.19-20.39.06:540][  0]LogUObjectArray: CloseDisregardForGC: 0/0 objects in disregard for GC pool
[2017.11.19-20.39.06:664][  0]LogInit: WinSock: version 1.1 (2.2), MaxSocks=32767, MaxUdp=65467
[2017.11.19-20.40.38:153][  0]LogTcpMessaging: Initializing TcpMessaging bridge
[2017.11.19-20.40.38:272][  0]LogUdpMessaging: Initializing bridge on interface 0.0.0.0:0 to multicast group 230.0.0.1:6666.
[2017.11.19-20.40.40:612][  0]LogMaterial: Uniform references updated for custom material expression Custom.
[2017.11.19-20.40.41:922][  0]SourceControl: Source control is disabled
[2017.11.19-20.40.41:922][  0]SourceControl: Source control is disabled
[2017.11.19-20.40.42:022][  0]SourceControl: Source control is disabled
[2017.11.19-20.40.42:127][  0]SourceControl: Source control is disabled
[2017.11.19-20.40.44:873][  0]LogAndroidPermission: UAndroidPermissionCallbackProxy::GetInstance
[2017.11.19-20.40.45:523][  0]LogOcInput: OculusInput pre-init called
[2017.11.19-20.40.46:955][  0]LogEngine: Initializing Engine...
[2017.11.19-20.40.46:957][  0]LogHMD: Failed to initialize OpenVR with code 110
[2017.11.19-20.40.47:157][  0]LogStats: UGameplayTagsManager::ConstructGameplayTagTree: Construct from data asset -  0.000 s
[2017.11.19-20.40.47:221][  0]LogStats: UGameplayTagsManager::ConstructGameplayTagTree: GameplayTagTreeChangedEvent.Broadcast -  0.000 s
[2017.11.19-20.40.47:345][  0]LogAIModule: Creating AISystem for world Untitled
[2017.11.19-20.40.47:357][  0]LogInit: XAudio2 using 'Lautsprecher (Realtek High Definition Audio)' : 2 channels at 48 kHz using 32 bits per sample (channel mask 0x3)
[2017.11.19-20.40.47:368][  0]LogInit: FAudioDevice initialized.
[2017.11.19-20.40.47:442][  0]LogDerivedDataCache: Saved boot cache 0.07s 78MB C:/Users/Felix/AppData/Local/UnrealEngine/4.18/DerivedDataCache/Boot.ddc.
[2017.11.19-20.40.47:460][  0]LogInit: Texture streaming: Enabled
[2017.11.19-20.40.47:675][  0]LogEngineSessionManager: EngineSessionManager initialized
[2017.11.19-20.40.48:486][  0]LogInit: Transaction tracking system initialized
[2017.11.19-20.40.48:934][  0]BlueprintLog: New page: Editor Load
[2017.11.19-20.40.51:471][  0]LocalizationService: Localization service is disabled
[2017.11.19-20.40.53:766][  0]LogConsoleResponse: Display: 
[2017.11.19-20.40.55:526][  0]LogFileCache: Scanning file cache for directory 'D:/UnrealProjekte/TwinStickShooter/TwinStickShooter 4.18/Content/' took 0.01s
[2017.11.19-20.40.55:526][  0]LogCook: Display: Max memory allowance for cook 16384mb min free memory 0mb
[2017.11.19-20.40.55:526][  0]LogCook: Display: Mobile HDR setting 1
[2017.11.19-20.40.55:526][  0]LogGameplayTags: Display: UGameplayTagsManager::DoneAddingNativeTags. DelegateIsBound: 0
[2017.11.19-20.41.00:368][  0]SourceControl: Source control is disabled
[2017.11.19-20.41.00:368][  0]Cmd: MAP LOAD FILE="../../../../../../UnrealProjekte/TwinStickShooter/TwinStickShooter 4.18/Content/ThirdPersonBP/Maps/ThirdPersonExampleMap.umap" TEMPLATE=0 SHOWPROGRESS=1 FEATURELEVEL=3
[2017.11.19-20.41.00:368][  0]LightingResults: New page: Lighting Build
[2017.11.19-20.41.00:425][  0]MapCheck: New page: Map Check
[2017.11.19-20.41.00:425][  0]LightingResults: New page: Lighting Build
[2017.11.19-20.41.03:065][  0]LogMaterial: Missing cached shader map for material RampMaterial, compiling. 
[2017.11.19-20.41.04:797][  0]LogMaterial: Missing cached shader map for material CubeMaterial, compiling. 
[2017.11.19-20.41.05:837][  0]LogMaterial: Missing cached shader map for material BasicShapeMaterial, compiling. 
[2017.11.19-20.41.06:238][  0]LogMaterial: Missing cached shader map for material M_UE4Man_Body, compiling. 
[2017.11.19-20.41.07:725][  0]LogMaterial: Missing cached shader map for material M_UE4Man_Body, compiling. 
[2017.11.19-20.41.07:974][  0]LogAIModule: Creating AISystem for world ThirdPersonExampleMap
[2017.11.19-20.41.09:908][  0]LogEditorServer: Finished looking for orphan Actors (0.000 secs)
[2017.11.19-20.41.10:021][  0]Cmd: MAP CHECKDEP NOCLEARLOG
[2017.11.19-20.41.10:063][  0]MapCheck: Map check complete: 0 Error(s), 0 Warning(s), took 41.754ms to complete.
[2017.11.19-20.41.10:064][  0]LogFileHelpers: Loading map 'ThirdPersonExampleMap' took 9.695
[2017.11.19-20.41.10:324][  0]LogWindowsTextInputMethodSystem: Display: IME system now deactivated.
[2017.11.19-20.41.15:520][  0]LogCollectionManager: Loaded 0 collections in 0.001541 seconds
[2017.11.19-20.41.15:865][  0]LogFileCache: Scanning file cache for directory 'D:/UnrealProjekte/TwinStickShooter/TwinStickShooter 4.18/Saved/Collections/' took 0.01s
[2017.11.19-20.41.15:865][  0]LogFileCache: Scanning file cache for directory 'D:/UnrealProjekte/TwinStickShooter/TwinStickShooter 4.18/Content/Developers/Felix/Collections/' took 0.01s
[2017.11.19-20.41.15:865][  0]LogFileCache: Scanning file cache for directory 'D:/UnrealProjekte/TwinStickShooter/TwinStickShooter 4.18/Content/Collections/' took 0.01s
[2017.11.19-20.41.15:865][  0]LogCollectionManager: Rebuilt the GUID cache for 0 collections in 0.000000 seconds
[2017.11.19-20.41.15:875][  0]LogContentBrowser: Native class hierarchy populated in 0.0088 seconds. Added 2363 classes and 519 folders.
[2017.11.19-20.41.16:379][  0]LogContentBrowser: Native class hierarchy updated for 'WidgetCarousel' in 0.0003 seconds. Added 0 classes and 0 folders.
[2017.11.19-20.41.21:349][  0]LogContentBrowser: Native class hierarchy updated for 'AddContentDialog' in 0.0002 seconds. Added 0 classes and 0 folders.
[2017.11.19-20.41.22:839][  0]LogContentBrowser: Native class hierarchy updated for 'WorldBrowser' in 0.0003 seconds. Added 2 classes and 3 folders.
[2017.11.19-20.41.23:050][  0]LogContentBrowser: Native class hierarchy updated for 'SceneOutliner' in 0.0002 seconds. Added 1 classes and 2 folders.
[2017.11.19-20.41.29:233][  0]LogSlate: Took 0.184126 seconds to synchronously load lazily loaded font '../../../Engine/Content/Slate/Fonts/Roboto-Regular.ttf' (155K)
[2017.11.19-20.41.29:380][  0]LogSlate: Took 0.126550 seconds to synchronously load lazily loaded font '../../../Engine/Content/Slate/Fonts/Roboto-Bold.ttf' (160K)
[2017.11.19-20.41.29:852][  0]LogSlate: Took 0.049302 seconds to synchronously load lazily loaded font '../../../Engine/Content/Editor/Slate/Fonts/FontAwesome.ttf' (139K)
[2017.11.19-20.41.32:392][  0]LogMaterial: Missing cached shader map for material LevelGridMaterial2, compiling. 
[2017.11.19-20.41.33:334][  0]LogRenderer: Reallocating scene render targets to support 1220x668 Format 10 NumSamples 1 (Frame:1).
[2017.11.19-20.41.36:477][  0]LogContentBrowser: Native class hierarchy updated for 'HierarchicalLODOutliner' in 0.0003 seconds. Added 1 classes and 2 folders.
[2017.11.19-20.41.36:477][  0]LogLoad: (Engine Initialization) Total time: 207.95 seconds
[2017.11.19-20.41.36:477][  0]LogLoad: (Engine Initialization) Total Blueprint compile time: 0.00 seconds
[2017.11.19-20.41.36:477][  0]LogExternalProfiler: Found external profiler: VSPerf
[2017.11.19-20.41.36:477][  0]LogExternalProfiler: Using external profiler: VSPerf
[2017.11.19-20.41.36:711][  0]LogContentStreaming: Texture pool size now 1000 MB
[2017.11.19-20.41.37:582][  0]LogSlate: Took 0.000171 seconds to synchronously load lazily loaded font '../../../Engine/Content/Slate/Fonts/Roboto-Light.ttf' (159K)
[2017.11.19-20.41.37:821][  1]LogAssetRegistry: Asset discovery search completed in 151.9240 seconds
[2017.11.19-20.41.37:823][  1]LogCollectionManager: Rebuilt the object cache for 0 collections in 0.000001 seconds (found 0 objects)
[2017.11.19-20.41.37:823][  1]LogCollectionManager: Fixed up redirectors for 0 collections in 0.000079 seconds (updated 0 objects)
[2017.11.19-20.42.26:097][748]LogTemp: Repeating last play command: Selected Viewport
[2017.11.19-20.42.26:275][748]LogBlueprintUserMessages: Early PlayInEditor Detection: Level '/Game/ThirdPersonBP/Maps/ThirdPersonExampleMap.ThirdPersonExampleMap:PersistentLevel' has LevelScriptBlueprint '/Game/ThirdPersonBP/Maps/ThirdPersonExampleMap.ThirdPersonExampleMap:PersistentLevel.ThirdPersonExampleMap' with GeneratedClass '/Game/ThirdPersonBP/Maps/ThirdPersonExampleMap.ThirdPersonExampleMap_C' with ClassGeneratedBy '/Game/ThirdPersonBP/Maps/ThirdPersonExampleMap.ThirdPersonExampleMap:PersistentLevel.ThirdPersonExampleMap'
[2017.11.19-20.42.26:347][748]LogPlayLevel: PlayLevel: No blueprints needed recompiling
[2017.11.19-20.42.27:193][748]PIE: New page: PIE session: ThirdPersonExampleMap (Nov 19, 2017, 10:42:26 PM)
[2017.11.19-20.42.27:227][748]LogPlayLevel: Creating play world package: /Game/ThirdPersonBP/Maps/UEDPIE_0_ThirdPersonExampleMap
[2017.11.19-20.42.27:640][748]LogPlayLevel: PIE: StaticDuplicateObject took: (0.412304s)
[2017.11.19-20.42.27:641][748]LogAIModule: Creating AISystem for world ThirdPersonExampleMap
[2017.11.19-20.42.27:735][748]LogPlayLevel: PIE: World Init took: (0.095616s)
[2017.11.19-20.42.27:751][748]LogPlayLevel: PIE: Created PIE world by copying editor world from /Game/ThirdPersonBP/Maps/ThirdPersonExampleMap.ThirdPersonExampleMap to /Game/ThirdPersonBP/Maps/UEDPIE_0_ThirdPersonExampleMap.ThirdPersonExampleMap (0.524235s)
[2017.11.19-20.42.27:911][748]LogInit: XAudio2 using 'Lautsprecher (Realtek High Definition Audio)' : 2 channels at 48 kHz using 32 bits per sample (channel mask 0x3)
[2017.11.19-20.42.27:919][748]LogInit: FAudioDevice initialized.
[2017.11.19-20.42.28:087][748]LogLinker: Warning: Can't find file '/Game/ThirdPersonBP/Blueprints/ThirdPersonGameMode'
[2017.11.19-20.42.28:130][748]LogLinker: Warning: Can't find file '/Game/ThirdPersonBP/Blueprints/ThirdPersonGameMode'
[2017.11.19-20.42.28:160][748]LogUObjectGlobals: Warning: Failed to find object 'Class /Game/ThirdPersonBP/Blueprints/ThirdPersonGameMode.ThirdPersonGameMode_C'
[2017.11.19-20.42.28:160][748]LogLoad: Game class is 'GameModeBase'
[2017.11.19-20.42.28:464][748]LogWorld: Bringing World /Game/ThirdPersonBP/Maps/UEDPIE_0_ThirdPersonExampleMap.ThirdPersonExampleMap up for play (max tick rate 0) at 2017.11.19-21.42.28
[2017.11.19-20.42.29:483][748]LogWorld: Bringing up level for play took: 1.100379
[2017.11.19-20.42.29:654][748]LogContentBrowser: Native class hierarchy updated for 'MovieSceneCapture' in 0.0003 seconds. Added 11 classes and 0 folders.
[2017.11.19-20.42.29:721][748]PIE: Play in editor start time for /Game/ThirdPersonBP/Maps/UEDPIE_0_ThirdPersonExampleMap 2.746
[2017.11.19-20.42.29:722][748]LogBlueprintUserMessages: Late PlayInEditor Detection: Level '/Game/ThirdPersonBP/Maps/ThirdPersonExampleMap.ThirdPersonExampleMap:PersistentLevel' has LevelScriptBlueprint '/Game/ThirdPersonBP/Maps/ThirdPersonExampleMap.ThirdPersonExampleMap:PersistentLevel.ThirdPersonExampleMap' with GeneratedClass '/Game/ThirdPersonBP/Maps/ThirdPersonExampleMap.ThirdPersonExampleMap_C' with ClassGeneratedBy '/Game/ThirdPersonBP/Maps/ThirdPersonExampleMap.ThirdPersonExampleMap:PersistentLevel.ThirdPersonExampleMap'
[2017.11.19-20.42.52:600][168]LogBlueprintUserMessages: [BP_BasicEnemie_2] 50
[2017.11.19-20.42.53:774][308]LogBlueprintUserMessages: [BP_BasicEnemie_2] 0
[2017.11.19-20.43.03:885][478]LogBlueprintUserMessages: Early EndPlayMap Detection: Level '/Game/ThirdPersonBP/Maps/ThirdPersonExampleMap.ThirdPersonExampleMap:PersistentLevel' has LevelScriptBlueprint '/Game/ThirdPersonBP/Maps/ThirdPersonExampleMap.ThirdPersonExampleMap:PersistentLevel.ThirdPersonExampleMap' with GeneratedClass '/Game/ThirdPersonBP/Maps/ThirdPersonExampleMap.ThirdPersonExampleMap_C' with ClassGeneratedBy '/Game/ThirdPersonBP/Maps/ThirdPersonExampleMap.ThirdPersonExampleMap:PersistentLevel.ThirdPersonExampleMap'
[2017.11.19-20.43.04:433][478]LogBlueprintUserMessages: Late EndPlayMap Detection: Level '/Game/ThirdPersonBP/Maps/ThirdPersonExampleMap.ThirdPersonExampleMap:PersistentLevel' has LevelScriptBlueprint '/Game/ThirdPersonBP/Maps/ThirdPersonExampleMap.ThirdPersonExampleMap:PersistentLevel.ThirdPersonExampleMap' with GeneratedClass '/Game/ThirdPersonBP/Maps/ThirdPersonExampleMap.ThirdPersonExampleMap_C' with ClassGeneratedBy '/Game/ThirdPersonBP/Maps/ThirdPersonExampleMap.ThirdPersonExampleMap:PersistentLevel.ThirdPersonExampleMap'
[2017.11.19-20.43.07:745][696]LogEditorViewport: Clicking on Actor (LMB): StaticMeshActor (Floor)
[2017.11.19-20.43.15:546][187]LogEditorViewport: Clicking on Actor (LMB): ThirdPersonCharacter_C (ThirdPersonCharacter)
[2017.11.19-20.43.17:563][340]LogSlate: Took 0.000153 seconds to synchronously load lazily loaded font '../../../Engine/Content/Slate/Fonts/Roboto-Light.ttf' (159K)
[2017.11.19-20.43.19:631][340]LogContentBrowser: Native class hierarchy updated for 'BlueprintGraph' in 0.0006 seconds. Added 116 classes and 0 folders.
[2017.11.19-20.43.22:753][340]LogMaterial: Missing cached shader map for material GridMaterial, compiling. 
[2017.11.19-20.43.23:999][340]LogMaterial: Missing cached shader map for material PersonaFloorMat, compiling. 
[2017.11.19-20.43.27:744][340]LogSlate: Took 0.054124 seconds to synchronously load lazily loaded font '../../../Engine/Content/Editor/Slate/Fonts/Roboto-BoldCondensed.ttf' (158K)
[2017.11.19-20.43.30:220][341]LogSlate: Took 0.026891 seconds to synchronously load lazily loaded font '../../../Engine/Content/Editor/Slate/Fonts/Roboto-Italic.ttf' (157K)
[2017.11.19-20.43.49:830][270]LogEditorViewport: Clicking on Actor (LMB): BP_BasicEnemy_C (BP_BasicEnemie)
[2017.11.19-20.45.09:303][801]LogRenderer: Reallocating scene render targets to support 1220x712 Format 10 NumSamples 1 (Frame:1).
[2017.11.19-20.45.13:625][155]LogWindowsTextInputMethodSystem: Display: IME system now deactivated.
[2017.11.19-20.45.14:199][156]Cmd: QUIT_EDITOR
[2017.11.19-20.45.15:513][156]LogExit: Preparing to exit.
[2017.11.19-20.45.17:495][156]LogDirectoryWatcher: A directory notification for 'D:/UnrealProjekte/TwinStickShooter/TwinStickShooter 4.18/Content/' was aborted.
[2017.11.19-20.45.17:842][156]LogExit: Editor shut down
[2017.11.19-20.45.17:846][156]LogExit: Transaction tracking system shut down
[2017.11.19-20.45.18:271][156]LogDirectoryWatcher: A directory notification for '../../../Engine/Content/' was aborted.
[2017.11.19-20.45.18:271][156]LogDirectoryWatcher: A directory notification for '../../../../../../UnrealProjekte/TwinStickShooter/TwinStickShooter 4.18/Content/' was aborted.
[2017.11.19-20.45.18:271][156]LogDirectoryWatcher: A directory notification for '../../../Engine/Plugins/2D/Paper2D/Content/' was aborted.
[2017.11.19-20.45.18:271][156]LogDirectoryWatcher: A directory notification for '../../../Engine/Plugins/Media/MediaCompositing/Content/' was aborted.
[2017.11.19-20.45.18:271][156]LogDirectoryWatcher: A directory notification for '../../../Engine/Plugins/Runtime/AppleARKit/Content/' was aborted.
[2017.11.19-20.45.18:271][156]LogDirectoryWatcher: A directory notification for '../../../Engine/Plugins/Runtime/Oculus/OculusVR/Content/' was aborted.
[2017.11.19-20.45.18:271][156]LogDirectoryWatcher: A directory notification for '../../../Engine/Plugins/Runtime/Steam/SteamVR/Content/' was aborted.
[2017.11.19-20.45.20:533][156]LogExit: Object subsystem successfully closed.
[2017.11.19-20.45.20:876][156]LogD3D11RHI: Shutdown
[2017.11.19-20.45.20:905][156]LogD3D11RHI: CleanupD3DDevice
[2017.11.19-20.45.20:926][156]LogD3D11RHI: ~FD3D11DynamicRHI
[2017.11.19-20.45.23:615][156]LogModuleManager: Shutting down and abandoning module BlueprintGraph (554)
[2017.11.19-20.45.23:615][156]LogModuleManager: Shutting down and abandoning module MovieSceneCapture (552)
[2017.11.19-20.45.23:615][156]LogModuleManager: Shutting down and abandoning module HierarchicalLODOutliner (550)
[2017.11.19-20.45.23:615][156]LogModuleManager: Shutting down and abandoning module SceneOutliner (548)
[2017.11.19-20.45.23:628][156]LogModuleManager: Shutting down and abandoning module WorldBrowser (546)
[2017.11.19-20.45.23:637][156]LogModuleManager: Shutting down and abandoning module AddContentDialog (544)
[2017.11.19-20.45.23:645][156]LogDirectoryWatcher: A directory notification for 'D:/Programme/UnrealEngine4/UE_4.18/FeaturePacks/' was aborted.
[2017.11.19-20.45.23:648][156]LogModuleManager: Shutting down and abandoning module WidgetCarousel (543)
[2017.11.19-20.45.23:648][156]LogModuleManager: Shutting down and abandoning module EditorWidgets (540)
[2017.11.19-20.45.23:648][156]LogModuleManager: Shutting down and abandoning module CollectionManager (538)
[2017.11.19-20.45.23:659][156]LogDirectoryWatcher: A directory notification for 'D:/UnrealProjekte/TwinStickShooter/TwinStickShooter 4.18/Content/Collections/' was aborted.
[2017.11.19-20.45.23:659][156]LogDirectoryWatcher: A directory notification for 'D:/UnrealProjekte/TwinStickShooter/TwinStickShooter 4.18/Content/Developers/Felix/Collections/' was aborted.
[2017.11.19-20.45.23:659][156]LogDirectoryWatcher: A directory notification for 'D:/UnrealProjekte/TwinStickShooter/TwinStickShooter 4.18/Saved/Collections/' was aborted.
[2017.11.19-20.45.23:659][156]LogModuleManager: Shutting down and abandoning module StatsViewer (536)
[2017.11.19-20.45.23:673][156]LogModuleManager: Shutting down and abandoning module FoliageEdit (534)
[2017.11.19-20.45.23:700][156]LogModuleManager: Shutting down and abandoning module LandscapeEditor (532)
[2017.11.19-20.45.23:738][156]LogModuleManager: Shutting down and abandoning module MeshPaintMode (530)
[2017.11.19-20.45.23:763][156]LogModuleManager: Shutting down and abandoning module SceneDepthPickerMode (528)
[2017.11.19-20.45.23:763][156]LogModuleManager: Shutting down and abandoning module ActorPickerMode (526)
[2017.11.19-20.45.23:763][156]LogModuleManager: Shutting down and abandoning module GeometryMode (524)
[2017.11.19-20.45.23:763][156]LogModuleManager: Shutting down and abandoning module TextureAlignMode (522)
[2017.11.19-20.45.23:763][156]LogModuleManager: Shutting down and abandoning module BspMode (520)
[2017.11.19-20.45.23:763][156]LogModuleManager: Shutting down and abandoning module PIEPreviewDeviceProfileSelector (518)
[2017.11.19-20.45.23:763][156]LogModuleManager: Shutting down and abandoning module HardwareSurvey (516)
[2017.11.19-20.45.23:763][156]LogModuleManager: Shutting down and abandoning module SequenceRecorderSections (514)
[2017.11.19-20.45.23:786][156]LogModuleManager: Shutting down and abandoning module AutomationWorker (512)
[2017.11.19-20.45.23:795][156]LogModuleManager: Shutting down and abandoning module MatineeToLevelSequence (510)
[2017.11.19-20.45.23:818][156]LogModuleManager: Shutting down and abandoning module LevelSequenceEditor (508)
[2017.11.19-20.45.23:861][156]LogModuleManager: Shutting down and abandoning module PlacementMode (507)
[2017.11.19-20.45.23:862][156]LogModuleManager: Shutting down and abandoning module WmfMediaFactory (504)
[2017.11.19-20.45.23:862][156]LogModuleManager: Shutting down and abandoning module WmfMediaEditor (502)
[2017.11.19-20.45.23:862][156]LogModuleManager: Shutting down and abandoning module OpenExrWrapper (500)
[2017.11.19-20.45.23:862][156]LogModuleManager: Shutting down and abandoning module ImgMediaFactory (498)
[2017.11.19-20.45.23:862][156]LogModuleManager: Shutting down and abandoning module ImgMediaEditor (496)
[2017.11.19-20.45.23:862][156]LogModuleManager: Shutting down and abandoning module AvfMediaFactory (494)
[2017.11.19-20.45.23:862][156]LogModuleManager: Shutting down and abandoning module AvfMediaEditor (492)
[2017.11.19-20.45.23:862][156]LogModuleManager: Shutting down and abandoning module AndroidMediaFactory (490)
[2017.11.19-20.45.23:862][156]LogModuleManager: Shutting down and abandoning module AndroidMediaEditor (488)
[2017.11.19-20.45.23:863][156]LogModuleManager: Shutting down and abandoning module CharacterAI (486)
[2017.11.19-20.45.23:863][156]LogModuleManager: Shutting down and abandoning module AudioCapture (484)
[2017.11.19-20.45.23:877][156]LogModuleManager: Shutting down and abandoning module SequenceRecorder (483)
[2017.11.19-20.45.23:877][156]LogModuleManager: Shutting down and abandoning module SmartSnapping (480)
[2017.11.19-20.45.23:877][156]LogModuleManager: Shutting down and abandoning module SessionServices (478)
[2017.11.19-20.45.23:877][156]LogModuleManager: Shutting down and abandoning module ViewportSnapping (476)
[2017.11.19-20.45.23:877][156]LogModuleManager: Shutting down and abandoning module ViewportInteraction (474)
[2017.11.19-20.45.23:877][156]LogModuleManager: Shutting down and abandoning module ClothPainter (472)
[2017.11.19-20.45.23:921][156]LogModuleManager: Shutting down and abandoning module SkeletalMeshEditor (471)
[2017.11.19-20.45.23:939][156]LogModuleManager: Shutting down and abandoning module LogVisualizer (468)
[2017.11.19-20.45.23:969][156]LogModuleManager: Shutting down and abandoning module IntroTutorials (466)
[2017.11.19-20.45.24:030][156]LogModuleManager: Shutting down and abandoning module GameProjectGeneration (465)
[2017.11.19-20.45.24:072][156]LogModuleManager: Shutting down and abandoning module IOSPlatformEditor (462)
[2017.11.19-20.45.24:086][156]LogModuleManager: Shutting down and abandoning module HTML5PlatformEditor (460)
[2017.11.19-20.45.24:086][156]LogModuleManager: Shutting down and abandoning module AndroidPlatformEditor (458)
[2017.11.19-20.45.24:086][156]LogModuleManager: Shutting down and abandoning module AndroidDeviceDetection (457)
[2017.11.19-20.45.24:935][156]LogModuleManager: Shutting down and abandoning module WindowsPlatformEditor (454)
[2017.11.19-20.45.24:936][156]LogModuleManager: Shutting down and abandoning module IOSRuntimeSettings (452)
[2017.11.19-20.45.24:936][156]LogModuleManager: Shutting down and abandoning module AndroidRuntimeSettings (450)
[2017.11.19-20.45.24:936][156]LogModuleManager: Shutting down and abandoning module InputBindingEditor (448)
[2017.11.19-20.45.24:959][156]LogModuleManager: Shutting down and abandoning module MergeActors (446)
[2017.11.19-20.45.24:986][156]LogModuleManager: Shutting down and abandoning module SizeMap (444)
[2017.11.19-20.45.24:986][156]LogModuleManager: Shutting down and abandoning module TreeMap (442)
[2017.11.19-20.45.25:021][156]LogModuleManager: Shutting down and abandoning module ReferenceViewer (440)
[2017.11.19-20.45.25:021][156]LogModuleManager: Shutting down and abandoning module LocalizationDashboard (438)
[2017.11.19-20.45.25:038][156]LogModuleManager: Shutting down and abandoning module LocalizationService (437)
[2017.11.19-20.45.25:058][156]LogModuleManager: Shutting down and abandoning module HardwareTargeting (434)
[2017.11.19-20.45.25:058][156]LogModuleManager: Shutting down and abandoning module DeviceProfileEditor (432)
[2017.11.19-20.45.25:058][156]LogModuleManager: Shutting down and abandoning module UndoHistory (430)
[2017.11.19-20.45.25:058][156]LogModuleManager: Shutting down and abandoning module XmlParser (428)
[2017.11.19-20.45.25:281][156]LogModuleManager: Shutting down and abandoning module Blutility (426)
[2017.11.19-20.45.25:281][156]LogModuleManager: Shutting down and abandoning module ProjectSettingsViewer (424)
[2017.11.19-20.45.25:281][156]LogModuleManager: Shutting down and abandoning module ProjectTargetPlatformEditor (423)
[2017.11.19-20.45.25:282][156]LogModuleManager: Shutting down and abandoning module EditorSettingsViewer (420)
[2017.11.19-20.45.25:282][156]LogModuleManager: Shutting down and abandoning module SettingsEditor (418)
[2017.11.19-20.45.25:508][156]LogModuleManager: Shutting down and abandoning module ProjectLauncher (416)
[2017.11.19-20.45.25:534][156]LogModuleManager: Shutting down and abandoning module SessionFrontend (414)
[2017.11.19-20.45.25:571][156]LogModuleManager: Shutting down and abandoning module ProfilerClient (412)
[2017.11.19-20.45.25:594][156]LogModuleManager: Shutting down and abandoning module DeviceManager (410)
[2017.11.19-20.45.25:620][156]LogModuleManager: Shutting down and abandoning module TargetDeviceServices (409)
[2017.11.19-20.45.25:673][156]LogModuleManager: Shutting down and abandoning module AutomationController (406)
[2017.11.19-20.45.25:697][156]LogModuleManager: Shutting down and abandoning module AutomationWindow (404)
[2017.11.19-20.45.25:727][156]LogModuleManager: Shutting down and abandoning module Layers (402)
[2017.11.19-20.45.25:759][156]LogModuleManager: Shutting down and abandoning module ComponentVisualizers (400)
[2017.11.19-20.45.25:760][156]LogModuleManager: Shutting down and abandoning module DetailCustomizations (398)
[2017.11.19-20.45.25:785][156]LogModuleManager: Shutting down and abandoning module PackagesDialog (396)
[2017.11.19-20.45.25:964][156]LogModuleManager: Shutting down and abandoning module Persona (394)
[2017.11.19-20.45.26:024][156]LogModuleManager: Shutting down and abandoning module AdvancedPreviewScene (393)
[2017.11.19-20.45.26:024][156]LogModuleManager: Shutting down and abandoning module AnimGraph (391)
[2017.11.19-20.45.26:024][156]LogModuleManager: Shutting down and abandoning module Kismet (388)
[2017.11.19-20.45.26:065][156]LogModuleManager: Shutting down and abandoning module ClassViewer (386)
[2017.11.19-20.45.26:065][156]LogModuleManager: Shutting down and abandoning module Toolbox (384)
[2017.11.19-20.45.26:065][156]LogModuleManager: Shutting down and abandoning module ModuleUI (382)
[2017.11.19-20.45.26:093][156]LogModuleManager: Shutting down and abandoning module MovieSceneTools (380)
[2017.11.19-20.45.26:143][156]LogModuleManager: Shutting down and abandoning module OutputLog (378)
[2017.11.19-20.45.26:143][156]LogModuleManager: Shutting down and abandoning module GammaUI (376)
[2017.11.19-20.45.26:171][156]LogModuleManager: Shutting down and abandoning module Documentation (374)
[2017.11.19-20.45.26:171][156]LogModuleManager: Shutting down and abandoning module MovieSceneTracks (372)
[2017.11.19-20.45.26:171][156]LogModuleManager: Shutting down and abandoning module MovieScene (370)
[2017.11.19-20.45.26:171][156]LogModuleManager: Shutting down and abandoning module StreamingPauseRendering (368)
[2017.11.19-20.45.26:171][156]LogModuleManager: Shutting down and abandoning module LauncherPlatform (366)
[2017.11.19-20.45.26:171][156]LogModuleManager: Shutting down and abandoning module AnalyticsET (364)
[2017.11.19-20.45.26:171][156]LogModuleManager: Shutting down and abandoning module PortalServices (362)
[2017.11.19-20.45.26:171][156]LogModuleManager: Shutting down and abandoning module PortalRpc (360)
[2017.11.19-20.45.26:171][156]LogModuleManager: Shutting down and abandoning module MessagingRpc (358)
[2017.11.19-20.45.26:171][156]LogModuleManager: Shutting down and abandoning module AIModule (356)
[2017.11.19-20.45.26:200][156]LogModuleManager: Shutting down and abandoning module GameplayDebugger (355)
[2017.11.19-20.45.26:200][156]LogModuleManager: Shutting down and abandoning module AITestSuite (353)
[2017.11.19-20.45.26:221][156]LogModuleManager: Shutting down and abandoning module DesktopPlatform (350)
[2017.11.19-20.45.26:221][156]LogModuleManager: Shutting down and abandoning module ProfilerService (348)
[2017.11.19-20.45.26:277][156]LogModuleManager: Shutting down and abandoning module TaskGraph (346)
[2017.11.19-20.45.26:302][156]LogModuleManager: Shutting down and abandoning module SteamVRController (344)
[2017.11.19-20.45.26:302][156]LogModuleManager: Shutting down and abandoning module ProceduralMeshComponentEditor (342)
[2017.11.19-20.45.26:302][156]LogModuleManager: Shutting down and abandoning module ProceduralMeshComponent (340)
[2017.11.19-20.45.26:319][156]LogModuleManager: Shutting down and abandoning module OculusInput (338)
[2017.11.19-20.45.26:325][156]LogModuleManager: Shutting down and abandoning module MobilePatchingUtils (336)
[2017.11.19-20.45.26:325][156]LogModuleManager: Shutting down and abandoning module CustomMeshComponent (334)
[2017.11.19-20.45.26:325][156]LogModuleManager: Shutting down and abandoning module CableComponent (332)
[2017.11.19-20.45.26:345][156]LogModuleManager: Shutting down and abandoning module ArchVisCharacter (330)
[2017.11.19-20.45.26:345][156]LogModuleManager: Shutting down and abandoning module AndroidPermission (328)
[2017.11.19-20.45.26:345][156]LogModuleManager: Shutting down and abandoning module ActorSequence (324)
[2017.11.19-20.45.26:345][156]LogModuleManager: Shutting down and abandoning module MediaPlayerEditor (322)
[2017.11.19-20.45.26:364][156]LogModuleManager: Shutting down and abandoning module MediaCompositingEditor (320)
[2017.11.19-20.45.26:364][156]LogModuleManager: Shutting down and abandoning module MediaCompositing (318)
[2017.11.19-20.45.26:364][156]LogModuleManager: Shutting down and abandoning module HTML5Networking (316)
[2017.11.19-20.45.26:364][156]LogModuleManager: Shutting down and abandoning module AlembicImporter (314)
[2017.11.19-20.45.26:383][156]LogModuleManager: Shutting down and abandoning module AlembicLibrary (313)
[2017.11.19-20.45.26:383][156]LogModuleManager: Shutting down and abandoning module GeometryCache (312)
[2017.11.19-20.45.26:399][156]LogModuleManager: Shutting down and abandoning module GeometryCacheEd (311)
[2017.11.19-20.45.26:399][156]LogModuleManager: Shutting down and abandoning module SpeedTreeImporter (306)
[2017.11.19-20.45.26:399][156]LogModuleManager: Shutting down and abandoning module PluginBrowser (304)
[2017.11.19-20.45.26:428][156]LogModuleManager: Shutting down and abandoning module MobileLauncherProfileWizard (302)
[2017.11.19-20.45.26:434][156]LogModuleManager: Shutting down and abandoning module VisualStudioSourceCodeAccess (300)
[2017.11.19-20.45.26:435][156]LogModuleManager: Shutting down and abandoning module VisualStudioCodeSourceCodeAccess (298)
[2017.11.19-20.45.26:435][156]LogModuleManager: Shutting down and abandoning module UObjectPlugin (296)
[2017.11.19-20.45.26:435][156]LogModuleManager: Shutting down and abandoning module SubversionSourceControl (294)
[2017.11.19-20.45.26:445][156]LogModuleManager: Shutting down and abandoning module PerforceSourceControl (292)
[2017.11.19-20.45.26:455][156]LogModuleManager: Shutting down and abandoning module GitSourceControl (290)
[2017.11.19-20.45.26:474][156]LogModuleManager: Shutting down and abandoning module SourceControl (289)
[2017.11.19-20.45.26:501][156]LogModuleManager: Shutting down and abandoning module LightPropagationVolumeEditor (286)
[2017.11.19-20.45.26:501][156]LogModuleManager: Shutting down and abandoning module PaperTiledImporter (284)
[2017.11.19-20.45.26:501][156]LogModuleManager: Shutting down and abandoning module PaperSpriteSheetImporter (282)
[2017.11.19-20.45.26:501][156]LogModuleManager: Shutting down and abandoning module Paper2DEditor (280)
[2017.11.19-20.45.26:536][156]LogModuleManager: Shutting down and abandoning module MeshPaint (279)
[2017.11.19-20.45.26:557][156]LogModuleManager: Shutting down and abandoning module LevelEditor (277)
[2017.11.19-20.45.26:582][156]LogModuleManager: Shutting down and abandoning module PixelInspectorModule (276)
[2017.11.19-20.45.26:607][156]LogModuleManager: Shutting down and abandoning module MainFrame (274)
[2017.11.19-20.45.26:607][156]LogModuleManager: Shutting down and abandoning module HotReload (273)
[2017.11.19-20.45.26:632][156]LogModuleManager: Shutting down and abandoning module RuntimePhysXCooking (268)
[2017.11.19-20.45.26:632][156]LogModuleManager: Shutting down and abandoning module PhysXVehiclesEditor (266)
[2017.11.19-20.45.26:632][156]LogModuleManager: Shutting down and abandoning module PhysXVehicles (264)
[2017.11.19-20.45.26:632][156]LogModuleManager: Shutting down and abandoning module OculusEditor (262)
[2017.11.19-20.45.26:632][156]LogModuleManager: Shutting down and abandoning module LocationServicesBPLibrary (260)
[2017.11.19-20.45.26:632][156]LogModuleManager: Shutting down and abandoning module ImmediatePhysicsEditor (258)
[2017.11.19-20.45.26:632][156]LogModuleManager: Shutting down and abandoning module ImmediatePhysics (256)
[2017.11.19-20.45.26:632][156]LogModuleManager: Shutting down and abandoning module UdpMessaging (254)
[2017.11.19-20.45.26:746][156]LogModuleManager: Shutting down and abandoning module TcpMessaging (252)
[2017.11.19-20.45.26:872][156]LogModuleManager: Shutting down and abandoning module GameplayTagsEditor (250)
[2017.11.19-20.45.26:899][156]LogModuleManager: Shutting down and abandoning module FacialAnimationEditor (248)
[2017.11.19-20.45.26:899][156]LogModuleManager: Shutting down and abandoning module FacialAnimation (246)
[2017.11.19-20.45.26:899][156]LogModuleManager: Shutting down and abandoning module AssetManagerEditor (244)
[2017.11.19-20.45.26:904][156]LogModuleManager: Shutting down and abandoning module GraphEditor (243)
[2017.11.19-20.45.26:904][156]LogModuleManager: Shutting down and abandoning module ContentBrowser (241)
[2017.11.19-20.45.26:906][156]LogModuleManager: Shutting down and abandoning module LightPropagationVolumeRuntime (238)
[2017.11.19-20.45.26:906][156]LogModuleManager: Shutting down and abandoning module Paper2D (236)
[2017.11.19-20.45.26:906][156]LogModuleManager: Shutting down and abandoning module WindowsMoviePlayer (234)
[2017.11.19-20.45.26:917][156]LogModuleManager: Shutting down and abandoning module WmfMedia (232)
[2017.11.19-20.45.26:934][156]LogModuleManager: Shutting down and abandoning module ImgMedia (230)
[2017.11.19-20.45.26:934][156]LogModuleManager: Shutting down and abandoning module PacketHandler (228)
[2017.11.19-20.45.26:934][156]LogModuleManager: Shutting down and abandoning module ClothingSystemEditor (226)
[2017.11.19-20.45.26:934][156]LogModuleManager: Shutting down and abandoning module ClothingSystemRuntime (224)
[2017.11.19-20.45.26:969][156]LogModuleManager: Shutting down and abandoning module MediaAssets (222)
[2017.11.19-20.45.26:969][156]LogModuleManager: Shutting down and abandoning module Media (221)
[2017.11.19-20.45.26:975][156]LogModuleManager: Shutting down and abandoning module Overlay (218)
[2017.11.19-20.45.26:975][156]LogModuleManager: Shutting down and abandoning module OverlayEditor (217)
[2017.11.19-20.45.26:975][156]LogModuleManager: Shutting down and abandoning module VREditor (214)
[2017.11.19-20.45.26:995][156]LogModuleManager: Shutting down and abandoning module StringTableEditor (212)
[2017.11.19-20.45.27:004][156]LogModuleManager: Shutting down and abandoning module GameplayTasksEditor (210)
[2017.11.19-20.45.27:004][156]LogModuleManager: Shutting down and abandoning module BehaviorTreeEditor (208)
[2017.11.19-20.45.27:659][156]LogModuleManager: Shutting down and abandoning module FunctionalTesting (206)
[2017.11.19-20.45.27:673][156]LogModuleManager: Shutting down and abandoning module CollisionAnalyzer (204)
[2017.11.19-20.45.27:683][156]LogModuleManager: Shutting down and abandoning module WorkspaceMenuStructure (203)
[2017.11.19-20.45.27:683][156]LogModuleManager: Shutting down and abandoning module UMG (200)
[2017.11.19-20.45.27:696][156]LogModuleManager: Shutting down and abandoning module UMGEditor (199)
[2017.11.19-20.45.27:726][156]LogModuleManager: Shutting down and abandoning module Sequencer (198)
[2017.11.19-20.45.27:788][156]LogModuleManager: Shutting down and abandoning module MessageLog (195)
[2017.11.19-20.45.27:788][156]LogModuleManager: Shutting down and abandoning module SlateReflector (190)
[2017.11.19-20.45.27:823][156]LogModuleManager: Shutting down and abandoning module Slate (188)
[2017.11.19-20.45.27:823][156]LogModuleManager: Shutting down and abandoning module EditorStyle (186)
[2017.11.19-20.45.27:825][156]LogModuleManager: Shutting down and abandoning module MRMesh (184)
[2017.11.19-20.45.27:825][156]LogModuleManager: Shutting down and abandoning module SourceCodeAccess (182)
[2017.11.19-20.45.27:825][156]LogModuleManager: Shutting down and abandoning module HeadMountedDisplay (180)
[2017.11.19-20.45.27:825][156]LogModuleManager: Shutting down and abandoning module XAudio2 (178)
[2017.11.19-20.45.27:825][156]LogModuleManager: Shutting down and abandoning module Networking (176)
[2017.11.19-20.45.27:825][156]LogModuleManager: Shutting down and abandoning module Core (172)
[2017.11.19-20.45.27:825][156]LogModuleManager: Shutting down and abandoning module LevelSequence (168)
[2017.11.19-20.45.27:841][156]LogModuleManager: Shutting down and abandoning module DirectoryWatcher (166)
[2017.11.19-20.45.27:841][156]LogModuleManager: Shutting down and abandoning module KismetCompiler (164)
[2017.11.19-20.45.27:842][156]LogModuleManager: Shutting down and abandoning module MeshUtilities (162)
[2017.11.19-20.45.27:876][156]LogModuleManager: Shutting down and abandoning module MeshMergeUtilities (161)
[2017.11.19-20.45.27:898][156]LogModuleManager: Shutting down and abandoning module MeshReductionInterface (160)
[2017.11.19-20.45.27:898][156]LogModuleManager: Shutting down and abandoning module SimplygonSwarm (159)
[2017.11.19-20.45.27:909][156]LogModuleManager: Shutting down and abandoning module SimplygonMeshReduction (157)
[2017.11.19-20.45.27:909][156]LogModuleManager: Shutting down and abandoning module QuadricMeshReduction (155)
[2017.11.19-20.45.27:923][156]LogModuleManager: Shutting down and abandoning module MaterialBaking (151)
[2017.11.19-20.45.27:935][156]LogModuleManager: Shutting down and abandoning module DerivedDataCache (148)
[2017.11.19-20.45.28:036][156]LogDerivedDataCache: Shutdown
[2017.11.19-20.45.28:036][156]LogModuleManager: Shutting down and abandoning module TargetPlatform (146)
[2017.11.19-20.45.28:036][156]LogModuleManager: Shutting down and abandoning module VulkanShaderFormat (145)
[2017.11.19-20.45.28:062][156]LogModuleManager: Shutting down and abandoning module ShaderFormatVectorVM (143)
[2017.11.19-20.45.28:090][156]LogModuleManager: Shutting down and abandoning module ShaderFormatOpenGL (141)
[2017.11.19-20.45.28:099][156]LogModuleManager: Shutting down and abandoning module ShaderFormatD3D (139)
[2017.11.19-20.45.28:113][156]LogModuleManager: Shutting down and abandoning module MetalShaderFormat (137)
[2017.11.19-20.45.28:144][156]LogModuleManager: Shutting down and abandoning module TextureFormatUncompressed (135)
[2017.11.19-20.45.28:144][156]LogModuleManager: Shutting down and abandoning module TextureFormatPVR (133)
[2017.11.19-20.45.28:144][156]LogModuleManager: Shutting down and abandoning module TextureFormatDXT (131)
[2017.11.19-20.45.28:171][156]LogModuleManager: Shutting down and abandoning module TextureFormatIntelISPCTexComp (129)
[2017.11.19-20.45.28:178][156]LogModuleManager: Shutting down and abandoning module TextureFormatASTC (127)
[2017.11.19-20.45.28:178][156]LogModuleManager: Shutting down and abandoning module ImageWrapper (126)
[2017.11.19-20.45.28:178][156]LogModuleManager: Shutting down and abandoning module TextureFormatAndroid (123)
[2017.11.19-20.45.28:178][156]LogModuleManager: Shutting down and abandoning module AudioFormatOpus (121)
[2017.11.19-20.45.28:178][156]LogModuleManager: Shutting down and abandoning module AudioFormatOgg (119)
[2017.11.19-20.45.28:178][156]LogModuleManager: Shutting down and abandoning module AudioFormatADPCM (117)
[2017.11.19-20.45.28:178][156]LogModuleManager: Shutting down and abandoning module LinuxTargetPlatform (115)
[2017.11.19-20.45.28:178][156]LogModuleManager: Shutting down and abandoning module LinuxServerTargetPlatform (113)
[2017.11.19-20.45.28:178][156]LogModuleManager: Shutting down and abandoning module LinuxNoEditorTargetPlatform (111)
[2017.11.19-20.45.28:178][156]LogModuleManager: Shutting down and abandoning module LinuxClientTargetPlatform (109)
[2017.11.19-20.45.28:178][156]LogModuleManager: Shutting down and abandoning module TVOSTargetPlatform (107)
[2017.11.19-20.45.28:178][156]LogModuleManager: Shutting down and abandoning module Messaging (105)
[2017.11.19-20.45.28:178][156]LogModuleManager: Shutting down and abandoning module IOSTargetPlatform (103)
[2017.11.19-20.45.28:179][156]LogModuleManager: Shutting down and abandoning module HTML5TargetPlatform (101)
[2017.11.19-20.45.28:179][156]LogModuleManager: Shutting down and abandoning module AndroidTargetPlatform (99)
[2017.11.19-20.45.28:179][156]LogModuleManager: Shutting down and abandoning module Android_PVRTCTargetPlatform (97)
[2017.11.19-20.45.28:179][156]LogModuleManager: Shutting down and abandoning module Android_MultiTargetPlatform (95)
[2017.11.19-20.45.28:179][156]LogModuleManager: Shutting down and abandoning module Android_ETC2TargetPlatform (93)
[2017.11.19-20.45.28:179][156]LogModuleManager: Shutting down and abandoning module Android_ETC1TargetPlatform (91)
[2017.11.19-20.45.28:179][156]LogModuleManager: Shutting down and abandoning module Android_DXTTargetPlatform (89)
[2017.11.19-20.45.28:179][156]LogModuleManager: Shutting down and abandoning module Android_ATCTargetPlatform (87)
[2017.11.19-20.45.28:179][156]LogModuleManager: Shutting down and abandoning module Android_ASTCTargetPlatform (85)
[2017.11.19-20.45.28:179][156]LogModuleManager: Shutting down and abandoning module WindowsTargetPlatform (83)
[2017.11.19-20.45.28:179][156]LogModuleManager: Shutting down and abandoning module WindowsServerTargetPlatform (81)
[2017.11.19-20.45.28:179][156]LogModuleManager: Shutting down and abandoning module WindowsNoEditorTargetPlatform (79)
[2017.11.19-20.45.28:179][156]LogModuleManager: Shutting down and abandoning module WindowsClientTargetPlatform (77)
[2017.11.19-20.45.28:179][156]LogModuleManager: Shutting down and abandoning module MacTargetPlatform (75)
[2017.11.19-20.45.28:179][156]LogModuleManager: Shutting down and abandoning module MacServerTargetPlatform (73)
[2017.11.19-20.45.28:179][156]LogModuleManager: Shutting down and abandoning module MacNoEditorTargetPlatform (71)
[2017.11.19-20.45.28:179][156]LogModuleManager: Shutting down and abandoning module MacClientTargetPlatform (69)
[2017.11.19-20.45.28:179][156]LogModuleManager: Shutting down and abandoning module AllDesktopTargetPlatform (67)
[2017.11.19-20.45.28:179][156]LogModuleManager: Shutting down and abandoning module InputCore (64)
[2017.11.19-20.45.28:179][156]LogModuleManager: Shutting down and abandoning module Settings (62)
[2017.11.19-20.45.28:179][156]LogModuleManager: Shutting down and abandoning module PhysXCooking (60)
[2017.11.19-20.45.28:179][156]LogModuleManager: Shutting down and abandoning module SteamVR (58)
[2017.11.19-20.45.28:179][156]LogModuleManager: Shutting down and abandoning module OculusHMD (56)
[2017.11.19-20.45.28:194][156]LogModuleManager: Shutting down and abandoning module ExampleDeviceProfileSelector (54)
[2017.11.19-20.45.28:194][156]LogModuleManager: Shutting down and abandoning module AppleARKit (52)
[2017.11.19-20.45.28:194][156]LogModuleManager: Shutting down and abandoning module AugmentedReality (51)
[2017.11.19-20.45.28:194][156]LogModuleManager: Shutting down and abandoning module OnlineBlueprintSupport (48)
[2017.11.19-20.45.28:195][156]LogModuleManager: Shutting down and abandoning module OnlineSubsystem (44)
[2017.11.19-20.45.28:220][156]LogModuleManager: Shutting down and abandoning module XMPP (43)
[2017.11.19-20.45.28:244][156]LogModuleManager: Shutting down and abandoning module HTTP (41)
[2017.11.19-20.45.28:244][156]LogHttp: Display: Http module shutting down, but needs to wait on 1 outstanding Http requests:
[2017.11.19-20.45.28:268][156]LogHttp: Display: 	verb=[POST] url=[https://datarouter.ol.epicgames.com/datarouter/api/v1/public/data?SessionID=%7BB00FC631-40DA-C281-0D17-2E8FBD1E57D6%7D&AppID=UEEditor.Rocket.Release&AppVersion=4.18.1-3754814%2B%2B%2BUE4%2BRelease-4.18&UserID=23f8fb3046532184d3249eb0c719fa90%7C5715c249dca348219dfb2dce3242c8aa%7C05b127a3-27c1-492b-ad48-2355f1762b4f&AppEnvironment=datacollector-binary&UploadType=eteventstream] status=Processing
[2017.11.19-20.45.28:301][156]LogModuleManager: Shutting down and abandoning module SSL (40)
[2017.11.19-20.45.28:326][156]LogModuleManager: Shutting down and abandoning module AnimationModifiers (36)
[2017.11.19-20.45.28:350][156]LogModuleManager: Shutting down and abandoning module PropertyEditor (35)
[2017.11.19-20.45.28:350][156]LogModuleManager: Shutting down and abandoning module AudioEditor (32)
[2017.11.19-20.45.28:389][156]LogModuleManager: Shutting down and abandoning module TextureCompressor (30)
[2017.11.19-20.45.28:405][156]LogModuleManager: Shutting down and abandoning module ShaderCore (28)
[2017.11.19-20.45.28:405][156]LogModuleManager: Shutting down and abandoning module Landscape (26)
[2017.11.19-20.45.28:405][156]LogModuleManager: Shutting down and abandoning module SlateRHIRenderer (24)
[2017.11.19-20.45.28:418][156]LogModuleManager: Shutting down and abandoning module OpenGLDrv (22)
[2017.11.19-20.45.28:429][156]LogModuleManager: Shutting down and abandoning module D3D11RHI (20)
[2017.11.19-20.45.28:429][156]LogModuleManager: Shutting down and abandoning module AnimGraphRuntime (18)
[2017.11.19-20.45.28:448][156]LogModuleManager: Shutting down and abandoning module Renderer (16)
[2017.11.19-20.45.28:448][156]LogModuleManager: Shutting down and abandoning module Engine (14)
[2017.11.19-20.45.28:477][156]LogModuleManager: Shutting down and abandoning module CoreUObject (12)
[2017.11.19-20.45.28:478][156]LogModuleManager: Shutting down and abandoning module NetworkFile (10)
[2017.11.19-20.45.28:509][156]LogModuleManager: Shutting down and abandoning module CookedIterativeFile (8)
[2017.11.19-20.45.28:509][156]LogModuleManager: Shutting down and abandoning module StreamingFile (6)
[2017.11.19-20.45.28:523][156]LogModuleManager: Shutting down and abandoning module SandboxFile (4)
[2017.11.19-20.45.28:523][156]LogModuleManager: Shutting down and abandoning module PakFile (2)
[2017.11.19-20.45.28:678][156]LogExit: Exiting.
[2017.11.19-20.45.28:689][156]Log file closed, 11/19/17 21:45:28
