Log file open, 11/20/17 21:25:53
LogWindows: Failed to load 'aqProf.dll' (GetLastError=126)
LogWindows: File 'aqProf.dll' does not exist
LogWindows: Failed to load 'VtuneApi.dll' (GetLastError=126)
LogWindows: File 'VtuneApi.dll' does not exist
LogWindows: Failed to load 'VtuneApi32e.dll' (GetLastError=126)
LogWindows: File 'VtuneApi32e.dll' does not exist
LogInit: Display: Running engine for game: TwinStickShooter
LogPlatformFile: Not using cached read wrapper
LogInit: Display: RandInit(1175979151) SRandInit(1175979151).
LogInit: Read version file with build ID '3709383'
LogInit: Overriding engine version to CL 3754814, compatible CL 3709383
LogInit: Registered custom module enumerator with build ID '3709383'
LogTaskGraph: Started task graph with 5 named threads and 14 total threads with 3 sets of task threads.
LogStats: Stats thread started at 4.934562
LogD3D11RHI: Aftermath initialized
LogModuleManager: Display: Found up-to-date module file ../../../Engine/Plugins/2D/Paper2D/Binaries/Win64/UE4Editor-Paper2D.dll (API version 3709383).
LogModuleManager: Display: Found up-to-date module file ../../../Engine/Plugins/2D/Paper2D/Binaries/Win64/UE4Editor-Paper2DEditor.dll (API version 3709383).
LogModuleManager: Display: Found up-to-date module file ../../../Engine/Plugins/2D/Paper2D/Binaries/Win64/UE4Editor-PaperSpriteSheetImporter.dll (API version 3709383).
LogModuleManager: Display: Found up-to-date module file ../../../Engine/Plugins/2D/Paper2D/Binaries/Win64/UE4Editor-PaperTiledImporter.dll (API version 3709383).
LogModuleManager: Display: Found up-to-date module file ../../../Engine/Plugins/2D/Paper2D/Binaries/Win64/UE4Editor-SmartSnapping.dll (API version 3709383).
LogModuleManager: Display: Found up-to-date module file ../../../Engine/Plugins/Blendables/LightPropagationVolume/Binaries/Win64/UE4Editor-LightPropagationVolumeRuntime.dll (API version 3709383).
LogModuleManager: Display: Found up-to-date module file ../../../Engine/Plugins/Blendables/LightPropagationVolume/Binaries/Win64/UE4Editor-LightPropagationVolumeEditor.dll (API version 3709383).
LogModuleManager: Display: Found up-to-date module file ../../../Engine/Plugins/Developer/GitSourceControl/Binaries/Win64/UE4Editor-GitSourceControl.dll (API version 3709383).
LogModuleManager: Display: Found up-to-date module file ../../../Engine/Plugins/Developer/PerforceSourceControl/Binaries/Win64/UE4Editor-PerforceSourceControl.dll (API version 3709383).
LogModuleManager: Display: Found up-to-date module file ../../../Engine/Plugins/Developer/SubversionSourceControl/Binaries/Win64/UE4Editor-SubversionSourceControl.dll (API version 3709383).
LogModuleManager: Display: Found up-to-date module file ../../../Engine/Plugins/Developer/UObjectPlugin/Binaries/Win64/UE4Editor-UObjectPlugin.dll (API version 3709383).
LogModuleManager: Display: Found up-to-date module file ../../../Engine/Plugins/Developer/VisualStudioCodeSourceCodeAccess/Binaries/Win64/UE4Editor-VisualStudioCodeSourceCodeAccess.dll (API version 3709383).
LogModuleManager: Display: Found up-to-date module file ../../../Engine/Plugins/Developer/VisualStudioSourceCodeAccess/Binaries/Win64/UE4Editor-VisualStudioSourceCodeAccess.dll (API version 3709383).
LogModuleManager: Display: Found up-to-date module file ../../../Engine/Plugins/Editor/AssetManagerEditor/Binaries/Win64/UE4Editor-AssetManagerEditor.dll (API version 3709383).
LogModuleManager: Display: Found up-to-date module file ../../../Engine/Plugins/Editor/AudioCapture/Binaries/Win64/UE4Editor-AudioCapture.dll (API version 3709383).
LogModuleManager: Display: Found up-to-date module file ../../../Engine/Plugins/Editor/FacialAnimation/Binaries/Win64/UE4Editor-FacialAnimation.dll (API version 3709383).
LogModuleManager: Display: Found up-to-date module file ../../../Engine/Plugins/Editor/FacialAnimation/Binaries/Win64/UE4Editor-FacialAnimationEditor.dll (API version 3709383).
LogModuleManager: Display: Found up-to-date module file ../../../Engine/Plugins/Editor/GameplayTagsEditor/Binaries/Win64/UE4Editor-GameplayTagsEditor.dll (API version 3709383).
LogModuleManager: Display: Found up-to-date module file ../../../Engine/Plugins/Editor/MobileLauncherProfileWizard/Binaries/Win64/UE4Editor-MobileLauncherProfileWizard.dll (API version 3709383).
LogModuleManager: Display: Found up-to-date module file ../../../Engine/Plugins/Editor/PluginBrowser/Binaries/Win64/UE4Editor-PluginBrowser.dll (API version 3709383).
LogModuleManager: Display: Found up-to-date module file ../../../Engine/Plugins/Editor/SpeedTreeImporter/Binaries/Win64/UE4Editor-SpeedTreeImporter.dll (API version 3709383).
LogModuleManager: Display: Found up-to-date module file ../../../Engine/Plugins/Experimental/AlembicImporter/Binaries/Win64/UE4Editor-AlembicImporter.dll (API version 3709383).
LogModuleManager: Display: Found up-to-date module file ../../../Engine/Plugins/Experimental/AlembicImporter/Binaries/Win64/UE4Editor-AlembicLibrary.dll (API version 3709383).
LogModuleManager: Display: Found up-to-date module file ../../../Engine/Plugins/Experimental/CharacterAI/Binaries/Win64/UE4Editor-CharacterAI.dll (API version 3709383).
LogModuleManager: Display: Found up-to-date module file ../../../Engine/Plugins/Experimental/HTML5Networking/Binaries/Win64/UE4Editor-HTML5Networking.dll (API version 3709383).
LogModuleManager: Display: Found up-to-date module file ../../../Engine/Plugins/Media/AndroidMedia/Binaries/Win64/UE4Editor-AndroidMediaEditor.dll (API version 3709383).
LogModuleManager: Display: Found up-to-date module file ../../../Engine/Plugins/Media/AndroidMedia/Binaries/Win64/UE4Editor-AndroidMediaFactory.dll (API version 3709383).
LogModuleManager: Display: Found up-to-date module file ../../../Engine/Plugins/Media/AvfMedia/Binaries/Win64/UE4Editor-AvfMediaEditor.dll (API version 3709383).
LogModuleManager: Display: Found up-to-date module file ../../../Engine/Plugins/Media/AvfMedia/Binaries/Win64/UE4Editor-AvfMediaFactory.dll (API version 3709383).
LogModuleManager: Display: Found up-to-date module file ../../../Engine/Plugins/Media/AvfMedia/Binaries/Win64/UE4Editor-AvfMediaFactory.dll (API version 3709383).
LogModuleManager: Display: Found up-to-date module file ../../../Engine/Plugins/Media/ImgMedia/Binaries/Win64/UE4Editor-ImgMedia.dll (API version 3709383).
LogModuleManager: Display: Found up-to-date module file ../../../Engine/Plugins/Media/ImgMedia/Binaries/Win64/UE4Editor-ImgMediaEditor.dll (API version 3709383).
LogModuleManager: Display: Found up-to-date module file ../../../Engine/Plugins/Media/ImgMedia/Binaries/Win64/UE4Editor-ImgMediaFactory.dll (API version 3709383).
LogModuleManager: Display: Found up-to-date module file ../../../Engine/Plugins/Media/ImgMedia/Binaries/Win64/UE4Editor-ImgMediaFactory.dll (API version 3709383).
LogModuleManager: Display: Found up-to-date module file ../../../Engine/Plugins/Media/ImgMedia/Binaries/Win64/UE4Editor-OpenExrWrapper.dll (API version 3709383).
LogModuleManager: Display: Found up-to-date module file ../../../Engine/Plugins/Media/MediaCompositing/Binaries/Win64/UE4Editor-MediaCompositing.dll (API version 3709383).
LogModuleManager: Display: Found up-to-date module file ../../../Engine/Plugins/Media/MediaCompositing/Binaries/Win64/UE4Editor-MediaCompositingEditor.dll (API version 3709383).
LogModuleManager: Display: Found up-to-date module file ../../../Engine/Plugins/Media/MediaPlayerEditor/Binaries/Win64/UE4Editor-MediaPlayerEditor.dll (API version 3709383).
LogModuleManager: Display: Found up-to-date module file ../../../Engine/Plugins/Media/WmfMedia/Binaries/Win64/UE4Editor-WmfMedia.dll (API version 3709383).
LogModuleManager: Display: Found up-to-date module file ../../../Engine/Plugins/Media/WmfMedia/Binaries/Win64/UE4Editor-WmfMediaEditor.dll (API version 3709383).
LogModuleManager: Display: Found up-to-date module file ../../../Engine/Plugins/Media/WmfMedia/Binaries/Win64/UE4Editor-WmfMediaFactory.dll (API version 3709383).
LogModuleManager: Display: Found up-to-date module file ../../../Engine/Plugins/Media/WmfMedia/Binaries/Win64/UE4Editor-WmfMediaFactory.dll (API version 3709383).
LogModuleManager: Display: Found up-to-date module file ../../../Engine/Plugins/Messaging/TcpMessaging/Binaries/Win64/UE4Editor-TcpMessaging.dll (API version 3709383).
LogModuleManager: Display: Found up-to-date module file ../../../Engine/Plugins/Messaging/UdpMessaging/Binaries/Win64/UE4Editor-UdpMessaging.dll (API version 3709383).
LogModuleManager: Display: Found up-to-date module file ../../../Engine/Plugins/MovieScene/ActorSequence/Binaries/Win64/UE4Editor-ActorSequence.dll (API version 3709383).
LogModuleManager: Display: Found up-to-date module file ../../../Engine/Plugins/MovieScene/LevelSequenceEditor/Binaries/Win64/UE4Editor-LevelSequenceEditor.dll (API version 3709383).
LogModuleManager: Display: Found up-to-date module file ../../../Engine/Plugins/MovieScene/MatineeToLevelSequence/Binaries/Win64/UE4Editor-MatineeToLevelSequence.dll (API version 3709383).
LogModuleManager: Display: Found up-to-date module file ../../../Engine/Plugins/Online/OnlineSubsystem/Binaries/Win64/UE4Editor-OnlineSubsystem.dll (API version 3709383).
LogModuleManager: Display: Found up-to-date module file ../../../Engine/Plugins/Runtime/AndroidPermission/Binaries/Win64/UE4Editor-AndroidPermission.dll (API version 3709383).
LogModuleManager: Display: Found up-to-date module file ../../../Engine/Plugins/Online/OnlineSubsystemNull/Binaries/Win64/UE4Editor-OnlineSubsystemNull.dll (API version 3709383).
LogModuleManager: Display: Found up-to-date module file ../../../Engine/Plugins/Online/OnlineSubsystemUtils/Binaries/Win64/UE4Editor-OnlineSubsystemUtils.dll (API version 3709383).
LogModuleManager: Display: Found up-to-date module file ../../../Engine/Plugins/Online/OnlineSubsystemUtils/Binaries/Win64/UE4Editor-OnlineBlueprintSupport.dll (API version 3709383).
LogModuleManager: Display: Found up-to-date module file ../../../Engine/Plugins/Runtime/AndroidDeviceProfileSelector/Binaries/Win64/UE4Editor-AndroidDeviceProfileSelector.dll (API version 3709383).
LogModuleManager: Display: Found up-to-date module file ../../../Engine/Plugins/Runtime/AppleARKit/Binaries/Win64/UE4Editor-AppleARKit.dll (API version 3709383).
LogModuleManager: Display: Found up-to-date module file ../../../Engine/Plugins/Runtime/ArchVisCharacter/Binaries/Win64/UE4Editor-ArchVisCharacter.dll (API version 3709383).
LogModuleManager: Display: Found up-to-date module file ../../../Engine/Plugins/Runtime/CableComponent/Binaries/Win64/UE4Editor-CableComponent.dll (API version 3709383).
LogModuleManager: Display: Found up-to-date module file ../../../Engine/Plugins/Runtime/CustomMeshComponent/Binaries/Win64/UE4Editor-CustomMeshComponent.dll (API version 3709383).
LogModuleManager: Display: Found up-to-date module file ../../../Engine/Plugins/Runtime/ExampleDeviceProfileSelector/Binaries/Win64/UE4Editor-ExampleDeviceProfileSelector.dll (API version 3709383).
LogModuleManager: Display: Found up-to-date module file ../../../Engine/Plugins/Runtime/ImmediatePhysics/Binaries/Win64/UE4Editor-ImmediatePhysics.dll (API version 3709383).
LogModuleManager: Display: Found up-to-date module file ../../../Engine/Plugins/Runtime/ImmediatePhysics/Binaries/Win64/UE4Editor-ImmediatePhysicsEditor.dll (API version 3709383).
LogModuleManager: Display: Found up-to-date module file ../../../Engine/Plugins/Runtime/LocationServicesBPLibrary/Binaries/Win64/UE4Editor-LocationServicesBPLibrary.dll (API version 3709383).
LogModuleManager: Display: Found up-to-date module file ../../../Engine/Plugins/Runtime/MobilePatchingUtils/Binaries/Win64/UE4Editor-MobilePatchingUtils.dll (API version 3709383).
LogModuleManager: Display: Found up-to-date module file ../../../Engine/Plugins/Runtime/Oculus/OculusVR/Binaries/Win64/UE4Editor-OculusHMD.dll (API version 3709383).
LogModuleManager: Display: Found up-to-date module file ../../../Engine/Plugins/Runtime/Oculus/OculusVR/Binaries/Win64/UE4Editor-OculusInput.dll (API version 3709383).
LogModuleManager: Display: Found up-to-date module file ../../../Engine/Plugins/Runtime/Oculus/OculusVR/Binaries/Win64/UE4Editor-OculusEditor.dll (API version 3709383).
LogModuleManager: Display: Found up-to-date module file ../../../Engine/Plugins/Runtime/PhysXVehicles/Binaries/Win64/UE4Editor-PhysXVehicles.dll (API version 3709383).
LogModuleManager: Display: Found up-to-date module file ../../../Engine/Plugins/Runtime/PhysXVehicles/Binaries/Win64/UE4Editor-PhysXVehiclesEditor.dll (API version 3709383).
LogModuleManager: Display: Found up-to-date module file ../../../Engine/Plugins/Runtime/ProceduralMeshComponent/Binaries/Win64/UE4Editor-ProceduralMeshComponent.dll (API version 3709383).
LogModuleManager: Display: Found up-to-date module file ../../../Engine/Plugins/Runtime/ProceduralMeshComponent/Binaries/Win64/UE4Editor-ProceduralMeshComponentEditor.dll (API version 3709383).
LogModuleManager: Display: Found up-to-date module file ../../../Engine/Plugins/Runtime/RuntimePhysXCooking/Binaries/Win64/UE4Editor-RuntimePhysXCooking.dll (API version 3709383).
LogModuleManager: Display: Found up-to-date module file ../../../Engine/Plugins/Runtime/Steam/SteamVR/Binaries/Win64/UE4Editor-SteamVR.dll (API version 3709383).
LogModuleManager: Display: Found up-to-date module file ../../../Engine/Plugins/Runtime/Steam/SteamVR/Binaries/Win64/UE4Editor-SteamVRController.dll (API version 3709383).
LogModuleManager: Display: Found up-to-date module file ../../../Engine/Plugins/Runtime/WindowsMoviePlayer/Binaries/Win64/UE4Editor-WindowsMoviePlayer.dll (API version 3709383).
LogPluginManager: Mounting plugin Paper2D
LogPluginManager: Mounting plugin LightPropagationVolume
LogPluginManager: Mounting plugin CodeLiteSourceCodeAccess
LogPluginManager: Mounting plugin GitSourceControl
LogPluginManager: Mounting plugin KDevelopSourceCodeAccess
LogPluginManager: Mounting plugin NullSourceCodeAccess
LogPluginManager: Mounting plugin PerforceSourceControl
LogPluginManager: Mounting plugin SubversionSourceControl
LogPluginManager: Mounting plugin UObjectPlugin
LogPluginManager: Mounting plugin VisualStudioCodeSourceCodeAccess
LogPluginManager: Mounting plugin VisualStudioSourceCodeAccess
LogPluginManager: Mounting plugin XCodeSourceCodeAccess
LogPluginManager: Mounting plugin AssetManagerEditor
LogPluginManager: Mounting plugin AudioCapture
LogPluginManager: Mounting plugin FacialAnimation
LogPluginManager: Mounting plugin GameplayTagsEditor
LogPluginManager: Mounting plugin MobileLauncherProfileWizard
LogPluginManager: Mounting plugin PluginBrowser
LogPluginManager: Mounting plugin SpeedTreeImporter
LogPluginManager: Mounting plugin AlembicImporter
LogPluginManager: Mounting plugin CharacterAI
LogPluginManager: Mounting plugin HTML5Networking
LogPluginManager: Mounting plugin AndroidMedia
LogPluginManager: Mounting plugin AvfMedia
LogPluginManager: Mounting plugin ImgMedia
LogPluginManager: Mounting plugin MediaCompositing
LogPluginManager: Mounting plugin MediaPlayerEditor
LogPluginManager: Mounting plugin WmfMedia
LogPluginManager: Mounting plugin TcpMessaging
LogPluginManager: Mounting plugin UdpMessaging
LogPluginManager: Mounting plugin ActorSequence
LogPluginManager: Mounting plugin LevelSequenceEditor
LogPluginManager: Mounting plugin MatineeToLevelSequence
LogPluginManager: Mounting plugin OnlineSubsystemGooglePlay
LogPluginManager: Mounting plugin OnlineSubsystemIOS
LogPluginManager: Mounting plugin OnlineSubsystem
LogPluginManager: Mounting plugin OnlineSubsystemNull
LogPluginManager: Mounting plugin OnlineSubsystemUtils
LogPluginManager: Mounting plugin AndroidDeviceProfileSelector
LogPluginManager: Mounting plugin AndroidMoviePlayer
LogPluginManager: Mounting plugin AndroidPermission
LogPluginManager: Mounting plugin AppleARKit
LogPluginManager: Mounting plugin AppleMoviePlayer
LogPluginManager: Mounting plugin ArchVisCharacter
LogPluginManager: Mounting plugin CableComponent
LogPluginManager: Mounting plugin CustomMeshComponent
LogPluginManager: Mounting plugin ExampleDeviceProfileSelector
LogPluginManager: Mounting plugin GoogleCloudMessaging
LogPluginManager: Mounting plugin ImmediatePhysics
LogPluginManager: Mounting plugin IOSDeviceProfileSelector
LogPluginManager: Mounting plugin LinuxDeviceProfileSelector
LogPluginManager: Mounting plugin LocationServicesBPLibrary
LogPluginManager: Mounting plugin MobilePatchingUtils
LogPluginManager: Mounting plugin OculusVR
LogPluginManager: Plugin shader directory ../../../Engine/Plugins/Runtime/Oculus/OculusVR/Shaders found
LogPluginManager: Mapping shader source directory ../../../Engine/Plugins/Runtime/Oculus/OculusVR/Shaders to virtual directory /Plugin/OculusVR
LogPluginManager: Mounting plugin PhysXVehicles
LogPluginManager: Mounting plugin ProceduralMeshComponent
LogPluginManager: Mounting plugin RuntimePhysXCooking
LogPluginManager: Mounting plugin SteamVR
LogPluginManager: Mounting plugin WindowsMoviePlayer
LogInit: Using libcurl 7.47.1
LogInit:  - built for x86_64-pc-win32
LogInit:  - supports SSL with OpenSSL/1.0.2g
LogInit:  - supports HTTP deflate (compression) using libz 1.2.8
LogInit:  - other features:
LogInit:      CURL_VERSION_SSL
LogInit:      CURL_VERSION_LIBZ
LogInit:      CURL_VERSION_IPV6
LogInit:      CURL_VERSION_ASYNCHDNS
LogInit:      CURL_VERSION_LARGEFILE
LogInit:      CURL_VERSION_IDN
LogInit:  CurlRequestOptions (configurable via config and command line):
LogInit:  - bVerifyPeer = false  - Libcurl will NOT verify peer certificate
LogInit:  - bUseHttpProxy = false  - Libcurl will NOT use HTTP proxy
LogInit:  - bDontReuseConnections = false  - Libcurl will reuse connections
LogInit:  - CertBundlePath = nullptr  - Libcurl will use whatever was configured at build time.
LogInit: Build: ++UE4+Release-4.18-CL-3754814
LogInit: Engine Version: 4.18.1-3754814+++UE4+Release-4.18
LogInit: Compatible Engine Version: 4.18.0-3709383+++UE4+Release-4.18
LogInit: Net CL: 3709383
LogDevObjectVersion: Number of dev versions registered: 16
LogDevObjectVersion:   Dev-Blueprints (B0D832E4-1F89-4F0D-ACCF-7EB736FD4AA2): 10
LogDevObjectVersion:   Dev-Build (E1C64328-A22C-4D53-A36C-8E866417BD8C): 0
LogDevObjectVersion:   Dev-Core (375EC13C-06E4-48FB-B500-84F0262A717E): 2
LogDevObjectVersion:   Dev-Editor (E4B068ED-F494-42E9-A231-DA0B2E46BB41): 20
LogDevObjectVersion:   Dev-Framework (CFFC743F-43B0-4480-9391-14DF171D2073): 30
LogDevObjectVersion:   Dev-Mobile (B02B49B5-BB20-44E9-A304-32B752E40360): 0
LogDevObjectVersion:   Dev-Networking (A4E4105C-59A1-49B5-A7C5-40C4547EDFEE): 0
LogDevObjectVersion:   Dev-Online (39C831C9-5AE6-47DC-9A44-9C173E1C8E7C): 0
LogDevObjectVersion:   Dev-Physics (78F01B33-EBEA-4F98-B9B4-84EACCB95AA2): 0
LogDevObjectVersion:   Dev-Platform (6631380F-2D4D-43E0-8009-CF276956A95A): 0
LogDevObjectVersion:   Dev-Rendering (12F88B9F-8875-4AFC-A67C-D90C383ABD29): 20
LogDevObjectVersion:   Dev-Sequencer (7B5AE74C-D270-4C10-A958-57980B212A5A): 4
LogDevObjectVersion:   Dev-VR (D7296918-1DD6-4BDD-9DE2-64A83CC13884): 0
LogDevObjectVersion:   Dev-LoadTimes (C2A15278-BFE7-4AFE-6C17-90FF531DF755): 1
LogDevObjectVersion:   Private-Geometry (6EACA3D4-40EC-4CC1-B786-8BED09428FC5): 1
LogDevObjectVersion:   Dev-AnimPhys (29E575DD-E0A3-4627-9D10-D276232CDCEA): 12
LogInit: Compiled (64-bit): Nov 14 2017 02:05:55
LogInit: Compiled with Visual C++: 19.00.24215.01
LogInit: Build Configuration: Development
LogInit: Branch Name: ++UE4+Release-4.18
LogInit: Command line:  
LogInit: Base directory: D:/Programme/UnrealEngine4/UE_4.18/Engine/Binaries/Win64/
LogInit: Installed Engine Build: 1
LogInit: Presizing for max 8388607 objects, including 0 objects not considered by GC, pre-allocating 0 bytes for permanent pool.
LogInit: Object subsystem initialized
[2017.11.20-20.25.58:618][  0]LogInit: Selected Device Profile: [Windows]
[2017.11.20-20.25.58:618][  0]LogInit: Applying CVar settings loaded from the selected device profile: [Windows]
[2017.11.20-20.25.58:810][  0]LogInit: Computer: DESKTOP-HG70O20
[2017.11.20-20.25.58:810][  0]LogInit: User: Felix
[2017.11.20-20.25.58:810][  0]LogInit: CPU Page size=4096, Cores=4
[2017.11.20-20.25.58:810][  0]LogInit: High frequency timer resolution =3.319354 MHz
[2017.11.20-20.25.58:810][  0]LogMemory: Memory total: Physical=15.9GB (16GB approx)
[2017.11.20-20.25.58:810][  0]LogMemory: Platform Memory Stats for Windows
[2017.11.20-20.25.58:810][  0]LogMemory: Process Physical Memory: 272.73 MB used, 272.73 MB peak
[2017.11.20-20.25.58:810][  0]LogMemory: Process Virtual Memory: 271.77 MB used, 271.77 MB peak
[2017.11.20-20.25.58:810][  0]LogMemory: Physical Memory: 12285.32 MB used,  4047.11 MB free, 16332.44 MB total
[2017.11.20-20.25.58:810][  0]LogMemory: Virtual Memory: 645.78 MB used,  4047.11 MB free, 134217728.00 MB total
[2017.11.20-20.26.00:019][  0]LogInit: Using OS detected language (de-DE).
[2017.11.20-20.26.00:020][  0]LogInit: Using OS detected locale (de-DE).
[2017.11.20-20.26.00:433][  0]LogTextLocalizationManager: No localization for 'de-DE' exists, so 'en' will be used for the language.
[2017.11.20-20.26.00:433][  0]LogTextLocalizationManager: No localization for 'de-DE' exists, so 'en' will be used for the locale.
[2017.11.20-20.26.01:500][  0]LogInit: Setting process to per monitor DPI aware
[2017.11.20-20.26.05:993][  0]LogD3D11RHI: D3D11 adapters:
[2017.11.20-20.26.06:058][  0]LogD3D11RHI:    0. 'NVIDIA GeForce GTX 760' (Feature Level 11_0)
[2017.11.20-20.26.06:058][  0]LogD3D11RHI:       2017/0/8166 MB DedicatedVideo/DedicatedSystem/SharedSystem, Outputs:2, VendorId:0x10de
[2017.11.20-20.26.06:060][  0]LogD3D11RHI:    1. 'Microsoft Basic Render Driver' (Feature Level 11_0)
[2017.11.20-20.26.06:060][  0]LogD3D11RHI:       0/0/8166 MB DedicatedVideo/DedicatedSystem/SharedSystem, Outputs:0, VendorId:0x1414
[2017.11.20-20.26.06:060][  0]LogD3D11RHI: Chosen D3D11 Adapter: 0
[2017.11.20-20.26.06:095][  0]LogD3D11RHI: Creating new Direct3DDevice
[2017.11.20-20.26.06:095][  0]LogD3D11RHI:     GPU DeviceId: 0x1187 (for the marketing name, search the web for "GPU Device Id")
[2017.11.20-20.26.06:095][  0]LogWindows: EnumDisplayDevices:
[2017.11.20-20.26.06:095][  0]LogWindows:    0. 'NVIDIA GeForce GTX 760' (P:1 D:1)
[2017.11.20-20.26.06:095][  0]LogWindows:    1. 'NVIDIA GeForce GTX 760' (P:0 D:1)
[2017.11.20-20.26.06:095][  0]LogWindows:    2. 'NVIDIA GeForce GTX 760' (P:0 D:0)
[2017.11.20-20.26.06:095][  0]LogWindows:    3. 'NVIDIA GeForce GTX 760' (P:0 D:0)
[2017.11.20-20.26.06:095][  0]LogWindows: DebugString: FoundDriverCount:4 
[2017.11.20-20.26.06:095][  0]LogD3D11RHI:     Adapter Name: NVIDIA GeForce GTX 760
[2017.11.20-20.26.06:096][  0]LogD3D11RHI:   Driver Version: 388.13 (internal:23.21.13.8813, unified:388.13)
[2017.11.20-20.26.06:096][  0]LogD3D11RHI:      Driver Date: 10-27-2017
[2017.11.20-20.26.06:096][  0]LogRHI: Texture pool is 1412 MB (70% of 2017 MB)
[2017.11.20-20.26.06:165][  0]LogD3D11RHI: Async texture creation enabled
[2017.11.20-20.26.06:636][  0]LogD3D11RHI: GPU Timing Frequency: 1000.000000 (Debug: 2 1)
[2017.11.20-20.26.06:890][  0]LogShaderCompilers: Guid format shader working directory is -26 characters bigger than the processId version (../../../../../../UnrealProjekte/TwinStickShooter/TwinStickShooter 4.18/Intermediate/Shaders/WorkingDirectory/10396/).
[2017.11.20-20.26.06:890][  0]LogShaderCompilers: Cleaned the shader compiler working directory 'C:/Users/Felix/AppData/Local/Temp/UnrealShaderWorkingDir/D03C0DD14F18D1457FA4888C2E4B06B9/'.
[2017.11.20-20.26.06:896][  0]LogShaderCompilers: Display: Using Local Shader Compiler.
[2017.11.20-20.26.11:262][  0]LogTemp: Display: Loaded TP AllDesktopTargetPlatform
[2017.11.20-20.26.11:302][  0]LogTemp: Display: Loaded TP MacClientTargetPlatform
[2017.11.20-20.26.11:342][  0]LogTemp: Display: Loaded TP MacNoEditorTargetPlatform
[2017.11.20-20.26.11:381][  0]LogTemp: Display: Loaded TP MacServerTargetPlatform
[2017.11.20-20.26.11:447][  0]LogTemp: Display: Loaded TP MacTargetPlatform
[2017.11.20-20.26.11:487][  0]LogTemp: Display: Loaded TP WindowsClientTargetPlatform
[2017.11.20-20.26.11:526][  0]LogTemp: Display: Loaded TP WindowsNoEditorTargetPlatform
[2017.11.20-20.26.11:564][  0]LogTemp: Display: Loaded TP WindowsServerTargetPlatform
[2017.11.20-20.26.11:596][  0]LogTemp: Display: Loaded TP WindowsTargetPlatform
[2017.11.20-20.26.11:633][  0]LogTemp: Display: Loaded TP Android_ASTCTargetPlatform
[2017.11.20-20.26.11:672][  0]LogTemp: Display: Loaded TP Android_ATCTargetPlatform
[2017.11.20-20.26.11:710][  0]LogTemp: Display: Loaded TP Android_DXTTargetPlatform
[2017.11.20-20.26.11:748][  0]LogTemp: Display: Loaded TP Android_ETC1TargetPlatform
[2017.11.20-20.26.11:788][  0]LogTemp: Display: Loaded TP Android_ETC2TargetPlatform
[2017.11.20-20.26.11:864][  0]LogTemp: Display: Loaded TP Android_MultiTargetPlatform
[2017.11.20-20.26.11:864][  0]LogTemp: Display: Loaded TP Android_PVRTCTargetPlatform
[2017.11.20-20.26.11:931][  0]LogTemp: Display: Loaded TP AndroidTargetPlatform
[2017.11.20-20.26.11:992][  0]LogTemp: Display: Loaded TP HTML5TargetPlatform
[2017.11.20-20.26.12:204][  0]LogTemp: Display: Loaded TP IOSTargetPlatform
[2017.11.20-20.26.12:240][  0]LogTemp: Display: Loaded TP TVOSTargetPlatform
[2017.11.20-20.26.12:280][  0]LogTemp: Display: Loaded TP LinuxClientTargetPlatform
[2017.11.20-20.26.12:323][  0]LogTemp: Display: Loaded TP LinuxNoEditorTargetPlatform
[2017.11.20-20.26.12:362][  0]LogTemp: Display: Loaded TP LinuxServerTargetPlatform
[2017.11.20-20.26.12:428][  0]LogTemp: Display: Loaded TP LinuxTargetPlatform
[2017.11.20-20.26.12:428][  0]LogTargetPlatformManager: Display: Building Assets For Windows
[2017.11.20-20.26.14:537][  0]LogDerivedDataCache: Display: Max Cache Size: 512 MB
[2017.11.20-20.26.14:926][  0]LogDerivedDataCache: Loaded boot cache 0.39s 78MB C:/Users/Felix/AppData/Local/UnrealEngine/4.18/DerivedDataCache/Boot.ddc.
[2017.11.20-20.26.14:926][  0]LogDerivedDataCache: Display: Loaded Boot cache: C:/Users/Felix/AppData/Local/UnrealEngine/4.18/DerivedDataCache/Boot.ddc
[2017.11.20-20.26.14:926][  0]LogDerivedDataCache: FDerivedDataBackendGraph:  Pak pak cache file ../../../../../../UnrealProjekte/TwinStickShooter/TwinStickShooter 4.18/DerivedDataCache/DDC.ddp not found, will not use a pak cache.
[2017.11.20-20.26.14:926][  0]LogDerivedDataCache: Unable to find inner node Pak for hierarchical cache Hierarchy.
[2017.11.20-20.26.14:926][  0]LogDerivedDataCache: FDerivedDataBackendGraph:  CompressedPak pak cache file ../../../../../../UnrealProjekte/TwinStickShooter/TwinStickShooter 4.18/DerivedDataCache/Compressed.ddp not found, will not use a pak cache.
[2017.11.20-20.26.14:926][  0]LogDerivedDataCache: Unable to find inner node CompressedPak for hierarchical cache Hierarchy.
[2017.11.20-20.26.15:068][  0]LogDerivedDataCache: Display: Pak cache opened for reading ../../../Engine/DerivedDataCache/Compressed.ddp.
[2017.11.20-20.26.15:081][  0]LogDerivedDataCache: Using Local data cache path C:/Users/Felix/AppData/Local/UnrealEngine/Common/DerivedDataCache: Writable
[2017.11.20-20.26.15:201][  0]LogMaterial: Verifying Global Shaders for PCD3D_SM5
[2017.11.20-20.26.15:326][  0]LogSlate: Using Freetype 2.6.0
[2017.11.20-20.26.15:453][  0]LogSlate: SlateFontCache - WITH_FREETYPE: 1, WITH_HARFBUZZ: 1
[2017.11.20-20.26.15:484][  0]LogSlate: SlateFontCache - WITH_FREETYPE: 1, WITH_HARFBUZZ: 1
[2017.11.20-20.26.28:180][  0]LogInit: Selected Device Profile: [Windows]
[2017.11.20-20.26.30:784][  0]LogSimplygon: Simplygon DLL not present - disabling.
[2017.11.20-20.26.30:865][  0]LogMeshReduction: Using SimplygonSwarm for distributed automatic mesh merging
[2017.11.20-20.26.30:877][  0]LogMeshReduction: Using QuadricMeshReduction for automatic static mesh reduction
[2017.11.20-20.26.30:877][  0]LogMeshReduction: No automatic skeletal mesh reduction module available
[2017.11.20-20.26.30:877][  0]LogMeshReduction: No automatic mesh merging module available
[2017.11.20-20.26.30:877][  0]LogMeshMerging: No automatic mesh merging module available
[2017.11.20-20.26.31:673][  0]LogNetVersion: TwinStickShooter , NetCL: 3709383, EngineNetVer: 2, GameNetVer: 0 (Checksum: 4163484994)
[2017.11.20-20.26.34:442][  0]LogAssetRegistry: FAssetRegistry took 0.0427 seconds to start up
[2017.11.20-20.26.43:310][  0]LogPackageLocalizationCache: Processed 7 localized package path(s) for 1 prioritized culture(s) in 0.210845 seconds
[2017.11.20-20.26.43:336][  0]LogUObjectArray: 35900 objects as part of root set at end of initial load.
[2017.11.20-20.26.43:336][  0]LogUObjectAllocator: 7372024 out of 0 bytes used by permanent object pool.
[2017.11.20-20.26.43:336][  0]LogUObjectArray: CloseDisregardForGC: 0/0 objects in disregard for GC pool
[2017.11.20-20.26.43:394][  0]LogInit: WinSock: version 1.1 (2.2), MaxSocks=32767, MaxUdp=65467
[2017.11.20-20.27.10:758][  0]LogTcpMessaging: Initializing TcpMessaging bridge
[2017.11.20-20.27.10:807][  0]LogUdpMessaging: Initializing bridge on interface 0.0.0.0:0 to multicast group 230.0.0.1:6666.
[2017.11.20-20.27.12:539][  0]LogMaterial: Uniform references updated for custom material expression Custom.
[2017.11.20-20.27.13:840][  0]SourceControl: Source control is disabled
[2017.11.20-20.27.13:859][  0]SourceControl: Source control is disabled
[2017.11.20-20.27.13:923][  0]SourceControl: Source control is disabled
[2017.11.20-20.27.13:967][  0]SourceControl: Source control is disabled
[2017.11.20-20.27.14:994][  0]LogAndroidPermission: UAndroidPermissionCallbackProxy::GetInstance
[2017.11.20-20.27.15:190][  0]LogOcInput: OculusInput pre-init called
[2017.11.20-20.27.16:238][  0]LogEngine: Initializing Engine...
[2017.11.20-20.27.16:277][  0]LogHMD: Failed to initialize OpenVR with code 110
[2017.11.20-20.27.17:563][  0]LogStats: UGameplayTagsManager::ConstructGameplayTagTree: Construct from data asset -  0.000 s
[2017.11.20-20.27.17:563][  0]LogStats: UGameplayTagsManager::ConstructGameplayTagTree: GameplayTagTreeChangedEvent.Broadcast -  0.000 s
[2017.11.20-20.27.18:004][  0]LogAIModule: Creating AISystem for world Untitled
[2017.11.20-20.27.18:229][  0]LogInit: XAudio2 using 'Lautsprecher (USB PnP Sound Device)' : 2 channels at 44.1 kHz using 16 bits per sample (channel mask 0x3)
[2017.11.20-20.27.18:248][  0]LogInit: FAudioDevice initialized.
[2017.11.20-20.27.18:337][  0]LogDerivedDataCache: Saved boot cache 0.09s 78MB C:/Users/Felix/AppData/Local/UnrealEngine/4.18/DerivedDataCache/Boot.ddc.
[2017.11.20-20.27.18:354][  0]LogInit: Texture streaming: Enabled
[2017.11.20-20.27.18:481][  0]LogEngineSessionManager: EngineSessionManager initialized
[2017.11.20-20.27.18:709][  0]LogInit: Transaction tracking system initialized
[2017.11.20-20.27.19:437][  0]BlueprintLog: New page: Editor Load
[2017.11.20-20.27.21:932][  0]LocalizationService: Localization service is disabled
[2017.11.20-20.27.23:681][  0]LogConsoleResponse: Display: 
[2017.11.20-20.27.29:332][  0]LogFileCache: Scanning file cache for directory 'D:/UnrealProjekte/TwinStickShooter/TwinStickShooter 4.18/Content/' took 0.05s
[2017.11.20-20.27.29:332][  0]LogCook: Display: Max memory allowance for cook 16384mb min free memory 0mb
[2017.11.20-20.27.29:332][  0]LogCook: Display: Mobile HDR setting 1
[2017.11.20-20.27.29:353][  0]LogGameplayTags: Display: UGameplayTagsManager::DoneAddingNativeTags. DelegateIsBound: 0
[2017.11.20-20.27.33:884][  0]SourceControl: Source control is disabled
[2017.11.20-20.27.34:119][  0]Cmd: MAP LOAD FILE="../../../../../../UnrealProjekte/TwinStickShooter/TwinStickShooter 4.18/Content/ThirdPersonBP/Maps/ThirdPersonExampleMap.umap" TEMPLATE=0 SHOWPROGRESS=1 FEATURELEVEL=3
[2017.11.20-20.27.34:326][  0]LightingResults: New page: Lighting Build
[2017.11.20-20.27.34:831][  0]MapCheck: New page: Map Check
[2017.11.20-20.27.34:831][  0]LightingResults: New page: Lighting Build
[2017.11.20-20.27.40:021][  0]LogAIModule: Creating AISystem for world ThirdPersonExampleMap
[2017.11.20-20.27.41:239][  0]LogEditorServer: Finished looking for orphan Actors (0.000 secs)
[2017.11.20-20.27.41:521][  0]Cmd: MAP CHECKDEP NOCLEARLOG
[2017.11.20-20.27.41:582][  0]MapCheck: Map check complete: 0 Error(s), 0 Warning(s), took 60.334ms to complete.
[2017.11.20-20.27.41:582][  0]LogFileHelpers: Loading map 'ThirdPersonExampleMap' took 7.545
[2017.11.20-20.27.45:647][  0]LogCollectionManager: Loaded 0 collections in 0.013044 seconds
[2017.11.20-20.27.45:872][  0]LogFileCache: Scanning file cache for directory 'D:/UnrealProjekte/TwinStickShooter/TwinStickShooter 4.18/Saved/Collections/' took 0.01s
[2017.11.20-20.27.45:872][  0]LogFileCache: Scanning file cache for directory 'D:/UnrealProjekte/TwinStickShooter/TwinStickShooter 4.18/Content/Developers/Felix/Collections/' took 0.01s
[2017.11.20-20.27.45:872][  0]LogFileCache: Scanning file cache for directory 'D:/UnrealProjekte/TwinStickShooter/TwinStickShooter 4.18/Content/Collections/' took 0.01s
[2017.11.20-20.27.45:872][  0]LogCollectionManager: Rebuilt the GUID cache for 0 collections in 0.000000 seconds
[2017.11.20-20.27.45:891][  0]LogContentBrowser: Native class hierarchy populated in 0.0182 seconds. Added 2363 classes and 519 folders.
[2017.11.20-20.27.46:239][  0]LogContentBrowser: Native class hierarchy updated for 'WidgetCarousel' in 0.0004 seconds. Added 0 classes and 0 folders.
[2017.11.20-20.27.48:251][  0]LogContentBrowser: Native class hierarchy updated for 'AddContentDialog' in 0.0002 seconds. Added 0 classes and 0 folders.
[2017.11.20-20.27.48:483][  0]LogContentBrowser: Native class hierarchy updated for 'WorldBrowser' in 0.0005 seconds. Added 2 classes and 3 folders.
[2017.11.20-20.27.49:017][  0]LogContentBrowser: Native class hierarchy updated for 'SceneOutliner' in 0.0008 seconds. Added 1 classes and 2 folders.
[2017.11.20-20.27.49:878][  0]LogSlate: Took 0.041591 seconds to synchronously load lazily loaded font '../../../Engine/Content/Slate/Fonts/Roboto-Regular.ttf' (155K)
[2017.11.20-20.27.49:919][  0]LogSlate: Took 0.014754 seconds to synchronously load lazily loaded font '../../../Engine/Content/Slate/Fonts/Roboto-Bold.ttf' (160K)
[2017.11.20-20.27.49:980][  0]LogSlate: Took 0.018258 seconds to synchronously load lazily loaded font '../../../Engine/Content/Editor/Slate/Fonts/FontAwesome.ttf' (139K)
[2017.11.20-20.27.50:712][  0]LogRenderer: Reallocating scene render targets to support 1220x668 Format 10 NumSamples 1 (Frame:1).
[2017.11.20-20.27.51:540][  0]LogContentBrowser: Native class hierarchy updated for 'HierarchicalLODOutliner' in 0.0006 seconds. Added 1 classes and 2 folders.
[2017.11.20-20.27.51:540][  0]LogLoad: (Engine Initialization) Total time: 135.96 seconds
[2017.11.20-20.27.51:540][  0]LogLoad: (Engine Initialization) Total Blueprint compile time: 0.00 seconds
[2017.11.20-20.27.51:541][  0]LogExternalProfiler: Found external profiler: VSPerf
[2017.11.20-20.27.51:541][  0]LogExternalProfiler: Using external profiler: VSPerf
[2017.11.20-20.27.52:669][  0]LogContentStreaming: Texture pool size now 1000 MB
[2017.11.20-20.27.53:071][  0]LogSlate: Took 0.040033 seconds to synchronously load lazily loaded font '../../../Engine/Content/Slate/Fonts/Roboto-Light.ttf' (159K)
[2017.11.20-20.27.53:229][  1]LogAssetRegistry: Asset discovery search completed in 78.8095 seconds
[2017.11.20-20.27.53:231][  1]LogCollectionManager: Rebuilt the object cache for 0 collections in 0.000000 seconds (found 0 objects)
[2017.11.20-20.27.53:231][  1]LogCollectionManager: Fixed up redirectors for 0 collections in 0.000053 seconds (updated 0 objects)
[2017.11.20-20.31.02:517][  8]LogEditorViewport: Clicking on Actor (LMB): ThirdPersonCharacter_C (ThirdPersonCharacter)
[2017.11.20-20.31.05:018][  9]LogEditorViewport: Clicking on Actor (LMB): ThirdPersonCharacter_C (ThirdPersonCharacter)
[2017.11.20-20.31.08:379][295]LogSlate: Took 0.013668 seconds to synchronously load lazily loaded font '../../../Engine/Content/Slate/Fonts/Roboto-Light.ttf' (159K)
[2017.11.20-20.31.09:545][295]LogSlate: Took 0.032506 seconds to synchronously load lazily loaded font '../../../Engine/Content/Slate/Fonts/Roboto-Regular.ttf' (155K)
[2017.11.20-20.31.13:056][295]LogContentBrowser: Native class hierarchy updated for 'BlueprintGraph' in 0.0209 seconds. Added 116 classes and 0 folders.
[2017.11.20-20.31.17:365][295]LogSlate: Took 0.072216 seconds to synchronously load lazily loaded font '../../../Engine/Content/Editor/Slate/Fonts/Roboto-BoldCondensed.ttf' (158K)
[2017.11.20-20.31.18:551][296]LogSlate: Took 0.032947 seconds to synchronously load lazily loaded font '../../../Engine/Content/Editor/Slate/Fonts/Roboto-Italic.ttf' (157K)
[2017.11.20-20.31.24:266][497]LogContentBrowser: Native class hierarchy updated for 'SkeletonEditor' in 0.0003 seconds. Added 1 classes and 2 folders.
[2017.11.20-20.31.24:940][497]LogMaterial: Missing cached shader map for material M_SkyBox, compiling. 
[2017.11.20-20.31.25:687][497]LogActorComponent: RegisterComponentWithWorld: (/Engine/Transient.World_7:PersistentLevel.Actor_0.DebugSkelMeshComponent_0) Already registered. Aborting.
[2017.11.20-20.31.27:212][497]LogSkeletalMesh: USkeletalMeshComponent::InitArticulated : Bodies already created (/Engine/Transient.World_7:PersistentLevel.Actor_0.DebugSkelMeshComponent_0) - call TermArticulated first.
[2017.11.20-20.31.30:909][497]LogContentBrowser: Native class hierarchy updated for 'ClothingSystemEditorInterface' in 0.0002 seconds. Added 1 classes and 0 folders.
[2017.11.20-20.56.56:216][405]LogEditorViewport: Clicking on Actor (LMB): StaticMeshActor (CubeMesh)
[2017.11.20-21.01.54:145][698]Cmd: BRUSH ADD SELECTNEWBRUSH
[2017.11.20-21.02.04:856][689]Cmd: DELETE
[2017.11.20-21.02.04:856][689]Cmd: ACTOR DELETE
[2017.11.20-21.02.05:554][689]LogEditorActor: Deleted Actor: Brush
[2017.11.20-21.02.06:436][689]LogEditorActor: Deleted 1 Actors (1.099 secs)
[2017.11.20-21.02.09:248][985]Cmd: EDCALLBACK SURFPROPS
[2017.11.20-21.02.10:580][128]Cmd: EDCALLBACK SURFPROPS
[2017.11.20-21.02.11:243][200]Cmd: EDCALLBACK SURFPROPS
[2017.11.20-21.02.11:739][252]Cmd: EDCALLBACK SURFPROPS
[2017.11.20-21.02.12:042][281]Cmd: EDCALLBACK SURFPROPS
[2017.11.20-21.02.25:510][854]Cmd: DELETE
[2017.11.20-21.02.25:510][854]Cmd: ACTOR DELETE
[2017.11.20-21.02.25:512][854]LogEditorActor: Deleted Actor: Brush
[2017.11.20-21.02.25:528][854]LogEditorActor: Deleted 1 Actors (0.018 secs)
[2017.11.20-21.02.26:934][ 21]Cmd: TRANSACTION UNDO
[2017.11.20-21.02.26:935][ 21]LogEditorTransaction: Undo Delete Actors
[2017.11.20-21.02.27:198][ 21]LogSlate: Took 0.043195 seconds to synchronously load lazily loaded font '../../../Engine/Content/Slate/Fonts/Roboto-Light.ttf' (159K)
[2017.11.20-21.02.37:108][123]Cmd: EDCALLBACK SURFPROPS
[2017.11.20-21.02.37:393][150]Cmd: EDCALLBACK SURFPROPS
[2017.11.20-21.02.37:930][207]Cmd: EDCALLBACK SURFPROPS
[2017.11.20-21.02.38:449][262]Cmd: EDCALLBACK SURFPROPS
[2017.11.20-21.03.14:170][137]Cmd: EDCALLBACK SURFPROPS
[2017.11.20-21.03.14:499][169]Cmd: EDCALLBACK SURFPROPS
[2017.11.20-21.03.22:280][ 49]Cmd: DELETE
[2017.11.20-21.03.22:280][ 49]Cmd: ACTOR DELETE
[2017.11.20-21.03.22:282][ 49]LogEditorActor: Deleted Actor: Brush
[2017.11.20-21.03.22:300][ 49]LogEditorActor: Deleted 1 Actors (0.019 secs)
[2017.11.20-21.03.26:263][480]LogEditorViewport: Clicking on Actor (LMB): ThirdPersonCharacter_C (ThirdPersonCharacter)
[2017.11.20-21.03.32:636][760]LogRenderer: Reallocating scene render targets to support 1220x712 Format 10 NumSamples 1 (Frame:1).
[2017.11.20-21.04.44:075][813]LogSavePackage: Save=1272.18ms
[2017.11.20-21.04.44:075][813]LogSavePackage: Moving '../../../../../../UnrealProjekte/TwinStickShooter/TwinStickShooter 4.18/Saved/ThirdPersonExampleMap_Auto111E0BB8F457967B4DF4A77B6F2DB98D4.tmp' to '../../../../../../UnrealProjekte/TwinStickShooter/TwinStickShooter 4.18/Saved/Autosaves/Game/ThirdPersonBP/Maps/ThirdPersonExampleMap_Auto1.umap'
[2017.11.20-21.04.44:105][813]LogSavePackage: Display: Finished SavePackage ../../../../../../UnrealProjekte/TwinStickShooter/TwinStickShooter 4.18/Saved/Autosaves/Game/ThirdPersonBP/Maps/ThirdPersonExampleMap_Auto1.umap
[2017.11.20-21.04.44:128][813]LogFileHelpers: Editor autosave (incl. sublevels) for '/Game/ThirdPersonBP/Maps/ThirdPersonExampleMap' took 1.487
[2017.11.20-21.04.44:128][813]LogFileHelpers: Editor autosave (incl. sublevels) for all levels took 1.487
[2017.11.20-21.04.44:135][813]OBJ SavePackage: Generating thumbnails for [1] asset(s) in package [/Game/Player/Blueprint/ThirdPersonCharacter] ([1] browsable assets)...
[2017.11.20-21.04.44:215][813]OBJ SavePackage:     Rendered thumbnail for [Blueprint /Game/Player/Blueprint/ThirdPersonCharacter.ThirdPersonCharacter]
[2017.11.20-21.04.44:216][813]OBJ SavePackage: Finished generating thumbnails for package [/Game/Player/Blueprint/ThirdPersonCharacter]
[2017.11.20-21.04.44:396][813]LogSavePackage: Save=174.07ms
[2017.11.20-21.04.44:396][813]LogSavePackage: Moving '../../../../../../UnrealProjekte/TwinStickShooter/TwinStickShooter 4.18/Saved/ThirdPersonCharacter_Auto1E63F742345A6F4BCEF0029BEEA0E53BC.tmp' to '../../../../../../UnrealProjekte/TwinStickShooter/TwinStickShooter 4.18/Saved/Autosaves/Game/Player/Blueprint/ThirdPersonCharacter_Auto1.uasset'
[2017.11.20-21.04.44:397][813]LogSavePackage: Display: Finished SavePackage ../../../../../../UnrealProjekte/TwinStickShooter/TwinStickShooter 4.18/Saved/Autosaves/Game/Player/Blueprint/ThirdPersonCharacter_Auto1.uasset
[2017.11.20-21.04.44:397][813]LogFileHelpers: Auto-saving content packages took 0.264
